[0.423s] [34mcolcon[0m [1;30mDEBUG[0m [32mCommand line arguments: ['/usr/bin/colcon', 'build', '--packages-select', 'ros2_test_service'][0m
[0.423s] [34mcolcon[0m [1;30mDEBUG[0m [32mParsed command line arguments: Namespace(log_base=None, log_level=None, verb_name='build', build_base='build', install_base='install', merge_install=False, symlink_install=False, test_result_base=None, continue_on_error=False, executor='parallel', parallel_workers=32, event_handlers=None, ignore_user_meta=False, metas=['./colcon.meta'], base_paths=['.'], packages_ignore=None, packages_ignore_regex=None, paths=None, packages_up_to=None, packages_up_to_regex=None, packages_above=None, packages_above_and_dependencies=None, packages_above_depth=None, packages_select_by_dep=None, packages_skip_by_dep=None, packages_skip_up_to=None, packages_select_build_failed=False, packages_skip_build_finished=False, packages_select_test_failures=False, packages_skip_test_passed=False, packages_select=['ros2_test_service'], packages_skip=None, packages_select_regex=None, packages_skip_regex=None, packages_start=None, packages_end=None, allow_overriding=[], cmake_args=None, cmake_target=None, cmake_target_skip_unavailable=False, cmake_clean_cache=False, cmake_clean_first=False, cmake_force_configure=False, ament_cmake_args=None, catkin_cmake_args=None, catkin_skip_building_tests=False, verb_parser=<colcon_defaults.argument_parser.defaults.DefaultArgumentsDecorator object at 0x7fa9dc62ae60>, verb_extension=<colcon_core.verb.build.BuildVerb object at 0x7fa9dc62bdf0>, main=<bound method BuildVerb.main of <colcon_core.verb.build.BuildVerb object at 0x7fa9dc62bdf0>>)[0m
[0.443s] [34mcolcon.colcon_core.package_discovery[0m [1;30mLevel 1[0m discover_packages(colcon_meta) check parameters
[0.443s] [34mcolcon.colcon_core.package_discovery[0m [1;30mLevel 1[0m discover_packages(recursive) check parameters
[0.443s] [34mcolcon.colcon_core.package_discovery[0m [1;30mLevel 1[0m discover_packages(ignore) check parameters
[0.443s] [34mcolcon.colcon_core.package_discovery[0m [1;30mLevel 1[0m discover_packages(path) check parameters
[0.443s] [34mcolcon.colcon_core.package_discovery[0m [1;30mLevel 1[0m discover_packages(colcon_meta) discover
[0.443s] [34mcolcon.colcon_core.package_discovery[0m [1;30mLevel 1[0m discover_packages(recursive) discover
[0.443s] [34mcolcon.colcon_core.package_discovery[0m [1;30mINFO[0m Crawling recursively for packages in '/home/jason/Desktop/ROS2_study'
[0.443s] [34mcolcon.colcon_core.package_identification[0m [1;30mLevel 1[0m _identify(.) by extensions ['ignore', 'ignore_ament_install']
[0.443s] [34mcolcon.colcon_core.package_identification[0m [1;30mLevel 1[0m _identify(.) by extension 'ignore'
[0.443s] [34mcolcon.colcon_core.package_identification[0m [1;30mLevel 1[0m _identify(.) by extension 'ignore_ament_install'
[0.443s] [34mcolcon.colcon_core.package_identification[0m [1;30mLevel 1[0m _identify(.) by extensions ['colcon_pkg']
[0.444s] [34mcolcon.colcon_core.package_identification[0m [1;30mLevel 1[0m _identify(.) by extension 'colcon_pkg'
[0.444s] [34mcolcon.colcon_core.package_identification[0m [1;30mLevel 1[0m _identify(.) by extensions ['colcon_meta']
[0.444s] [34mcolcon.colcon_core.package_identification[0m [1;30mLevel 1[0m _identify(.) by extension 'colcon_meta'
[0.444s] [34mcolcon.colcon_core.package_identification[0m [1;30mLevel 1[0m _identify(.) by extensions ['ros']
[0.444s] [34mcolcon.colcon_core.package_identification[0m [1;30mLevel 1[0m _identify(.) by extension 'ros'
[0.450s] [34mcolcon.colcon_core.package_identification[0m [1;30mLevel 1[0m _identify(.) by extensions ['cmake', 'python']
[0.450s] [34mcolcon.colcon_core.package_identification[0m [1;30mLevel 1[0m _identify(.) by extension 'cmake'
[0.450s] [34mcolcon.colcon_core.package_identification[0m [1;30mLevel 1[0m _identify(.) by extension 'python'
[0.450s] [34mcolcon.colcon_core.package_identification[0m [1;30mLevel 1[0m _identify(.) by extensions ['python_setup_py']
[0.450s] [34mcolcon.colcon_core.package_identification[0m [1;30mLevel 1[0m _identify(.) by extension 'python_setup_py'
[0.450s] [34mcolcon.colcon_core.package_identification[0m [1;30mLevel 1[0m _identify(build) by extensions ['ignore', 'ignore_ament_install']
[0.450s] [34mcolcon.colcon_core.package_identification[0m [1;30mLevel 1[0m _identify(build) by extension 'ignore'
[0.450s] [34mcolcon.colcon_core.package_identification[0m [1;30mLevel 1[0m _identify(build) ignored
[0.450s] [34mcolcon.colcon_core.package_identification[0m [1;30mLevel 1[0m _identify(install) by extensions ['ignore', 'ignore_ament_install']
[0.450s] [34mcolcon.colcon_core.package_identification[0m [1;30mLevel 1[0m _identify(install) by extension 'ignore'
[0.450s] [34mcolcon.colcon_core.package_identification[0m [1;30mLevel 1[0m _identify(install) ignored
[0.450s] [34mcolcon.colcon_core.package_identification[0m [1;30mLevel 1[0m _identify(log) by extensions ['ignore', 'ignore_ament_install']
[0.450s] [34mcolcon.colcon_core.package_identification[0m [1;30mLevel 1[0m _identify(log) by extension 'ignore'
[0.450s] [34mcolcon.colcon_core.package_identification[0m [1;30mLevel 1[0m _identify(log) ignored
[0.450s] [34mcolcon.colcon_core.package_identification[0m [1;30mLevel 1[0m _identify(src) by extensions ['ignore', 'ignore_ament_install']
[0.450s] [34mcolcon.colcon_core.package_identification[0m [1;30mLevel 1[0m _identify(src) by extension 'ignore'
[0.450s] [34mcolcon.colcon_core.package_identification[0m [1;30mLevel 1[0m _identify(src) by extension 'ignore_ament_install'
[0.450s] [34mcolcon.colcon_core.package_identification[0m [1;30mLevel 1[0m _identify(src) by extensions ['colcon_pkg']
[0.450s] [34mcolcon.colcon_core.package_identification[0m [1;30mLevel 1[0m _identify(src) by extension 'colcon_pkg'
[0.450s] [34mcolcon.colcon_core.package_identification[0m [1;30mLevel 1[0m _identify(src) by extensions ['colcon_meta']
[0.450s] [34mcolcon.colcon_core.package_identification[0m [1;30mLevel 1[0m _identify(src) by extension 'colcon_meta'
[0.450s] [34mcolcon.colcon_core.package_identification[0m [1;30mLevel 1[0m _identify(src) by extensions ['ros']
[0.450s] [34mcolcon.colcon_core.package_identification[0m [1;30mLevel 1[0m _identify(src) by extension 'ros'
[0.450s] [34mcolcon.colcon_core.package_identification[0m [1;30mLevel 1[0m _identify(src) by extensions ['cmake', 'python']
[0.450s] [34mcolcon.colcon_core.package_identification[0m [1;30mLevel 1[0m _identify(src) by extension 'cmake'
[0.450s] [34mcolcon.colcon_core.package_identification[0m [1;30mLevel 1[0m _identify(src) by extension 'python'
[0.451s] [34mcolcon.colcon_core.package_identification[0m [1;30mLevel 1[0m _identify(src) by extensions ['python_setup_py']
[0.451s] [34mcolcon.colcon_core.package_identification[0m [1;30mLevel 1[0m _identify(src) by extension 'python_setup_py'
[0.451s] [34mcolcon.colcon_core.package_identification[0m [1;30mLevel 1[0m _identify(src/ros2_test_interfaces) by extensions ['ignore', 'ignore_ament_install']
[0.451s] [34mcolcon.colcon_core.package_identification[0m [1;30mLevel 1[0m _identify(src/ros2_test_interfaces) by extension 'ignore'
[0.451s] [34mcolcon.colcon_core.package_identification[0m [1;30mLevel 1[0m _identify(src/ros2_test_interfaces) by extension 'ignore_ament_install'
[0.451s] [34mcolcon.colcon_core.package_identification[0m [1;30mLevel 1[0m _identify(src/ros2_test_interfaces) by extensions ['colcon_pkg']
[0.451s] [34mcolcon.colcon_core.package_identification[0m [1;30mLevel 1[0m _identify(src/ros2_test_interfaces) by extension 'colcon_pkg'
[0.451s] [34mcolcon.colcon_core.package_identification[0m [1;30mLevel 1[0m _identify(src/ros2_test_interfaces) by extensions ['colcon_meta']
[0.451s] [34mcolcon.colcon_core.package_identification[0m [1;30mLevel 1[0m _identify(src/ros2_test_interfaces) by extension 'colcon_meta'
[0.451s] [34mcolcon.colcon_core.package_identification[0m [1;30mLevel 1[0m _identify(src/ros2_test_interfaces) by extensions ['ros']
[0.451s] [34mcolcon.colcon_core.package_identification[0m [1;30mLevel 1[0m _identify(src/ros2_test_interfaces) by extension 'ros'
[0.452s] [34mcolcon.colcon_core.package_identification[0m [1;30mDEBUG[0m [32mPackage 'src/ros2_test_interfaces' with type 'ros.ament_cmake' and name 'ros2_test_interfaces'[0m
[0.452s] [34mcolcon.colcon_core.package_identification[0m [1;30mLevel 1[0m _identify(src/ros2_test_node) by extensions ['ignore', 'ignore_ament_install']
[0.452s] [34mcolcon.colcon_core.package_identification[0m [1;30mLevel 1[0m _identify(src/ros2_test_node) by extension 'ignore'
[0.452s] [34mcolcon.colcon_core.package_identification[0m [1;30mLevel 1[0m _identify(src/ros2_test_node) by extension 'ignore_ament_install'
[0.452s] [34mcolcon.colcon_core.package_identification[0m [1;30mLevel 1[0m _identify(src/ros2_test_node) by extensions ['colcon_pkg']
[0.452s] [34mcolcon.colcon_core.package_identification[0m [1;30mLevel 1[0m _identify(src/ros2_test_node) by extension 'colcon_pkg'
[0.452s] [34mcolcon.colcon_core.package_identification[0m [1;30mLevel 1[0m _identify(src/ros2_test_node) by extensions ['colcon_meta']
[0.452s] [34mcolcon.colcon_core.package_identification[0m [1;30mLevel 1[0m _identify(src/ros2_test_node) by extension 'colcon_meta'
[0.452s] [34mcolcon.colcon_core.package_identification[0m [1;30mLevel 1[0m _identify(src/ros2_test_node) by extensions ['ros']
[0.452s] [34mcolcon.colcon_core.package_identification[0m [1;30mLevel 1[0m _identify(src/ros2_test_node) by extension 'ros'
[0.453s] [34mcolcon.colcon_core.package_identification[0m [1;30mDEBUG[0m [32mPackage 'src/ros2_test_node' with type 'ros.ament_cmake' and name 'ros2_test_node'[0m
[0.453s] [34mcolcon.colcon_core.package_identification[0m [1;30mLevel 1[0m _identify(src/ros2_test_publisher) by extensions ['ignore', 'ignore_ament_install']
[0.453s] [34mcolcon.colcon_core.package_identification[0m [1;30mLevel 1[0m _identify(src/ros2_test_publisher) by extension 'ignore'
[0.453s] [34mcolcon.colcon_core.package_identification[0m [1;30mLevel 1[0m _identify(src/ros2_test_publisher) by extension 'ignore_ament_install'
[0.453s] [34mcolcon.colcon_core.package_identification[0m [1;30mLevel 1[0m _identify(src/ros2_test_publisher) by extensions ['colcon_pkg']
[0.453s] [34mcolcon.colcon_core.package_identification[0m [1;30mLevel 1[0m _identify(src/ros2_test_publisher) by extension 'colcon_pkg'
[0.453s] [34mcolcon.colcon_core.package_identification[0m [1;30mLevel 1[0m _identify(src/ros2_test_publisher) by extensions ['colcon_meta']
[0.453s] [34mcolcon.colcon_core.package_identification[0m [1;30mLevel 1[0m _identify(src/ros2_test_publisher) by extension 'colcon_meta'
[0.453s] [34mcolcon.colcon_core.package_identification[0m [1;30mLevel 1[0m _identify(src/ros2_test_publisher) by extensions ['ros']
[0.453s] [34mcolcon.colcon_core.package_identification[0m [1;30mLevel 1[0m _identify(src/ros2_test_publisher) by extension 'ros'
[0.453s] [34mcolcon.colcon_core.package_identification[0m [1;30mDEBUG[0m [32mPackage 'src/ros2_test_publisher' with type 'ros.ament_cmake' and name 'ros2_test_publisher'[0m
[0.453s] [34mcolcon.colcon_core.package_identification[0m [1;30mLevel 1[0m _identify(src/ros2_test_service) by extensions ['ignore', 'ignore_ament_install']
[0.453s] [34mcolcon.colcon_core.package_identification[0m [1;30mLevel 1[0m _identify(src/ros2_test_service) by extension 'ignore'
[0.453s] [34mcolcon.colcon_core.package_identification[0m [1;30mLevel 1[0m _identify(src/ros2_test_service) by extension 'ignore_ament_install'
[0.453s] [34mcolcon.colcon_core.package_identification[0m [1;30mLevel 1[0m _identify(src/ros2_test_service) by extensions ['colcon_pkg']
[0.453s] [34mcolcon.colcon_core.package_identification[0m [1;30mLevel 1[0m _identify(src/ros2_test_service) by extension 'colcon_pkg'
[0.453s] [34mcolcon.colcon_core.package_identification[0m [1;30mLevel 1[0m _identify(src/ros2_test_service) by extensions ['colcon_meta']
[0.453s] [34mcolcon.colcon_core.package_identification[0m [1;30mLevel 1[0m _identify(src/ros2_test_service) by extension 'colcon_meta'
[0.453s] [34mcolcon.colcon_core.package_identification[0m [1;30mLevel 1[0m _identify(src/ros2_test_service) by extensions ['ros']
[0.454s] [34mcolcon.colcon_core.package_identification[0m [1;30mLevel 1[0m _identify(src/ros2_test_service) by extension 'ros'
[0.454s] [34mcolcon.colcon_core.package_identification[0m [1;30mDEBUG[0m [32mPackage 'src/ros2_test_service' with type 'ros.ament_cmake' and name 'ros2_test_service'[0m
[0.454s] [34mcolcon.colcon_core.package_identification[0m [1;30mLevel 1[0m _identify(src/ros2_test_subscriber) by extensions ['ignore', 'ignore_ament_install']
[0.454s] [34mcolcon.colcon_core.package_identification[0m [1;30mLevel 1[0m _identify(src/ros2_test_subscriber) by extension 'ignore'
[0.454s] [34mcolcon.colcon_core.package_identification[0m [1;30mLevel 1[0m _identify(src/ros2_test_subscriber) by extension 'ignore_ament_install'
[0.454s] [34mcolcon.colcon_core.package_identification[0m [1;30mLevel 1[0m _identify(src/ros2_test_subscriber) by extensions ['colcon_pkg']
[0.454s] [34mcolcon.colcon_core.package_identification[0m [1;30mLevel 1[0m _identify(src/ros2_test_subscriber) by extension 'colcon_pkg'
[0.454s] [34mcolcon.colcon_core.package_identification[0m [1;30mLevel 1[0m _identify(src/ros2_test_subscriber) by extensions ['colcon_meta']
[0.454s] [34mcolcon.colcon_core.package_identification[0m [1;30mLevel 1[0m _identify(src/ros2_test_subscriber) by extension 'colcon_meta'
[0.454s] [34mcolcon.colcon_core.package_identification[0m [1;30mLevel 1[0m _identify(src/ros2_test_subscriber) by extensions ['ros']
[0.454s] [34mcolcon.colcon_core.package_identification[0m [1;30mLevel 1[0m _identify(src/ros2_test_subscriber) by extension 'ros'
[0.454s] [34mcolcon.colcon_core.package_identification[0m [1;30mDEBUG[0m [32mPackage 'src/ros2_test_subscriber' with type 'ros.ament_cmake' and name 'ros2_test_subscriber'[0m
[0.454s] [34mcolcon.colcon_core.package_discovery[0m [1;30mLevel 1[0m discover_packages(recursive) using defaults
[0.454s] [34mcolcon.colcon_core.package_discovery[0m [1;30mLevel 1[0m discover_packages(ignore) discover
[0.454s] [34mcolcon.colcon_core.package_discovery[0m [1;30mLevel 1[0m discover_packages(ignore) using defaults
[0.454s] [34mcolcon.colcon_core.package_discovery[0m [1;30mLevel 1[0m discover_packages(path) discover
[0.454s] [34mcolcon.colcon_core.package_discovery[0m [1;30mLevel 1[0m discover_packages(path) using defaults
[0.480s] [34mcolcon.colcon_core.package_selection[0m [1;30mINFO[0m Skipping not selected package 'ros2_test_interfaces' in 'src/ros2_test_interfaces'
[0.480s] [34mcolcon.colcon_core.package_selection[0m [1;30mINFO[0m Skipping not selected package 'ros2_test_node' in 'src/ros2_test_node'
[0.480s] [34mcolcon.colcon_core.package_selection[0m [1;30mINFO[0m Skipping not selected package 'ros2_test_subscriber' in 'src/ros2_test_subscriber'
[0.480s] [34mcolcon.colcon_core.package_selection[0m [1;30mINFO[0m Skipping not selected package 'ros2_test_publisher' in 'src/ros2_test_publisher'
[0.492s] [34mcolcon.colcon_core.package_discovery[0m [1;30mLevel 1[0m discover_packages(prefix_path) check parameters
[0.492s] [34mcolcon.colcon_core.package_discovery[0m [1;30mLevel 1[0m discover_packages(prefix_path) discover
[0.503s] [34mcolcon.colcon_installed_package_information.package_discovery[0m [1;30mDEBUG[0m [32mFound 5 installed packages in /home/jason/Desktop/ROS2_study/install[0m
[0.510s] [34mcolcon.colcon_installed_package_information.package_discovery[0m [1;30mDEBUG[0m [32mFound 270 installed packages in /opt/ros/humble[0m
[0.510s] [34mcolcon.colcon_core.package_discovery[0m [1;30mLevel 1[0m discover_packages(prefix_path) using defaults
[0.554s] [34mcolcon.colcon_core.verb[0m [1;30mLevel 5[0m set package 'ros2_test_service' build argument 'cmake_args' from command line to 'None'
[0.554s] [34mcolcon.colcon_core.verb[0m [1;30mLevel 5[0m set package 'ros2_test_service' build argument 'cmake_target' from command line to 'None'
[0.554s] [34mcolcon.colcon_core.verb[0m [1;30mLevel 5[0m set package 'ros2_test_service' build argument 'cmake_target_skip_unavailable' from command line to 'False'
[0.554s] [34mcolcon.colcon_core.verb[0m [1;30mLevel 5[0m set package 'ros2_test_service' build argument 'cmake_clean_cache' from command line to 'False'
[0.554s] [34mcolcon.colcon_core.verb[0m [1;30mLevel 5[0m set package 'ros2_test_service' build argument 'cmake_clean_first' from command line to 'False'
[0.554s] [34mcolcon.colcon_core.verb[0m [1;30mLevel 5[0m set package 'ros2_test_service' build argument 'cmake_force_configure' from command line to 'False'
[0.554s] [34mcolcon.colcon_core.verb[0m [1;30mLevel 5[0m set package 'ros2_test_service' build argument 'ament_cmake_args' from command line to 'None'
[0.554s] [34mcolcon.colcon_core.verb[0m [1;30mLevel 5[0m set package 'ros2_test_service' build argument 'catkin_cmake_args' from command line to 'None'
[0.554s] [34mcolcon.colcon_core.verb[0m [1;30mLevel 5[0m set package 'ros2_test_service' build argument 'catkin_skip_building_tests' from command line to 'False'
[0.554s] [34mcolcon.colcon_core.verb[0m [1;30mDEBUG[0m [32mBuilding package 'ros2_test_service' with the following arguments: {'ament_cmake_args': None, 'build_base': '/home/jason/Desktop/ROS2_study/build/ros2_test_service', 'catkin_cmake_args': None, 'catkin_skip_building_tests': False, 'cmake_args': None, 'cmake_clean_cache': False, 'cmake_clean_first': False, 'cmake_force_configure': False, 'cmake_target': None, 'cmake_target_skip_unavailable': False, 'install_base': '/home/jason/Desktop/ROS2_study/install/ros2_test_service', 'merge_install': False, 'path': '/home/jason/Desktop/ROS2_study/src/ros2_test_service', 'symlink_install': False, 'test_result_base': None}[0m
[0.560s] [34mcolcon.colcon_core.executor[0m [1;30mINFO[0m Executing jobs using 'parallel' executor
[0.566s] [34mcolcon.colcon_parallel_executor.executor.parallel[0m [1;30mDEBUG[0m [32mrun_until_complete[0m
[0.566s] [34mcolcon.colcon_ros.task.ament_cmake.build[0m [1;30mINFO[0m Building ROS package in '/home/jason/Desktop/ROS2_study/src/ros2_test_service' with build type 'ament_cmake'
[0.566s] [34mcolcon.colcon_cmake.task.cmake.build[0m [1;30mINFO[0m Building CMake package in '/home/jason/Desktop/ROS2_study/src/ros2_test_service'
[0.573s] [34mcolcon.colcon_core.plugin_system[0m [1;30mINFO[0m Skipping extension 'colcon_core.shell.bat': Not used on non-Windows systems
[0.573s] [34mcolcon.colcon_core.shell[0m [1;30mINFO[0m Skip shell extension 'powershell' for command environment: Not usable outside of PowerShell
[0.573s] [34mcolcon.colcon_core.shell[0m [1;30mDEBUG[0m [32mSkip shell extension 'dsv' for command environment[0m
[0.596s] [34mcolcon.colcon_core.event_handler.log_command[0m [1;30mDEBUG[0m [32mInvoking command in '/home/jason/Desktop/ROS2_study/build/ros2_test_service': CMAKE_PREFIX_PATH=${CMAKE_PREFIX_PATH}:/opt/ros/humble /usr/bin/cmake --build /home/jason/Desktop/ROS2_study/build/ros2_test_service -- -j32 -l32[0m
[1.451s] [34mcolcon.colcon_core.event_handler.log_command[0m [1;30mDEBUG[0m [32mInvoked command in '/home/jason/Desktop/ROS2_study/build/ros2_test_service' returned '0': CMAKE_PREFIX_PATH=${CMAKE_PREFIX_PATH}:/opt/ros/humble /usr/bin/cmake --build /home/jason/Desktop/ROS2_study/build/ros2_test_service -- -j32 -l32[0m
[1.503s] [34mcolcon.colcon_core.event_handler.log_command[0m [1;30mDEBUG[0m [32mInvoking command in '/home/jason/Desktop/ROS2_study/build/ros2_test_service': CMAKE_PREFIX_PATH=${CMAKE_PREFIX_PATH}:/opt/ros/humble /usr/bin/cmake --install /home/jason/Desktop/ROS2_study/build/ros2_test_service[0m
[1.521s] [34mcolcon.colcon_core.environment[0m [1;30mLevel 1[0m create_environment_scripts_only(ros2_test_service)
[1.523s] [34mcolcon.colcon_core.event_handler.log_command[0m [1;30mDEBUG[0m [32mInvoked command in '/home/jason/Desktop/ROS2_study/build/ros2_test_service' returned '0': CMAKE_PREFIX_PATH=${CMAKE_PREFIX_PATH}:/opt/ros/humble /usr/bin/cmake --install /home/jason/Desktop/ROS2_study/build/ros2_test_service[0m
[1.543s] [34mcolcon.colcon_core.environment[0m [1;30mLevel 1[0m checking '/home/jason/Desktop/ROS2_study/install/ros2_test_service' for CMake module files
[1.544s] [34mcolcon.colcon_core.environment[0m [1;30mLevel 1[0m checking '/home/jason/Desktop/ROS2_study/install/ros2_test_service' for CMake config files
[1.544s] [34mcolcon.colcon_core.shell[0m [1;30mLevel 1[0m create_environment_hook('ros2_test_service', 'cmake_prefix_path')
[1.558s] [34mcolcon.colcon_core.shell[0m [1;30mINFO[0m Creating environment hook '/home/jason/Desktop/ROS2_study/install/ros2_test_service/share/ros2_test_service/hook/cmake_prefix_path.ps1'
[1.559s] [34mcolcon.colcon_core.shell[0m [1;30mINFO[0m Creating environment descriptor '/home/jason/Desktop/ROS2_study/install/ros2_test_service/share/ros2_test_service/hook/cmake_prefix_path.dsv'
[1.559s] [34mcolcon.colcon_core.shell[0m [1;30mINFO[0m Creating environment hook '/home/jason/Desktop/ROS2_study/install/ros2_test_service/share/ros2_test_service/hook/cmake_prefix_path.sh'
[1.560s] [34mcolcon.colcon_core.environment[0m [1;30mLevel 1[0m checking '/home/jason/Desktop/ROS2_study/install/ros2_test_service/lib'
[1.561s] [34mcolcon.colcon_core.environment[0m [1;30mLevel 1[0m checking '/home/jason/Desktop/ROS2_study/install/ros2_test_service/bin'
[1.561s] [34mcolcon.colcon_core.environment[0m [1;30mLevel 1[0m checking '/home/jason/Desktop/ROS2_study/install/ros2_test_service/lib/pkgconfig/ros2_test_service.pc'
[1.561s] [34mcolcon.colcon_core.environment[0m [1;30mLevel 1[0m checking '/home/jason/Desktop/ROS2_study/install/ros2_test_service/lib/python3.10/site-packages'
[1.561s] [34mcolcon.colcon_core.environment[0m [1;30mLevel 1[0m checking '/home/jason/Desktop/ROS2_study/install/ros2_test_service/bin'
[1.577s] [34mcolcon.colcon_core.shell[0m [1;30mINFO[0m Creating package script '/home/jason/Desktop/ROS2_study/install/ros2_test_service/share/ros2_test_service/package.ps1'
[1.578s] [34mcolcon.colcon_core.shell[0m [1;30mINFO[0m Creating package descriptor '/home/jason/Desktop/ROS2_study/install/ros2_test_service/share/ros2_test_service/package.dsv'
[1.579s] [34mcolcon.colcon_core.shell[0m [1;30mINFO[0m Creating package script '/home/jason/Desktop/ROS2_study/install/ros2_test_service/share/ros2_test_service/package.sh'
[1.579s] [34mcolcon.colcon_core.shell[0m [1;30mINFO[0m Creating package script '/home/jason/Desktop/ROS2_study/install/ros2_test_service/share/ros2_test_service/package.bash'
[1.580s] [34mcolcon.colcon_core.shell[0m [1;30mINFO[0m Creating package script '/home/jason/Desktop/ROS2_study/install/ros2_test_service/share/ros2_test_service/package.zsh'
[1.581s] [34mcolcon.colcon_core.environment[0m [1;30mLevel 1[0m create_file_with_runtime_dependencies(/home/jason/Desktop/ROS2_study/install/ros2_test_service/share/colcon-core/packages/ros2_test_service)
[1.638s] [34mcolcon.colcon_core.environment[0m [1;30mLevel 1[0m create_environment_scripts_only(ros2_test_service)
[1.651s] [34mcolcon.colcon_core.environment[0m [1;30mLevel 1[0m checking '/home/jason/Desktop/ROS2_study/install/ros2_test_service' for CMake module files
[1.652s] [34mcolcon.colcon_core.environment[0m [1;30mLevel 1[0m checking '/home/jason/Desktop/ROS2_study/install/ros2_test_service' for CMake config files
[1.652s] [34mcolcon.colcon_core.shell[0m [1;30mLevel 1[0m create_environment_hook('ros2_test_service', 'cmake_prefix_path')
[1.665s] [34mcolcon.colcon_core.shell[0m [1;30mINFO[0m Creating environment hook '/home/jason/Desktop/ROS2_study/install/ros2_test_service/share/ros2_test_service/hook/cmake_prefix_path.ps1'
[1.665s] [34mcolcon.colcon_core.shell[0m [1;30mINFO[0m Creating environment descriptor '/home/jason/Desktop/ROS2_study/install/ros2_test_service/share/ros2_test_service/hook/cmake_prefix_path.dsv'
[1.665s] [34mcolcon.colcon_core.shell[0m [1;30mINFO[0m Creating environment hook '/home/jason/Desktop/ROS2_study/install/ros2_test_service/share/ros2_test_service/hook/cmake_prefix_path.sh'
[1.666s] [34mcolcon.colcon_core.environment[0m [1;30mLevel 1[0m checking '/home/jason/Desktop/ROS2_study/install/ros2_test_service/lib'
[1.666s] [34mcolcon.colcon_core.environment[0m [1;30mLevel 1[0m checking '/home/jason/Desktop/ROS2_study/install/ros2_test_service/bin'
[1.666s] [34mcolcon.colcon_core.environment[0m [1;30mLevel 1[0m checking '/home/jason/Desktop/ROS2_study/install/ros2_test_service/lib/pkgconfig/ros2_test_service.pc'
[1.666s] [34mcolcon.colcon_core.environment[0m [1;30mLevel 1[0m checking '/home/jason/Desktop/ROS2_study/install/ros2_test_service/lib/python3.10/site-packages'
[1.667s] [34mcolcon.colcon_core.environment[0m [1;30mLevel 1[0m checking '/home/jason/Desktop/ROS2_study/install/ros2_test_service/bin'
[1.680s] [34mcolcon.colcon_core.shell[0m [1;30mINFO[0m Creating package script '/home/jason/Desktop/ROS2_study/install/ros2_test_service/share/ros2_test_service/package.ps1'
[1.681s] [34mcolcon.colcon_core.shell[0m [1;30mINFO[0m Creating package descriptor '/home/jason/Desktop/ROS2_study/install/ros2_test_service/share/ros2_test_service/package.dsv'
[1.682s] [34mcolcon.colcon_core.shell[0m [1;30mINFO[0m Creating package script '/home/jason/Desktop/ROS2_study/install/ros2_test_service/share/ros2_test_service/package.sh'
[1.682s] [34mcolcon.colcon_core.shell[0m [1;30mINFO[0m Creating package script '/home/jason/Desktop/ROS2_study/install/ros2_test_service/share/ros2_test_service/package.bash'
[1.682s] [34mcolcon.colcon_core.shell[0m [1;30mINFO[0m Creating package script '/home/jason/Desktop/ROS2_study/install/ros2_test_service/share/ros2_test_service/package.zsh'
[1.683s] [34mcolcon.colcon_core.environment[0m [1;30mLevel 1[0m create_file_with_runtime_dependencies(/home/jason/Desktop/ROS2_study/install/ros2_test_service/share/colcon-core/packages/ros2_test_service)
[1.683s] [34mcolcon.colcon_parallel_executor.executor.parallel[0m [1;30mDEBUG[0m [32mclosing loop[0m
[1.683s] [34mcolcon.colcon_parallel_executor.executor.parallel[0m [1;30mDEBUG[0m [32mloop closed[0m
[1.684s] [34mcolcon.colcon_parallel_executor.executor.parallel[0m [1;30mDEBUG[0m [32mrun_until_complete finished with '0'[0m
[1.684s] [34mcolcon.colcon_core.event_reactor[0m [1;30mDEBUG[0m [32mjoining thread[0m
[1.707s] [34mcolcon.colcon_core.plugin_system[0m [1;30mINFO[0m Skipping extension 'colcon_notification.desktop_notification.terminal_notifier': Not used on non-Darwin systems
[1.707s] [34mcolcon.colcon_core.plugin_system[0m [1;30mINFO[0m Skipping extension 'colcon_notification.desktop_notification.win32': Not used on non-Windows systems
[1.707s] [34mcolcon.colcon_notification.desktop_notification[0m [1;30mINFO[0m Sending desktop notification using 'notify2'
[1.728s] [34mcolcon.colcon_core.event_reactor[0m [1;30mDEBUG[0m [32mjoined thread[0m
[1.769s] [34mcolcon.colcon_core.shell[0m [1;30mINFO[0m Creating prefix script '/home/jason/Desktop/ROS2_study/install/local_setup.ps1'
[1.770s] [34mcolcon.colcon_core.shell[0m [1;30mINFO[0m Creating prefix util module '/home/jason/Desktop/ROS2_study/install/_local_setup_util_ps1.py'
[1.772s] [34mcolcon.colcon_core.shell[0m [1;30mINFO[0m Creating prefix chain script '/home/jason/Desktop/ROS2_study/install/setup.ps1'
[1.789s] [34mcolcon.colcon_core.shell[0m [1;30mINFO[0m Creating prefix script '/home/jason/Desktop/ROS2_study/install/local_setup.sh'
[1.789s] [34mcolcon.colcon_core.shell[0m [1;30mINFO[0m Creating prefix util module '/home/jason/Desktop/ROS2_study/install/_local_setup_util_sh.py'
[1.790s] [34mcolcon.colcon_core.shell[0m [1;30mINFO[0m Creating prefix chain script '/home/jason/Desktop/ROS2_study/install/setup.sh'
[1.807s] [34mcolcon.colcon_core.shell[0m [1;30mINFO[0m Creating prefix script '/home/jason/Desktop/ROS2_study/install/local_setup.bash'
[1.808s] [34mcolcon.colcon_core.shell[0m [1;30mINFO[0m Creating prefix chain script '/home/jason/Desktop/ROS2_study/install/setup.bash'
[1.827s] [34mcolcon.colcon_core.shell[0m [1;30mINFO[0m Creating prefix script '/home/jason/Desktop/ROS2_study/install/local_setup.zsh'
[1.827s] [34mcolcon.colcon_core.shell[0m [1;30mINFO[0m Creating prefix chain script '/home/jason/Desktop/ROS2_study/install/setup.zsh'
