[0.422s] [34mcolcon[0m [1;30mDEBUG[0m [32mCommand line arguments: ['/usr/bin/colcon', 'build'][0m
[0.422s] [34mcolcon[0m [1;30mDEBUG[0m [32mParsed command line arguments: Namespace(log_base=None, log_level=None, verb_name='build', build_base='build', install_base='install', merge_install=False, symlink_install=False, test_result_base=None, continue_on_error=False, executor='parallel', parallel_workers=32, event_handlers=None, ignore_user_meta=False, metas=['./colcon.meta'], base_paths=['.'], packages_ignore=None, packages_ignore_regex=None, paths=None, packages_up_to=None, packages_up_to_regex=None, packages_above=None, packages_above_and_dependencies=None, packages_above_depth=None, packages_select_by_dep=None, packages_skip_by_dep=None, packages_skip_up_to=None, packages_select_build_failed=False, packages_skip_build_finished=False, packages_select_test_failures=False, packages_skip_test_passed=False, packages_select=None, packages_skip=None, packages_select_regex=None, packages_skip_regex=None, packages_start=None, packages_end=None, allow_overriding=[], cmake_args=None, cmake_target=None, cmake_target_skip_unavailable=False, cmake_clean_cache=False, cmake_clean_first=False, cmake_force_configure=False, ament_cmake_args=None, catkin_cmake_args=None, catkin_skip_building_tests=False, verb_parser=<colcon_defaults.argument_parser.defaults.DefaultArgumentsDecorator object at 0x7fdba2a46fb0>, verb_extension=<colcon_core.verb.build.BuildVerb object at 0x7fdba2a47d60>, main=<bound method BuildVerb.main of <colcon_core.verb.build.BuildVerb object at 0x7fdba2a47d60>>)[0m
[0.442s] [34mcolcon.colcon_core.package_discovery[0m [1;30mLevel 1[0m discover_packages(colcon_meta) check parameters
[0.442s] [34mcolcon.colcon_core.package_discovery[0m [1;30mLevel 1[0m discover_packages(recursive) check parameters
[0.442s] [34mcolcon.colcon_core.package_discovery[0m [1;30mLevel 1[0m discover_packages(ignore) check parameters
[0.442s] [34mcolcon.colcon_core.package_discovery[0m [1;30mLevel 1[0m discover_packages(path) check parameters
[0.442s] [34mcolcon.colcon_core.package_discovery[0m [1;30mLevel 1[0m discover_packages(colcon_meta) discover
[0.442s] [34mcolcon.colcon_core.package_discovery[0m [1;30mLevel 1[0m discover_packages(recursive) discover
[0.442s] [34mcolcon.colcon_core.package_discovery[0m [1;30mINFO[0m Crawling recursively for packages in '/home/jason/Desktop/ROS2_study'
[0.442s] [34mcolcon.colcon_core.package_identification[0m [1;30mLevel 1[0m _identify(.) by extensions ['ignore', 'ignore_ament_install']
[0.443s] [34mcolcon.colcon_core.package_identification[0m [1;30mLevel 1[0m _identify(.) by extension 'ignore'
[0.443s] [34mcolcon.colcon_core.package_identification[0m [1;30mLevel 1[0m _identify(.) by extension 'ignore_ament_install'
[0.443s] [34mcolcon.colcon_core.package_identification[0m [1;30mLevel 1[0m _identify(.) by extensions ['colcon_pkg']
[0.443s] [34mcolcon.colcon_core.package_identification[0m [1;30mLevel 1[0m _identify(.) by extension 'colcon_pkg'
[0.443s] [34mcolcon.colcon_core.package_identification[0m [1;30mLevel 1[0m _identify(.) by extensions ['colcon_meta']
[0.443s] [34mcolcon.colcon_core.package_identification[0m [1;30mLevel 1[0m _identify(.) by extension 'colcon_meta'
[0.443s] [34mcolcon.colcon_core.package_identification[0m [1;30mLevel 1[0m _identify(.) by extensions ['ros']
[0.443s] [34mcolcon.colcon_core.package_identification[0m [1;30mLevel 1[0m _identify(.) by extension 'ros'
[0.449s] [34mcolcon.colcon_core.package_identification[0m [1;30mLevel 1[0m _identify(.) by extensions ['cmake', 'python']
[0.449s] [34mcolcon.colcon_core.package_identification[0m [1;30mLevel 1[0m _identify(.) by extension 'cmake'
[0.449s] [34mcolcon.colcon_core.package_identification[0m [1;30mLevel 1[0m _identify(.) by extension 'python'
[0.449s] [34mcolcon.colcon_core.package_identification[0m [1;30mLevel 1[0m _identify(.) by extensions ['python_setup_py']
[0.449s] [34mcolcon.colcon_core.package_identification[0m [1;30mLevel 1[0m _identify(.) by extension 'python_setup_py'
[0.449s] [34mcolcon.colcon_core.package_identification[0m [1;30mLevel 1[0m _identify(build) by extensions ['ignore', 'ignore_ament_install']
[0.449s] [34mcolcon.colcon_core.package_identification[0m [1;30mLevel 1[0m _identify(build) by extension 'ignore'
[0.449s] [34mcolcon.colcon_core.package_identification[0m [1;30mLevel 1[0m _identify(build) ignored
[0.449s] [34mcolcon.colcon_core.package_identification[0m [1;30mLevel 1[0m _identify(install) by extensions ['ignore', 'ignore_ament_install']
[0.449s] [34mcolcon.colcon_core.package_identification[0m [1;30mLevel 1[0m _identify(install) by extension 'ignore'
[0.449s] [34mcolcon.colcon_core.package_identification[0m [1;30mLevel 1[0m _identify(install) ignored
[0.449s] [34mcolcon.colcon_core.package_identification[0m [1;30mLevel 1[0m _identify(log) by extensions ['ignore', 'ignore_ament_install']
[0.449s] [34mcolcon.colcon_core.package_identification[0m [1;30mLevel 1[0m _identify(log) by extension 'ignore'
[0.449s] [34mcolcon.colcon_core.package_identification[0m [1;30mLevel 1[0m _identify(log) ignored
[0.449s] [34mcolcon.colcon_core.package_identification[0m [1;30mLevel 1[0m _identify(src) by extensions ['ignore', 'ignore_ament_install']
[0.449s] [34mcolcon.colcon_core.package_identification[0m [1;30mLevel 1[0m _identify(src) by extension 'ignore'
[0.449s] [34mcolcon.colcon_core.package_identification[0m [1;30mLevel 1[0m _identify(src) by extension 'ignore_ament_install'
[0.449s] [34mcolcon.colcon_core.package_identification[0m [1;30mLevel 1[0m _identify(src) by extensions ['colcon_pkg']
[0.450s] [34mcolcon.colcon_core.package_identification[0m [1;30mLevel 1[0m _identify(src) by extension 'colcon_pkg'
[0.450s] [34mcolcon.colcon_core.package_identification[0m [1;30mLevel 1[0m _identify(src) by extensions ['colcon_meta']
[0.450s] [34mcolcon.colcon_core.package_identification[0m [1;30mLevel 1[0m _identify(src) by extension 'colcon_meta'
[0.450s] [34mcolcon.colcon_core.package_identification[0m [1;30mLevel 1[0m _identify(src) by extensions ['ros']
[0.450s] [34mcolcon.colcon_core.package_identification[0m [1;30mLevel 1[0m _identify(src) by extension 'ros'
[0.450s] [34mcolcon.colcon_core.package_identification[0m [1;30mLevel 1[0m _identify(src) by extensions ['cmake', 'python']
[0.450s] [34mcolcon.colcon_core.package_identification[0m [1;30mLevel 1[0m _identify(src) by extension 'cmake'
[0.450s] [34mcolcon.colcon_core.package_identification[0m [1;30mLevel 1[0m _identify(src) by extension 'python'
[0.450s] [34mcolcon.colcon_core.package_identification[0m [1;30mLevel 1[0m _identify(src) by extensions ['python_setup_py']
[0.450s] [34mcolcon.colcon_core.package_identification[0m [1;30mLevel 1[0m _identify(src) by extension 'python_setup_py'
[0.450s] [34mcolcon.colcon_core.package_identification[0m [1;30mLevel 1[0m _identify(src/ros2_test_client) by extensions ['ignore', 'ignore_ament_install']
[0.450s] [34mcolcon.colcon_core.package_identification[0m [1;30mLevel 1[0m _identify(src/ros2_test_client) by extension 'ignore'
[0.450s] [34mcolcon.colcon_core.package_identification[0m [1;30mLevel 1[0m _identify(src/ros2_test_client) by extension 'ignore_ament_install'
[0.450s] [34mcolcon.colcon_core.package_identification[0m [1;30mLevel 1[0m _identify(src/ros2_test_client) by extensions ['colcon_pkg']
[0.450s] [34mcolcon.colcon_core.package_identification[0m [1;30mLevel 1[0m _identify(src/ros2_test_client) by extension 'colcon_pkg'
[0.450s] [34mcolcon.colcon_core.package_identification[0m [1;30mLevel 1[0m _identify(src/ros2_test_client) by extensions ['colcon_meta']
[0.450s] [34mcolcon.colcon_core.package_identification[0m [1;30mLevel 1[0m _identify(src/ros2_test_client) by extension 'colcon_meta'
[0.450s] [34mcolcon.colcon_core.package_identification[0m [1;30mLevel 1[0m _identify(src/ros2_test_client) by extensions ['ros']
[0.450s] [34mcolcon.colcon_core.package_identification[0m [1;30mLevel 1[0m _identify(src/ros2_test_client) by extension 'ros'
[0.451s] [34mcolcon.colcon_core.package_identification[0m [1;30mDEBUG[0m [32mPackage 'src/ros2_test_client' with type 'ros.ament_cmake' and name 'ros2_test_client'[0m
[0.451s] [34mcolcon.colcon_core.package_identification[0m [1;30mLevel 1[0m _identify(src/ros2_test_interfaces) by extensions ['ignore', 'ignore_ament_install']
[0.451s] [34mcolcon.colcon_core.package_identification[0m [1;30mLevel 1[0m _identify(src/ros2_test_interfaces) by extension 'ignore'
[0.451s] [34mcolcon.colcon_core.package_identification[0m [1;30mLevel 1[0m _identify(src/ros2_test_interfaces) by extension 'ignore_ament_install'
[0.451s] [34mcolcon.colcon_core.package_identification[0m [1;30mLevel 1[0m _identify(src/ros2_test_interfaces) by extensions ['colcon_pkg']
[0.451s] [34mcolcon.colcon_core.package_identification[0m [1;30mLevel 1[0m _identify(src/ros2_test_interfaces) by extension 'colcon_pkg'
[0.451s] [34mcolcon.colcon_core.package_identification[0m [1;30mLevel 1[0m _identify(src/ros2_test_interfaces) by extensions ['colcon_meta']
[0.451s] [34mcolcon.colcon_core.package_identification[0m [1;30mLevel 1[0m _identify(src/ros2_test_interfaces) by extension 'colcon_meta'
[0.452s] [34mcolcon.colcon_core.package_identification[0m [1;30mLevel 1[0m _identify(src/ros2_test_interfaces) by extensions ['ros']
[0.452s] [34mcolcon.colcon_core.package_identification[0m [1;30mLevel 1[0m _identify(src/ros2_test_interfaces) by extension 'ros'
[0.452s] [34mcolcon.colcon_core.package_identification[0m [1;30mDEBUG[0m [32mPackage 'src/ros2_test_interfaces' with type 'ros.ament_cmake' and name 'ros2_test_interfaces'[0m
[0.452s] [34mcolcon.colcon_core.package_identification[0m [1;30mLevel 1[0m _identify(src/ros2_test_node) by extensions ['ignore', 'ignore_ament_install']
[0.452s] [34mcolcon.colcon_core.package_identification[0m [1;30mLevel 1[0m _identify(src/ros2_test_node) by extension 'ignore'
[0.452s] [34mcolcon.colcon_core.package_identification[0m [1;30mLevel 1[0m _identify(src/ros2_test_node) by extension 'ignore_ament_install'
[0.452s] [34mcolcon.colcon_core.package_identification[0m [1;30mLevel 1[0m _identify(src/ros2_test_node) by extensions ['colcon_pkg']
[0.452s] [34mcolcon.colcon_core.package_identification[0m [1;30mLevel 1[0m _identify(src/ros2_test_node) by extension 'colcon_pkg'
[0.452s] [34mcolcon.colcon_core.package_identification[0m [1;30mLevel 1[0m _identify(src/ros2_test_node) by extensions ['colcon_meta']
[0.452s] [34mcolcon.colcon_core.package_identification[0m [1;30mLevel 1[0m _identify(src/ros2_test_node) by extension 'colcon_meta'
[0.452s] [34mcolcon.colcon_core.package_identification[0m [1;30mLevel 1[0m _identify(src/ros2_test_node) by extensions ['ros']
[0.452s] [34mcolcon.colcon_core.package_identification[0m [1;30mLevel 1[0m _identify(src/ros2_test_node) by extension 'ros'
[0.452s] [34mcolcon.colcon_core.package_identification[0m [1;30mDEBUG[0m [32mPackage 'src/ros2_test_node' with type 'ros.ament_cmake' and name 'ros2_test_node'[0m
[0.452s] [34mcolcon.colcon_core.package_identification[0m [1;30mLevel 1[0m _identify(src/ros2_test_publisher) by extensions ['ignore', 'ignore_ament_install']
[0.452s] [34mcolcon.colcon_core.package_identification[0m [1;30mLevel 1[0m _identify(src/ros2_test_publisher) by extension 'ignore'
[0.453s] [34mcolcon.colcon_core.package_identification[0m [1;30mLevel 1[0m _identify(src/ros2_test_publisher) by extension 'ignore_ament_install'
[0.453s] [34mcolcon.colcon_core.package_identification[0m [1;30mLevel 1[0m _identify(src/ros2_test_publisher) by extensions ['colcon_pkg']
[0.453s] [34mcolcon.colcon_core.package_identification[0m [1;30mLevel 1[0m _identify(src/ros2_test_publisher) by extension 'colcon_pkg'
[0.453s] [34mcolcon.colcon_core.package_identification[0m [1;30mLevel 1[0m _identify(src/ros2_test_publisher) by extensions ['colcon_meta']
[0.453s] [34mcolcon.colcon_core.package_identification[0m [1;30mLevel 1[0m _identify(src/ros2_test_publisher) by extension 'colcon_meta'
[0.453s] [34mcolcon.colcon_core.package_identification[0m [1;30mLevel 1[0m _identify(src/ros2_test_publisher) by extensions ['ros']
[0.453s] [34mcolcon.colcon_core.package_identification[0m [1;30mLevel 1[0m _identify(src/ros2_test_publisher) by extension 'ros'
[0.453s] [34mcolcon.colcon_core.package_identification[0m [1;30mDEBUG[0m [32mPackage 'src/ros2_test_publisher' with type 'ros.ament_cmake' and name 'ros2_test_publisher'[0m
[0.453s] [34mcolcon.colcon_core.package_identification[0m [1;30mLevel 1[0m _identify(src/ros2_test_service) by extensions ['ignore', 'ignore_ament_install']
[0.453s] [34mcolcon.colcon_core.package_identification[0m [1;30mLevel 1[0m _identify(src/ros2_test_service) by extension 'ignore'
[0.453s] [34mcolcon.colcon_core.package_identification[0m [1;30mLevel 1[0m _identify(src/ros2_test_service) by extension 'ignore_ament_install'
[0.453s] [34mcolcon.colcon_core.package_identification[0m [1;30mLevel 1[0m _identify(src/ros2_test_service) by extensions ['colcon_pkg']
[0.453s] [34mcolcon.colcon_core.package_identification[0m [1;30mLevel 1[0m _identify(src/ros2_test_service) by extension 'colcon_pkg'
[0.453s] [34mcolcon.colcon_core.package_identification[0m [1;30mLevel 1[0m _identify(src/ros2_test_service) by extensions ['colcon_meta']
[0.453s] [34mcolcon.colcon_core.package_identification[0m [1;30mLevel 1[0m _identify(src/ros2_test_service) by extension 'colcon_meta'
[0.453s] [34mcolcon.colcon_core.package_identification[0m [1;30mLevel 1[0m _identify(src/ros2_test_service) by extensions ['ros']
[0.453s] [34mcolcon.colcon_core.package_identification[0m [1;30mLevel 1[0m _identify(src/ros2_test_service) by extension 'ros'
[0.453s] [34mcolcon.colcon_core.package_identification[0m [1;30mDEBUG[0m [32mPackage 'src/ros2_test_service' with type 'ros.ament_cmake' and name 'ros2_test_service'[0m
[0.453s] [34mcolcon.colcon_core.package_identification[0m [1;30mLevel 1[0m _identify(src/ros2_test_subscriber) by extensions ['ignore', 'ignore_ament_install']
[0.454s] [34mcolcon.colcon_core.package_identification[0m [1;30mLevel 1[0m _identify(src/ros2_test_subscriber) by extension 'ignore'
[0.454s] [34mcolcon.colcon_core.package_identification[0m [1;30mLevel 1[0m _identify(src/ros2_test_subscriber) by extension 'ignore_ament_install'
[0.454s] [34mcolcon.colcon_core.package_identification[0m [1;30mLevel 1[0m _identify(src/ros2_test_subscriber) by extensions ['colcon_pkg']
[0.454s] [34mcolcon.colcon_core.package_identification[0m [1;30mLevel 1[0m _identify(src/ros2_test_subscriber) by extension 'colcon_pkg'
[0.454s] [34mcolcon.colcon_core.package_identification[0m [1;30mLevel 1[0m _identify(src/ros2_test_subscriber) by extensions ['colcon_meta']
[0.454s] [34mcolcon.colcon_core.package_identification[0m [1;30mLevel 1[0m _identify(src/ros2_test_subscriber) by extension 'colcon_meta'
[0.454s] [34mcolcon.colcon_core.package_identification[0m [1;30mLevel 1[0m _identify(src/ros2_test_subscriber) by extensions ['ros']
[0.454s] [34mcolcon.colcon_core.package_identification[0m [1;30mLevel 1[0m _identify(src/ros2_test_subscriber) by extension 'ros'
[0.454s] [34mcolcon.colcon_core.package_identification[0m [1;30mDEBUG[0m [32mPackage 'src/ros2_test_subscriber' with type 'ros.ament_cmake' and name 'ros2_test_subscriber'[0m
[0.454s] [34mcolcon.colcon_core.package_discovery[0m [1;30mLevel 1[0m discover_packages(recursive) using defaults
[0.454s] [34mcolcon.colcon_core.package_discovery[0m [1;30mLevel 1[0m discover_packages(ignore) discover
[0.454s] [34mcolcon.colcon_core.package_discovery[0m [1;30mLevel 1[0m discover_packages(ignore) using defaults
[0.454s] [34mcolcon.colcon_core.package_discovery[0m [1;30mLevel 1[0m discover_packages(path) discover
[0.454s] [34mcolcon.colcon_core.package_discovery[0m [1;30mLevel 1[0m discover_packages(path) using defaults
[0.492s] [34mcolcon.colcon_core.package_discovery[0m [1;30mLevel 1[0m discover_packages(prefix_path) check parameters
[0.492s] [34mcolcon.colcon_core.package_discovery[0m [1;30mLevel 1[0m discover_packages(prefix_path) discover
[0.504s] [34mcolcon.colcon_installed_package_information.package_discovery[0m [1;30mDEBUG[0m [32mFound 6 installed packages in /home/jason/Desktop/ROS2_study/install[0m
[0.510s] [34mcolcon.colcon_installed_package_information.package_discovery[0m [1;30mDEBUG[0m [32mFound 270 installed packages in /opt/ros/humble[0m
[0.511s] [34mcolcon.colcon_core.package_discovery[0m [1;30mLevel 1[0m discover_packages(prefix_path) using defaults
[0.551s] [34mcolcon.colcon_core.verb[0m [1;30mLevel 5[0m set package 'ros2_test_client' build argument 'cmake_args' from command line to 'None'
[0.551s] [34mcolcon.colcon_core.verb[0m [1;30mLevel 5[0m set package 'ros2_test_client' build argument 'cmake_target' from command line to 'None'
[0.551s] [34mcolcon.colcon_core.verb[0m [1;30mLevel 5[0m set package 'ros2_test_client' build argument 'cmake_target_skip_unavailable' from command line to 'False'
[0.551s] [34mcolcon.colcon_core.verb[0m [1;30mLevel 5[0m set package 'ros2_test_client' build argument 'cmake_clean_cache' from command line to 'False'
[0.551s] [34mcolcon.colcon_core.verb[0m [1;30mLevel 5[0m set package 'ros2_test_client' build argument 'cmake_clean_first' from command line to 'False'
[0.551s] [34mcolcon.colcon_core.verb[0m [1;30mLevel 5[0m set package 'ros2_test_client' build argument 'cmake_force_configure' from command line to 'False'
[0.551s] [34mcolcon.colcon_core.verb[0m [1;30mLevel 5[0m set package 'ros2_test_client' build argument 'ament_cmake_args' from command line to 'None'
[0.551s] [34mcolcon.colcon_core.verb[0m [1;30mLevel 5[0m set package 'ros2_test_client' build argument 'catkin_cmake_args' from command line to 'None'
[0.551s] [34mcolcon.colcon_core.verb[0m [1;30mLevel 5[0m set package 'ros2_test_client' build argument 'catkin_skip_building_tests' from command line to 'False'
[0.551s] [34mcolcon.colcon_core.verb[0m [1;30mDEBUG[0m [32mBuilding package 'ros2_test_client' with the following arguments: {'ament_cmake_args': None, 'build_base': '/home/jason/Desktop/ROS2_study/build/ros2_test_client', 'catkin_cmake_args': None, 'catkin_skip_building_tests': False, 'cmake_args': None, 'cmake_clean_cache': False, 'cmake_clean_first': False, 'cmake_force_configure': False, 'cmake_target': None, 'cmake_target_skip_unavailable': False, 'install_base': '/home/jason/Desktop/ROS2_study/install/ros2_test_client', 'merge_install': False, 'path': '/home/jason/Desktop/ROS2_study/src/ros2_test_client', 'symlink_install': False, 'test_result_base': None}[0m
[0.557s] [34mcolcon.colcon_core.verb[0m [1;30mLevel 5[0m set package 'ros2_test_interfaces' build argument 'cmake_args' from command line to 'None'
[0.557s] [34mcolcon.colcon_core.verb[0m [1;30mLevel 5[0m set package 'ros2_test_interfaces' build argument 'cmake_target' from command line to 'None'
[0.557s] [34mcolcon.colcon_core.verb[0m [1;30mLevel 5[0m set package 'ros2_test_interfaces' build argument 'cmake_target_skip_unavailable' from command line to 'False'
[0.557s] [34mcolcon.colcon_core.verb[0m [1;30mLevel 5[0m set package 'ros2_test_interfaces' build argument 'cmake_clean_cache' from command line to 'False'
[0.557s] [34mcolcon.colcon_core.verb[0m [1;30mLevel 5[0m set package 'ros2_test_interfaces' build argument 'cmake_clean_first' from command line to 'False'
[0.557s] [34mcolcon.colcon_core.verb[0m [1;30mLevel 5[0m set package 'ros2_test_interfaces' build argument 'cmake_force_configure' from command line to 'False'
[0.557s] [34mcolcon.colcon_core.verb[0m [1;30mLevel 5[0m set package 'ros2_test_interfaces' build argument 'ament_cmake_args' from command line to 'None'
[0.557s] [34mcolcon.colcon_core.verb[0m [1;30mLevel 5[0m set package 'ros2_test_interfaces' build argument 'catkin_cmake_args' from command line to 'None'
[0.557s] [34mcolcon.colcon_core.verb[0m [1;30mLevel 5[0m set package 'ros2_test_interfaces' build argument 'catkin_skip_building_tests' from command line to 'False'
[0.557s] [34mcolcon.colcon_core.verb[0m [1;30mDEBUG[0m [32mBuilding package 'ros2_test_interfaces' with the following arguments: {'ament_cmake_args': None, 'build_base': '/home/jason/Desktop/ROS2_study/build/ros2_test_interfaces', 'catkin_cmake_args': None, 'catkin_skip_building_tests': False, 'cmake_args': None, 'cmake_clean_cache': False, 'cmake_clean_first': False, 'cmake_force_configure': False, 'cmake_target': None, 'cmake_target_skip_unavailable': False, 'install_base': '/home/jason/Desktop/ROS2_study/install/ros2_test_interfaces', 'merge_install': False, 'path': '/home/jason/Desktop/ROS2_study/src/ros2_test_interfaces', 'symlink_install': False, 'test_result_base': None}[0m
[0.563s] [34mcolcon.colcon_core.verb[0m [1;30mLevel 5[0m set package 'ros2_test_node' build argument 'cmake_args' from command line to 'None'
[0.563s] [34mcolcon.colcon_core.verb[0m [1;30mLevel 5[0m set package 'ros2_test_node' build argument 'cmake_target' from command line to 'None'
[0.563s] [34mcolcon.colcon_core.verb[0m [1;30mLevel 5[0m set package 'ros2_test_node' build argument 'cmake_target_skip_unavailable' from command line to 'False'
[0.563s] [34mcolcon.colcon_core.verb[0m [1;30mLevel 5[0m set package 'ros2_test_node' build argument 'cmake_clean_cache' from command line to 'False'
[0.563s] [34mcolcon.colcon_core.verb[0m [1;30mLevel 5[0m set package 'ros2_test_node' build argument 'cmake_clean_first' from command line to 'False'
[0.563s] [34mcolcon.colcon_core.verb[0m [1;30mLevel 5[0m set package 'ros2_test_node' build argument 'cmake_force_configure' from command line to 'False'
[0.563s] [34mcolcon.colcon_core.verb[0m [1;30mLevel 5[0m set package 'ros2_test_node' build argument 'ament_cmake_args' from command line to 'None'
[0.563s] [34mcolcon.colcon_core.verb[0m [1;30mLevel 5[0m set package 'ros2_test_node' build argument 'catkin_cmake_args' from command line to 'None'
[0.563s] [34mcolcon.colcon_core.verb[0m [1;30mLevel 5[0m set package 'ros2_test_node' build argument 'catkin_skip_building_tests' from command line to 'False'
[0.563s] [34mcolcon.colcon_core.verb[0m [1;30mDEBUG[0m [32mBuilding package 'ros2_test_node' with the following arguments: {'ament_cmake_args': None, 'build_base': '/home/jason/Desktop/ROS2_study/build/ros2_test_node', 'catkin_cmake_args': None, 'catkin_skip_building_tests': False, 'cmake_args': None, 'cmake_clean_cache': False, 'cmake_clean_first': False, 'cmake_force_configure': False, 'cmake_target': None, 'cmake_target_skip_unavailable': False, 'install_base': '/home/jason/Desktop/ROS2_study/install/ros2_test_node', 'merge_install': False, 'path': '/home/jason/Desktop/ROS2_study/src/ros2_test_node', 'symlink_install': False, 'test_result_base': None}[0m
[0.569s] [34mcolcon.colcon_core.verb[0m [1;30mLevel 5[0m set package 'ros2_test_service' build argument 'cmake_args' from command line to 'None'
[0.569s] [34mcolcon.colcon_core.verb[0m [1;30mLevel 5[0m set package 'ros2_test_service' build argument 'cmake_target' from command line to 'None'
[0.569s] [34mcolcon.colcon_core.verb[0m [1;30mLevel 5[0m set package 'ros2_test_service' build argument 'cmake_target_skip_unavailable' from command line to 'False'
[0.569s] [34mcolcon.colcon_core.verb[0m [1;30mLevel 5[0m set package 'ros2_test_service' build argument 'cmake_clean_cache' from command line to 'False'
[0.569s] [34mcolcon.colcon_core.verb[0m [1;30mLevel 5[0m set package 'ros2_test_service' build argument 'cmake_clean_first' from command line to 'False'
[0.569s] [34mcolcon.colcon_core.verb[0m [1;30mLevel 5[0m set package 'ros2_test_service' build argument 'cmake_force_configure' from command line to 'False'
[0.569s] [34mcolcon.colcon_core.verb[0m [1;30mLevel 5[0m set package 'ros2_test_service' build argument 'ament_cmake_args' from command line to 'None'
[0.569s] [34mcolcon.colcon_core.verb[0m [1;30mLevel 5[0m set package 'ros2_test_service' build argument 'catkin_cmake_args' from command line to 'None'
[0.569s] [34mcolcon.colcon_core.verb[0m [1;30mLevel 5[0m set package 'ros2_test_service' build argument 'catkin_skip_building_tests' from command line to 'False'
[0.569s] [34mcolcon.colcon_core.verb[0m [1;30mDEBUG[0m [32mBuilding package 'ros2_test_service' with the following arguments: {'ament_cmake_args': None, 'build_base': '/home/jason/Desktop/ROS2_study/build/ros2_test_service', 'catkin_cmake_args': None, 'catkin_skip_building_tests': False, 'cmake_args': None, 'cmake_clean_cache': False, 'cmake_clean_first': False, 'cmake_force_configure': False, 'cmake_target': None, 'cmake_target_skip_unavailable': False, 'install_base': '/home/jason/Desktop/ROS2_study/install/ros2_test_service', 'merge_install': False, 'path': '/home/jason/Desktop/ROS2_study/src/ros2_test_service', 'symlink_install': False, 'test_result_base': None}[0m
[0.574s] [34mcolcon.colcon_core.verb[0m [1;30mLevel 5[0m set package 'ros2_test_subscriber' build argument 'cmake_args' from command line to 'None'
[0.574s] [34mcolcon.colcon_core.verb[0m [1;30mLevel 5[0m set package 'ros2_test_subscriber' build argument 'cmake_target' from command line to 'None'
[0.574s] [34mcolcon.colcon_core.verb[0m [1;30mLevel 5[0m set package 'ros2_test_subscriber' build argument 'cmake_target_skip_unavailable' from command line to 'False'
[0.574s] [34mcolcon.colcon_core.verb[0m [1;30mLevel 5[0m set package 'ros2_test_subscriber' build argument 'cmake_clean_cache' from command line to 'False'
[0.574s] [34mcolcon.colcon_core.verb[0m [1;30mLevel 5[0m set package 'ros2_test_subscriber' build argument 'cmake_clean_first' from command line to 'False'
[0.574s] [34mcolcon.colcon_core.verb[0m [1;30mLevel 5[0m set package 'ros2_test_subscriber' build argument 'cmake_force_configure' from command line to 'False'
[0.574s] [34mcolcon.colcon_core.verb[0m [1;30mLevel 5[0m set package 'ros2_test_subscriber' build argument 'ament_cmake_args' from command line to 'None'
[0.574s] [34mcolcon.colcon_core.verb[0m [1;30mLevel 5[0m set package 'ros2_test_subscriber' build argument 'catkin_cmake_args' from command line to 'None'
[0.574s] [34mcolcon.colcon_core.verb[0m [1;30mLevel 5[0m set package 'ros2_test_subscriber' build argument 'catkin_skip_building_tests' from command line to 'False'
[0.574s] [34mcolcon.colcon_core.verb[0m [1;30mDEBUG[0m [32mBuilding package 'ros2_test_subscriber' with the following arguments: {'ament_cmake_args': None, 'build_base': '/home/jason/Desktop/ROS2_study/build/ros2_test_subscriber', 'catkin_cmake_args': None, 'catkin_skip_building_tests': False, 'cmake_args': None, 'cmake_clean_cache': False, 'cmake_clean_first': False, 'cmake_force_configure': False, 'cmake_target': None, 'cmake_target_skip_unavailable': False, 'install_base': '/home/jason/Desktop/ROS2_study/install/ros2_test_subscriber', 'merge_install': False, 'path': '/home/jason/Desktop/ROS2_study/src/ros2_test_subscriber', 'symlink_install': False, 'test_result_base': None}[0m
[0.580s] [34mcolcon.colcon_core.verb[0m [1;30mLevel 5[0m set package 'ros2_test_publisher' build argument 'cmake_args' from command line to 'None'
[0.580s] [34mcolcon.colcon_core.verb[0m [1;30mLevel 5[0m set package 'ros2_test_publisher' build argument 'cmake_target' from command line to 'None'
[0.580s] [34mcolcon.colcon_core.verb[0m [1;30mLevel 5[0m set package 'ros2_test_publisher' build argument 'cmake_target_skip_unavailable' from command line to 'False'
[0.580s] [34mcolcon.colcon_core.verb[0m [1;30mLevel 5[0m set package 'ros2_test_publisher' build argument 'cmake_clean_cache' from command line to 'False'
[0.580s] [34mcolcon.colcon_core.verb[0m [1;30mLevel 5[0m set package 'ros2_test_publisher' build argument 'cmake_clean_first' from command line to 'False'
[0.580s] [34mcolcon.colcon_core.verb[0m [1;30mLevel 5[0m set package 'ros2_test_publisher' build argument 'cmake_force_configure' from command line to 'False'
[0.580s] [34mcolcon.colcon_core.verb[0m [1;30mLevel 5[0m set package 'ros2_test_publisher' build argument 'ament_cmake_args' from command line to 'None'
[0.580s] [34mcolcon.colcon_core.verb[0m [1;30mLevel 5[0m set package 'ros2_test_publisher' build argument 'catkin_cmake_args' from command line to 'None'
[0.580s] [34mcolcon.colcon_core.verb[0m [1;30mLevel 5[0m set package 'ros2_test_publisher' build argument 'catkin_skip_building_tests' from command line to 'False'
[0.580s] [34mcolcon.colcon_core.verb[0m [1;30mDEBUG[0m [32mBuilding package 'ros2_test_publisher' with the following arguments: {'ament_cmake_args': None, 'build_base': '/home/jason/Desktop/ROS2_study/build/ros2_test_publisher', 'catkin_cmake_args': None, 'catkin_skip_building_tests': False, 'cmake_args': None, 'cmake_clean_cache': False, 'cmake_clean_first': False, 'cmake_force_configure': False, 'cmake_target': None, 'cmake_target_skip_unavailable': False, 'install_base': '/home/jason/Desktop/ROS2_study/install/ros2_test_publisher', 'merge_install': False, 'path': '/home/jason/Desktop/ROS2_study/src/ros2_test_publisher', 'symlink_install': False, 'test_result_base': None}[0m
[0.585s] [34mcolcon.colcon_core.executor[0m [1;30mINFO[0m Executing jobs using 'parallel' executor
[0.591s] [34mcolcon.colcon_parallel_executor.executor.parallel[0m [1;30mDEBUG[0m [32mrun_until_complete[0m
[0.591s] [34mcolcon.colcon_ros.task.ament_cmake.build[0m [1;30mINFO[0m Building ROS package in '/home/jason/Desktop/ROS2_study/src/ros2_test_interfaces' with build type 'ament_cmake'
[0.592s] [34mcolcon.colcon_cmake.task.cmake.build[0m [1;30mINFO[0m Building CMake package in '/home/jason/Desktop/ROS2_study/src/ros2_test_interfaces'
[0.598s] [34mcolcon.colcon_core.plugin_system[0m [1;30mINFO[0m Skipping extension 'colcon_core.shell.bat': Not used on non-Windows systems
[0.599s] [34mcolcon.colcon_core.shell[0m [1;30mINFO[0m Skip shell extension 'powershell' for command environment: Not usable outside of PowerShell
[0.599s] [34mcolcon.colcon_core.shell[0m [1;30mDEBUG[0m [32mSkip shell extension 'dsv' for command environment[0m
[0.617s] [34mcolcon.colcon_ros.task.ament_cmake.build[0m [1;30mINFO[0m Building ROS package in '/home/jason/Desktop/ROS2_study/src/ros2_test_client' with build type 'ament_cmake'
[0.617s] [34mcolcon.colcon_cmake.task.cmake.build[0m [1;30mINFO[0m Building CMake package in '/home/jason/Desktop/ROS2_study/src/ros2_test_client'
[0.622s] [34mcolcon.colcon_core.shell[0m [1;30mINFO[0m Skip shell extension 'powershell' for command environment: Not usable outside of PowerShell
[0.622s] [34mcolcon.colcon_core.shell[0m [1;30mDEBUG[0m [32mSkip shell extension 'dsv' for command environment[0m
[0.670s] [34mcolcon.colcon_ros.task.ament_cmake.build[0m [1;30mINFO[0m Building ROS package in '/home/jason/Desktop/ROS2_study/src/ros2_test_node' with build type 'ament_cmake'
[0.671s] [34mcolcon.colcon_cmake.task.cmake.build[0m [1;30mINFO[0m Building CMake package in '/home/jason/Desktop/ROS2_study/src/ros2_test_node'
[0.696s] [34mcolcon.colcon_core.shell[0m [1;30mINFO[0m Skip shell extension 'powershell' for command environment: Not usable outside of PowerShell
[0.696s] [34mcolcon.colcon_core.shell[0m [1;30mDEBUG[0m [32mSkip shell extension 'dsv' for command environment[0m
[0.751s] [34mcolcon.colcon_ros.task.ament_cmake.build[0m [1;30mINFO[0m Building ROS package in '/home/jason/Desktop/ROS2_study/src/ros2_test_service' with build type 'ament_cmake'
[0.751s] [34mcolcon.colcon_cmake.task.cmake.build[0m [1;30mINFO[0m Building CMake package in '/home/jason/Desktop/ROS2_study/src/ros2_test_service'
[0.759s] [34mcolcon.colcon_core.shell[0m [1;30mINFO[0m Skip shell extension 'powershell' for command environment: Not usable outside of PowerShell
[0.759s] [34mcolcon.colcon_core.shell[0m [1;30mDEBUG[0m [32mSkip shell extension 'dsv' for command environment[0m
[0.778s] [34mcolcon.colcon_ros.task.ament_cmake.build[0m [1;30mINFO[0m Building ROS package in '/home/jason/Desktop/ROS2_study/src/ros2_test_subscriber' with build type 'ament_cmake'
[0.778s] [34mcolcon.colcon_cmake.task.cmake.build[0m [1;30mINFO[0m Building CMake package in '/home/jason/Desktop/ROS2_study/src/ros2_test_subscriber'
[0.784s] [34mcolcon.colcon_core.shell[0m [1;30mINFO[0m Skip shell extension 'powershell' for command environment: Not usable outside of PowerShell
[0.784s] [34mcolcon.colcon_core.shell[0m [1;30mDEBUG[0m [32mSkip shell extension 'dsv' for command environment[0m
[0.804s] [34mcolcon.colcon_core.event_handler.log_command[0m [1;30mDEBUG[0m [32mInvoking command in '/home/jason/Desktop/ROS2_study/build/ros2_test_interfaces': CMAKE_PREFIX_PATH=${CMAKE_PREFIX_PATH}:/opt/ros/humble /usr/bin/cmake --build /home/jason/Desktop/ROS2_study/build/ros2_test_interfaces -- -j32 -l32[0m
[0.807s] [34mcolcon.colcon_core.event_handler.log_command[0m [1;30mDEBUG[0m [32mInvoking command in '/home/jason/Desktop/ROS2_study/build/ros2_test_client': CMAKE_PREFIX_PATH=${CMAKE_PREFIX_PATH}:/opt/ros/humble /usr/bin/cmake --build /home/jason/Desktop/ROS2_study/build/ros2_test_client -- -j32 -l32[0m
[0.807s] [34mcolcon.colcon_core.event_handler.log_command[0m [1;30mDEBUG[0m [32mInvoking command in '/home/jason/Desktop/ROS2_study/build/ros2_test_node': CMAKE_PREFIX_PATH=${CMAKE_PREFIX_PATH}:/opt/ros/humble /usr/bin/cmake --build /home/jason/Desktop/ROS2_study/build/ros2_test_node -- -j32 -l32[0m
[0.808s] [34mcolcon.colcon_core.event_handler.log_command[0m [1;30mDEBUG[0m [32mInvoking command in '/home/jason/Desktop/ROS2_study/build/ros2_test_service': CMAKE_PREFIX_PATH=${CMAKE_PREFIX_PATH}:/opt/ros/humble /usr/bin/cmake --build /home/jason/Desktop/ROS2_study/build/ros2_test_service -- -j32 -l32[0m
[0.811s] [34mcolcon.colcon_core.event_handler.log_command[0m [1;30mDEBUG[0m [32mInvoking command in '/home/jason/Desktop/ROS2_study/build/ros2_test_subscriber': CMAKE_PREFIX_PATH=${CMAKE_PREFIX_PATH}:/opt/ros/humble /usr/bin/cmake --build /home/jason/Desktop/ROS2_study/build/ros2_test_subscriber -- -j32 -l32[0m
[0.841s] [34mcolcon.colcon_core.event_handler.log_command[0m [1;30mDEBUG[0m [32mInvoked command in '/home/jason/Desktop/ROS2_study/build/ros2_test_node' returned '0': CMAKE_PREFIX_PATH=${CMAKE_PREFIX_PATH}:/opt/ros/humble /usr/bin/cmake --build /home/jason/Desktop/ROS2_study/build/ros2_test_node -- -j32 -l32[0m
[0.846s] [34mcolcon.colcon_core.event_handler.log_command[0m [1;30mDEBUG[0m [32mInvoked command in '/home/jason/Desktop/ROS2_study/build/ros2_test_service' returned '0': CMAKE_PREFIX_PATH=${CMAKE_PREFIX_PATH}:/opt/ros/humble /usr/bin/cmake --build /home/jason/Desktop/ROS2_study/build/ros2_test_service -- -j32 -l32[0m
[0.851s] [34mcolcon.colcon_core.event_handler.log_command[0m [1;30mDEBUG[0m [32mInvoked command in '/home/jason/Desktop/ROS2_study/build/ros2_test_subscriber' returned '0': CMAKE_PREFIX_PATH=${CMAKE_PREFIX_PATH}:/opt/ros/humble /usr/bin/cmake --build /home/jason/Desktop/ROS2_study/build/ros2_test_subscriber -- -j32 -l32[0m
[0.866s] [34mcolcon.colcon_core.event_handler.log_command[0m [1;30mDEBUG[0m [32mInvoking command in '/home/jason/Desktop/ROS2_study/build/ros2_test_node': CMAKE_PREFIX_PATH=${CMAKE_PREFIX_PATH}:/opt/ros/humble /usr/bin/cmake --install /home/jason/Desktop/ROS2_study/build/ros2_test_node[0m
[0.869s] [34mcolcon.colcon_core.event_handler.log_command[0m [1;30mDEBUG[0m [32mInvoking command in '/home/jason/Desktop/ROS2_study/build/ros2_test_service': CMAKE_PREFIX_PATH=${CMAKE_PREFIX_PATH}:/opt/ros/humble /usr/bin/cmake --install /home/jason/Desktop/ROS2_study/build/ros2_test_service[0m
[0.871s] [34mcolcon.colcon_core.event_handler.log_command[0m [1;30mDEBUG[0m [32mInvoking command in '/home/jason/Desktop/ROS2_study/build/ros2_test_subscriber': CMAKE_PREFIX_PATH=${CMAKE_PREFIX_PATH}:/opt/ros/humble /usr/bin/cmake --install /home/jason/Desktop/ROS2_study/build/ros2_test_subscriber[0m
[0.872s] [34mcolcon.colcon_core.environment[0m [1;30mLevel 1[0m create_environment_scripts_only(ros2_test_node)
[0.874s] [34mcolcon.colcon_core.event_handler.log_command[0m [1;30mDEBUG[0m [32mInvoked command in '/home/jason/Desktop/ROS2_study/build/ros2_test_node' returned '0': CMAKE_PREFIX_PATH=${CMAKE_PREFIX_PATH}:/opt/ros/humble /usr/bin/cmake --install /home/jason/Desktop/ROS2_study/build/ros2_test_node[0m
[0.889s] [34mcolcon.colcon_core.environment[0m [1;30mLevel 1[0m checking '/home/jason/Desktop/ROS2_study/install/ros2_test_node' for CMake module files
[0.890s] [34mcolcon.colcon_core.environment[0m [1;30mLevel 1[0m checking '/home/jason/Desktop/ROS2_study/install/ros2_test_node' for CMake config files
[0.890s] [34mcolcon.colcon_core.shell[0m [1;30mLevel 1[0m create_environment_hook('ros2_test_node', 'cmake_prefix_path')
[0.899s] [34mcolcon.colcon_core.shell[0m [1;30mINFO[0m Creating environment hook '/home/jason/Desktop/ROS2_study/install/ros2_test_node/share/ros2_test_node/hook/cmake_prefix_path.ps1'
[0.900s] [34mcolcon.colcon_core.shell[0m [1;30mINFO[0m Creating environment descriptor '/home/jason/Desktop/ROS2_study/install/ros2_test_node/share/ros2_test_node/hook/cmake_prefix_path.dsv'
[0.900s] [34mcolcon.colcon_core.shell[0m [1;30mINFO[0m Creating environment hook '/home/jason/Desktop/ROS2_study/install/ros2_test_node/share/ros2_test_node/hook/cmake_prefix_path.sh'
[0.901s] [34mcolcon.colcon_core.environment[0m [1;30mLevel 1[0m checking '/home/jason/Desktop/ROS2_study/install/ros2_test_node/lib'
[0.901s] [34mcolcon.colcon_core.environment[0m [1;30mLevel 1[0m checking '/home/jason/Desktop/ROS2_study/install/ros2_test_node/bin'
[0.901s] [34mcolcon.colcon_core.environment[0m [1;30mLevel 1[0m checking '/home/jason/Desktop/ROS2_study/install/ros2_test_node/lib/pkgconfig/ros2_test_node.pc'
[0.901s] [34mcolcon.colcon_core.environment[0m [1;30mLevel 1[0m checking '/home/jason/Desktop/ROS2_study/install/ros2_test_node/lib/python3.10/site-packages'
[0.901s] [34mcolcon.colcon_core.environment[0m [1;30mLevel 1[0m checking '/home/jason/Desktop/ROS2_study/install/ros2_test_node/bin'
[0.912s] [34mcolcon.colcon_core.shell[0m [1;30mINFO[0m Creating package script '/home/jason/Desktop/ROS2_study/install/ros2_test_node/share/ros2_test_node/package.ps1'
[0.913s] [34mcolcon.colcon_core.shell[0m [1;30mINFO[0m Creating package descriptor '/home/jason/Desktop/ROS2_study/install/ros2_test_node/share/ros2_test_node/package.dsv'
[0.914s] [34mcolcon.colcon_core.shell[0m [1;30mINFO[0m Creating package script '/home/jason/Desktop/ROS2_study/install/ros2_test_node/share/ros2_test_node/package.sh'
[0.914s] [34mcolcon.colcon_core.shell[0m [1;30mINFO[0m Creating package script '/home/jason/Desktop/ROS2_study/install/ros2_test_node/share/ros2_test_node/package.bash'
[0.914s] [34mcolcon.colcon_core.shell[0m [1;30mINFO[0m Creating package script '/home/jason/Desktop/ROS2_study/install/ros2_test_node/share/ros2_test_node/package.zsh'
[0.915s] [34mcolcon.colcon_core.environment[0m [1;30mLevel 1[0m create_file_with_runtime_dependencies(/home/jason/Desktop/ROS2_study/install/ros2_test_node/share/colcon-core/packages/ros2_test_node)
[0.917s] [34mcolcon.colcon_core.environment[0m [1;30mLevel 1[0m create_environment_scripts_only(ros2_test_subscriber)
[0.918s] [34mcolcon.colcon_core.event_handler.log_command[0m [1;30mDEBUG[0m [32mInvoked command in '/home/jason/Desktop/ROS2_study/build/ros2_test_subscriber' returned '0': CMAKE_PREFIX_PATH=${CMAKE_PREFIX_PATH}:/opt/ros/humble /usr/bin/cmake --install /home/jason/Desktop/ROS2_study/build/ros2_test_subscriber[0m
[0.929s] [34mcolcon.colcon_core.environment[0m [1;30mLevel 1[0m checking '/home/jason/Desktop/ROS2_study/install/ros2_test_subscriber' for CMake module files
[0.930s] [34mcolcon.colcon_core.environment[0m [1;30mLevel 1[0m checking '/home/jason/Desktop/ROS2_study/install/ros2_test_subscriber' for CMake config files
[0.930s] [34mcolcon.colcon_core.shell[0m [1;30mLevel 1[0m create_environment_hook('ros2_test_subscriber', 'cmake_prefix_path')
[0.938s] [34mcolcon.colcon_core.shell[0m [1;30mINFO[0m Creating environment hook '/home/jason/Desktop/ROS2_study/install/ros2_test_subscriber/share/ros2_test_subscriber/hook/cmake_prefix_path.ps1'
[0.939s] [34mcolcon.colcon_core.shell[0m [1;30mINFO[0m Creating environment descriptor '/home/jason/Desktop/ROS2_study/install/ros2_test_subscriber/share/ros2_test_subscriber/hook/cmake_prefix_path.dsv'
[0.939s] [34mcolcon.colcon_core.shell[0m [1;30mINFO[0m Creating environment hook '/home/jason/Desktop/ROS2_study/install/ros2_test_subscriber/share/ros2_test_subscriber/hook/cmake_prefix_path.sh'
[0.939s] [34mcolcon.colcon_core.environment[0m [1;30mLevel 1[0m checking '/home/jason/Desktop/ROS2_study/install/ros2_test_subscriber/lib'
[0.939s] [34mcolcon.colcon_core.environment[0m [1;30mLevel 1[0m checking '/home/jason/Desktop/ROS2_study/install/ros2_test_subscriber/bin'
[0.939s] [34mcolcon.colcon_core.environment[0m [1;30mLevel 1[0m checking '/home/jason/Desktop/ROS2_study/install/ros2_test_subscriber/lib/pkgconfig/ros2_test_subscriber.pc'
[0.939s] [34mcolcon.colcon_core.environment[0m [1;30mLevel 1[0m checking '/home/jason/Desktop/ROS2_study/install/ros2_test_subscriber/lib/python3.10/site-packages'
[0.940s] [34mcolcon.colcon_core.environment[0m [1;30mLevel 1[0m checking '/home/jason/Desktop/ROS2_study/install/ros2_test_subscriber/bin'
[0.947s] [34mcolcon.colcon_core.shell[0m [1;30mINFO[0m Creating package script '/home/jason/Desktop/ROS2_study/install/ros2_test_subscriber/share/ros2_test_subscriber/package.ps1'
[0.948s] [34mcolcon.colcon_core.shell[0m [1;30mINFO[0m Creating package descriptor '/home/jason/Desktop/ROS2_study/install/ros2_test_subscriber/share/ros2_test_subscriber/package.dsv'
[0.948s] [34mcolcon.colcon_core.shell[0m [1;30mINFO[0m Creating package script '/home/jason/Desktop/ROS2_study/install/ros2_test_subscriber/share/ros2_test_subscriber/package.sh'
[0.948s] [34mcolcon.colcon_core.shell[0m [1;30mINFO[0m Creating package script '/home/jason/Desktop/ROS2_study/install/ros2_test_subscriber/share/ros2_test_subscriber/package.bash'
[0.948s] [34mcolcon.colcon_core.shell[0m [1;30mINFO[0m Creating package script '/home/jason/Desktop/ROS2_study/install/ros2_test_subscriber/share/ros2_test_subscriber/package.zsh'
[0.949s] [34mcolcon.colcon_core.environment[0m [1;30mLevel 1[0m create_file_with_runtime_dependencies(/home/jason/Desktop/ROS2_study/install/ros2_test_subscriber/share/colcon-core/packages/ros2_test_subscriber)
[0.950s] [34mcolcon.colcon_core.environment[0m [1;30mLevel 1[0m create_environment_scripts_only(ros2_test_service)
[0.950s] [34mcolcon.colcon_core.event_handler.log_command[0m [1;30mDEBUG[0m [32mInvoked command in '/home/jason/Desktop/ROS2_study/build/ros2_test_service' returned '0': CMAKE_PREFIX_PATH=${CMAKE_PREFIX_PATH}:/opt/ros/humble /usr/bin/cmake --install /home/jason/Desktop/ROS2_study/build/ros2_test_service[0m
[0.958s] [34mcolcon.colcon_core.environment[0m [1;30mLevel 1[0m checking '/home/jason/Desktop/ROS2_study/install/ros2_test_service' for CMake module files
[0.958s] [34mcolcon.colcon_core.environment[0m [1;30mLevel 1[0m checking '/home/jason/Desktop/ROS2_study/install/ros2_test_service' for CMake config files
[0.958s] [34mcolcon.colcon_core.shell[0m [1;30mLevel 1[0m create_environment_hook('ros2_test_service', 'cmake_prefix_path')
[0.966s] [34mcolcon.colcon_core.shell[0m [1;30mINFO[0m Creating environment hook '/home/jason/Desktop/ROS2_study/install/ros2_test_service/share/ros2_test_service/hook/cmake_prefix_path.ps1'
[0.966s] [34mcolcon.colcon_core.shell[0m [1;30mINFO[0m Creating environment descriptor '/home/jason/Desktop/ROS2_study/install/ros2_test_service/share/ros2_test_service/hook/cmake_prefix_path.dsv'
[0.967s] [34mcolcon.colcon_core.shell[0m [1;30mINFO[0m Creating environment hook '/home/jason/Desktop/ROS2_study/install/ros2_test_service/share/ros2_test_service/hook/cmake_prefix_path.sh'
[0.967s] [34mcolcon.colcon_core.environment[0m [1;30mLevel 1[0m checking '/home/jason/Desktop/ROS2_study/install/ros2_test_service/lib'
[0.967s] [34mcolcon.colcon_core.environment[0m [1;30mLevel 1[0m checking '/home/jason/Desktop/ROS2_study/install/ros2_test_service/bin'
[0.967s] [34mcolcon.colcon_core.environment[0m [1;30mLevel 1[0m checking '/home/jason/Desktop/ROS2_study/install/ros2_test_service/lib/pkgconfig/ros2_test_service.pc'
[0.967s] [34mcolcon.colcon_core.environment[0m [1;30mLevel 1[0m checking '/home/jason/Desktop/ROS2_study/install/ros2_test_service/lib/python3.10/site-packages'
[0.967s] [34mcolcon.colcon_core.environment[0m [1;30mLevel 1[0m checking '/home/jason/Desktop/ROS2_study/install/ros2_test_service/bin'
[0.975s] [34mcolcon.colcon_core.shell[0m [1;30mINFO[0m Creating package script '/home/jason/Desktop/ROS2_study/install/ros2_test_service/share/ros2_test_service/package.ps1'
[0.975s] [34mcolcon.colcon_core.shell[0m [1;30mINFO[0m Creating package descriptor '/home/jason/Desktop/ROS2_study/install/ros2_test_service/share/ros2_test_service/package.dsv'
[0.975s] [34mcolcon.colcon_core.shell[0m [1;30mINFO[0m Creating package script '/home/jason/Desktop/ROS2_study/install/ros2_test_service/share/ros2_test_service/package.sh'
[0.975s] [34mcolcon.colcon_core.shell[0m [1;30mINFO[0m Creating package script '/home/jason/Desktop/ROS2_study/install/ros2_test_service/share/ros2_test_service/package.bash'
[0.976s] [34mcolcon.colcon_core.shell[0m [1;30mINFO[0m Creating package script '/home/jason/Desktop/ROS2_study/install/ros2_test_service/share/ros2_test_service/package.zsh'
[0.976s] [34mcolcon.colcon_core.environment[0m [1;30mLevel 1[0m create_file_with_runtime_dependencies(/home/jason/Desktop/ROS2_study/install/ros2_test_service/share/colcon-core/packages/ros2_test_service)
[0.985s] [34mcolcon.colcon_core.environment[0m [1;30mLevel 1[0m create_environment_scripts_only(ros2_test_node)
[0.992s] [34mcolcon.colcon_core.environment[0m [1;30mLevel 1[0m checking '/home/jason/Desktop/ROS2_study/install/ros2_test_node' for CMake module files
[0.992s] [34mcolcon.colcon_core.environment[0m [1;30mLevel 1[0m checking '/home/jason/Desktop/ROS2_study/install/ros2_test_node' for CMake config files
[0.993s] [34mcolcon.colcon_core.shell[0m [1;30mLevel 1[0m create_environment_hook('ros2_test_node', 'cmake_prefix_path')
[1.002s] [34mcolcon.colcon_core.shell[0m [1;30mINFO[0m Creating environment hook '/home/jason/Desktop/ROS2_study/install/ros2_test_node/share/ros2_test_node/hook/cmake_prefix_path.ps1'
[1.002s] [34mcolcon.colcon_core.shell[0m [1;30mINFO[0m Creating environment descriptor '/home/jason/Desktop/ROS2_study/install/ros2_test_node/share/ros2_test_node/hook/cmake_prefix_path.dsv'
[1.002s] [34mcolcon.colcon_core.shell[0m [1;30mINFO[0m Creating environment hook '/home/jason/Desktop/ROS2_study/install/ros2_test_node/share/ros2_test_node/hook/cmake_prefix_path.sh'
[1.003s] [34mcolcon.colcon_core.environment[0m [1;30mLevel 1[0m checking '/home/jason/Desktop/ROS2_study/install/ros2_test_node/lib'
[1.003s] [34mcolcon.colcon_core.environment[0m [1;30mLevel 1[0m checking '/home/jason/Desktop/ROS2_study/install/ros2_test_node/bin'
[1.003s] [34mcolcon.colcon_core.environment[0m [1;30mLevel 1[0m checking '/home/jason/Desktop/ROS2_study/install/ros2_test_node/lib/pkgconfig/ros2_test_node.pc'
[1.003s] [34mcolcon.colcon_core.environment[0m [1;30mLevel 1[0m checking '/home/jason/Desktop/ROS2_study/install/ros2_test_node/lib/python3.10/site-packages'
[1.003s] [34mcolcon.colcon_core.environment[0m [1;30mLevel 1[0m checking '/home/jason/Desktop/ROS2_study/install/ros2_test_node/bin'
[1.010s] [34mcolcon.colcon_core.shell[0m [1;30mINFO[0m Creating package script '/home/jason/Desktop/ROS2_study/install/ros2_test_node/share/ros2_test_node/package.ps1'
[1.011s] [34mcolcon.colcon_core.shell[0m [1;30mINFO[0m Creating package descriptor '/home/jason/Desktop/ROS2_study/install/ros2_test_node/share/ros2_test_node/package.dsv'
[1.011s] [34mcolcon.colcon_core.shell[0m [1;30mINFO[0m Creating package script '/home/jason/Desktop/ROS2_study/install/ros2_test_node/share/ros2_test_node/package.sh'
[1.011s] [34mcolcon.colcon_core.shell[0m [1;30mINFO[0m Creating package script '/home/jason/Desktop/ROS2_study/install/ros2_test_node/share/ros2_test_node/package.bash'
[1.011s] [34mcolcon.colcon_core.shell[0m [1;30mINFO[0m Creating package script '/home/jason/Desktop/ROS2_study/install/ros2_test_node/share/ros2_test_node/package.zsh'
[1.011s] [34mcolcon.colcon_core.environment[0m [1;30mLevel 1[0m create_file_with_runtime_dependencies(/home/jason/Desktop/ROS2_study/install/ros2_test_node/share/colcon-core/packages/ros2_test_node)
[1.020s] [34mcolcon.colcon_core.environment[0m [1;30mLevel 1[0m create_environment_scripts_only(ros2_test_subscriber)
[1.029s] [34mcolcon.colcon_core.environment[0m [1;30mLevel 1[0m checking '/home/jason/Desktop/ROS2_study/install/ros2_test_subscriber' for CMake module files
[1.029s] [34mcolcon.colcon_core.environment[0m [1;30mLevel 1[0m checking '/home/jason/Desktop/ROS2_study/install/ros2_test_subscriber' for CMake config files
[1.029s] [34mcolcon.colcon_core.shell[0m [1;30mLevel 1[0m create_environment_hook('ros2_test_subscriber', 'cmake_prefix_path')
[1.037s] [34mcolcon.colcon_core.shell[0m [1;30mINFO[0m Creating environment hook '/home/jason/Desktop/ROS2_study/install/ros2_test_subscriber/share/ros2_test_subscriber/hook/cmake_prefix_path.ps1'
[1.038s] [34mcolcon.colcon_core.shell[0m [1;30mINFO[0m Creating environment descriptor '/home/jason/Desktop/ROS2_study/install/ros2_test_subscriber/share/ros2_test_subscriber/hook/cmake_prefix_path.dsv'
[1.038s] [34mcolcon.colcon_core.shell[0m [1;30mINFO[0m Creating environment hook '/home/jason/Desktop/ROS2_study/install/ros2_test_subscriber/share/ros2_test_subscriber/hook/cmake_prefix_path.sh'
[1.038s] [34mcolcon.colcon_core.environment[0m [1;30mLevel 1[0m checking '/home/jason/Desktop/ROS2_study/install/ros2_test_subscriber/lib'
[1.038s] [34mcolcon.colcon_core.environment[0m [1;30mLevel 1[0m checking '/home/jason/Desktop/ROS2_study/install/ros2_test_subscriber/bin'
[1.038s] [34mcolcon.colcon_core.environment[0m [1;30mLevel 1[0m checking '/home/jason/Desktop/ROS2_study/install/ros2_test_subscriber/lib/pkgconfig/ros2_test_subscriber.pc'
[1.039s] [34mcolcon.colcon_core.environment[0m [1;30mLevel 1[0m checking '/home/jason/Desktop/ROS2_study/install/ros2_test_subscriber/lib/python3.10/site-packages'
[1.039s] [34mcolcon.colcon_core.environment[0m [1;30mLevel 1[0m checking '/home/jason/Desktop/ROS2_study/install/ros2_test_subscriber/bin'
[1.046s] [34mcolcon.colcon_core.shell[0m [1;30mINFO[0m Creating package script '/home/jason/Desktop/ROS2_study/install/ros2_test_subscriber/share/ros2_test_subscriber/package.ps1'
[1.046s] [34mcolcon.colcon_core.shell[0m [1;30mINFO[0m Creating package descriptor '/home/jason/Desktop/ROS2_study/install/ros2_test_subscriber/share/ros2_test_subscriber/package.dsv'
[1.046s] [34mcolcon.colcon_core.shell[0m [1;30mINFO[0m Creating package script '/home/jason/Desktop/ROS2_study/install/ros2_test_subscriber/share/ros2_test_subscriber/package.sh'
[1.046s] [34mcolcon.colcon_core.shell[0m [1;30mINFO[0m Creating package script '/home/jason/Desktop/ROS2_study/install/ros2_test_subscriber/share/ros2_test_subscriber/package.bash'
[1.046s] [34mcolcon.colcon_core.shell[0m [1;30mINFO[0m Creating package script '/home/jason/Desktop/ROS2_study/install/ros2_test_subscriber/share/ros2_test_subscriber/package.zsh'
[1.047s] [34mcolcon.colcon_core.environment[0m [1;30mLevel 1[0m create_file_with_runtime_dependencies(/home/jason/Desktop/ROS2_study/install/ros2_test_subscriber/share/colcon-core/packages/ros2_test_subscriber)
[1.054s] [34mcolcon.colcon_core.environment[0m [1;30mLevel 1[0m create_environment_scripts_only(ros2_test_service)
[1.061s] [34mcolcon.colcon_core.environment[0m [1;30mLevel 1[0m checking '/home/jason/Desktop/ROS2_study/install/ros2_test_service' for CMake module files
[1.061s] [34mcolcon.colcon_core.environment[0m [1;30mLevel 1[0m checking '/home/jason/Desktop/ROS2_study/install/ros2_test_service' for CMake config files
[1.061s] [34mcolcon.colcon_core.shell[0m [1;30mLevel 1[0m create_environment_hook('ros2_test_service', 'cmake_prefix_path')
[1.067s] [34mcolcon.colcon_core.shell[0m [1;30mINFO[0m Creating environment hook '/home/jason/Desktop/ROS2_study/install/ros2_test_service/share/ros2_test_service/hook/cmake_prefix_path.ps1'
[1.068s] [34mcolcon.colcon_core.shell[0m [1;30mINFO[0m Creating environment descriptor '/home/jason/Desktop/ROS2_study/install/ros2_test_service/share/ros2_test_service/hook/cmake_prefix_path.dsv'
[1.068s] [34mcolcon.colcon_core.shell[0m [1;30mINFO[0m Creating environment hook '/home/jason/Desktop/ROS2_study/install/ros2_test_service/share/ros2_test_service/hook/cmake_prefix_path.sh'
[1.068s] [34mcolcon.colcon_core.environment[0m [1;30mLevel 1[0m checking '/home/jason/Desktop/ROS2_study/install/ros2_test_service/lib'
[1.068s] [34mcolcon.colcon_core.environment[0m [1;30mLevel 1[0m checking '/home/jason/Desktop/ROS2_study/install/ros2_test_service/bin'
[1.068s] [34mcolcon.colcon_core.environment[0m [1;30mLevel 1[0m checking '/home/jason/Desktop/ROS2_study/install/ros2_test_service/lib/pkgconfig/ros2_test_service.pc'
[1.068s] [34mcolcon.colcon_core.environment[0m [1;30mLevel 1[0m checking '/home/jason/Desktop/ROS2_study/install/ros2_test_service/lib/python3.10/site-packages'
[1.068s] [34mcolcon.colcon_core.environment[0m [1;30mLevel 1[0m checking '/home/jason/Desktop/ROS2_study/install/ros2_test_service/bin'
[1.075s] [34mcolcon.colcon_core.shell[0m [1;30mINFO[0m Creating package script '/home/jason/Desktop/ROS2_study/install/ros2_test_service/share/ros2_test_service/package.ps1'
[1.075s] [34mcolcon.colcon_core.shell[0m [1;30mINFO[0m Creating package descriptor '/home/jason/Desktop/ROS2_study/install/ros2_test_service/share/ros2_test_service/package.dsv'
[1.075s] [34mcolcon.colcon_core.shell[0m [1;30mINFO[0m Creating package script '/home/jason/Desktop/ROS2_study/install/ros2_test_service/share/ros2_test_service/package.sh'
[1.076s] [34mcolcon.colcon_core.shell[0m [1;30mINFO[0m Creating package script '/home/jason/Desktop/ROS2_study/install/ros2_test_service/share/ros2_test_service/package.bash'
[1.076s] [34mcolcon.colcon_core.shell[0m [1;30mINFO[0m Creating package script '/home/jason/Desktop/ROS2_study/install/ros2_test_service/share/ros2_test_service/package.zsh'
[1.076s] [34mcolcon.colcon_core.environment[0m [1;30mLevel 1[0m create_file_with_runtime_dependencies(/home/jason/Desktop/ROS2_study/install/ros2_test_service/share/colcon-core/packages/ros2_test_service)
[1.077s] [34mcolcon.colcon_core.event_handler.log_command[0m [1;30mDEBUG[0m [32mInvoked command in '/home/jason/Desktop/ROS2_study/build/ros2_test_interfaces' returned '0': CMAKE_PREFIX_PATH=${CMAKE_PREFIX_PATH}:/opt/ros/humble /usr/bin/cmake --build /home/jason/Desktop/ROS2_study/build/ros2_test_interfaces -- -j32 -l32[0m
[1.141s] [34mcolcon.colcon_core.event_handler.log_command[0m [1;30mDEBUG[0m [32mInvoking command in '/home/jason/Desktop/ROS2_study/build/ros2_test_interfaces': CMAKE_PREFIX_PATH=${CMAKE_PREFIX_PATH}:/opt/ros/humble /usr/bin/cmake --install /home/jason/Desktop/ROS2_study/build/ros2_test_interfaces[0m
[1.176s] [34mcolcon.colcon_core.environment[0m [1;30mLevel 1[0m create_environment_scripts_only(ros2_test_interfaces)
[1.176s] [34mcolcon.colcon_core.event_handler.log_command[0m [1;30mDEBUG[0m [32mInvoked command in '/home/jason/Desktop/ROS2_study/build/ros2_test_interfaces' returned '0': CMAKE_PREFIX_PATH=${CMAKE_PREFIX_PATH}:/opt/ros/humble /usr/bin/cmake --install /home/jason/Desktop/ROS2_study/build/ros2_test_interfaces[0m
[1.184s] [34mcolcon.colcon_core.environment[0m [1;30mLevel 1[0m checking '/home/jason/Desktop/ROS2_study/install/ros2_test_interfaces' for CMake module files
[1.184s] [34mcolcon.colcon_core.environment[0m [1;30mLevel 1[0m checking '/home/jason/Desktop/ROS2_study/install/ros2_test_interfaces' for CMake config files
[1.184s] [34mcolcon.colcon_core.shell[0m [1;30mLevel 1[0m create_environment_hook('ros2_test_interfaces', 'cmake_prefix_path')
[1.191s] [34mcolcon.colcon_core.shell[0m [1;30mINFO[0m Creating environment hook '/home/jason/Desktop/ROS2_study/install/ros2_test_interfaces/share/ros2_test_interfaces/hook/cmake_prefix_path.ps1'
[1.191s] [34mcolcon.colcon_core.shell[0m [1;30mINFO[0m Creating environment descriptor '/home/jason/Desktop/ROS2_study/install/ros2_test_interfaces/share/ros2_test_interfaces/hook/cmake_prefix_path.dsv'
[1.192s] [34mcolcon.colcon_core.shell[0m [1;30mINFO[0m Creating environment hook '/home/jason/Desktop/ROS2_study/install/ros2_test_interfaces/share/ros2_test_interfaces/hook/cmake_prefix_path.sh'
[1.192s] [34mcolcon.colcon_core.environment[0m [1;30mLevel 1[0m checking '/home/jason/Desktop/ROS2_study/install/ros2_test_interfaces/lib'
[1.192s] [34mcolcon.colcon_core.shell[0m [1;30mLevel 1[0m create_environment_hook('ros2_test_interfaces', 'ld_library_path_lib')
[1.199s] [34mcolcon.colcon_core.shell[0m [1;30mINFO[0m Creating environment hook '/home/jason/Desktop/ROS2_study/install/ros2_test_interfaces/share/ros2_test_interfaces/hook/ld_library_path_lib.ps1'
[1.199s] [34mcolcon.colcon_core.shell[0m [1;30mINFO[0m Creating environment descriptor '/home/jason/Desktop/ROS2_study/install/ros2_test_interfaces/share/ros2_test_interfaces/hook/ld_library_path_lib.dsv'
[1.199s] [34mcolcon.colcon_core.shell[0m [1;30mINFO[0m Creating environment hook '/home/jason/Desktop/ROS2_study/install/ros2_test_interfaces/share/ros2_test_interfaces/hook/ld_library_path_lib.sh'
[1.200s] [34mcolcon.colcon_core.environment[0m [1;30mLevel 1[0m checking '/home/jason/Desktop/ROS2_study/install/ros2_test_interfaces/bin'
[1.200s] [34mcolcon.colcon_core.environment[0m [1;30mLevel 1[0m checking '/home/jason/Desktop/ROS2_study/install/ros2_test_interfaces/lib/pkgconfig/ros2_test_interfaces.pc'
[1.200s] [34mcolcon.colcon_core.environment[0m [1;30mLevel 1[0m checking '/home/jason/Desktop/ROS2_study/install/ros2_test_interfaces/lib/python3.10/site-packages'
[1.200s] [34mcolcon.colcon_core.environment[0m [1;30mLevel 1[0m checking '/home/jason/Desktop/ROS2_study/install/ros2_test_interfaces/bin'
[1.207s] [34mcolcon.colcon_core.shell[0m [1;30mINFO[0m Creating package script '/home/jason/Desktop/ROS2_study/install/ros2_test_interfaces/share/ros2_test_interfaces/package.ps1'
[1.207s] [34mcolcon.colcon_core.shell[0m [1;30mINFO[0m Creating package descriptor '/home/jason/Desktop/ROS2_study/install/ros2_test_interfaces/share/ros2_test_interfaces/package.dsv'
[1.207s] [34mcolcon.colcon_core.shell[0m [1;30mINFO[0m Creating package script '/home/jason/Desktop/ROS2_study/install/ros2_test_interfaces/share/ros2_test_interfaces/package.sh'
[1.207s] [34mcolcon.colcon_core.shell[0m [1;30mINFO[0m Creating package script '/home/jason/Desktop/ROS2_study/install/ros2_test_interfaces/share/ros2_test_interfaces/package.bash'
[1.208s] [34mcolcon.colcon_core.shell[0m [1;30mINFO[0m Creating package script '/home/jason/Desktop/ROS2_study/install/ros2_test_interfaces/share/ros2_test_interfaces/package.zsh'
[1.208s] [34mcolcon.colcon_core.environment[0m [1;30mLevel 1[0m create_file_with_runtime_dependencies(/home/jason/Desktop/ROS2_study/install/ros2_test_interfaces/share/colcon-core/packages/ros2_test_interfaces)
[1.274s] [34mcolcon.colcon_core.environment[0m [1;30mLevel 1[0m create_environment_scripts_only(ros2_test_interfaces)
[1.280s] [34mcolcon.colcon_core.environment[0m [1;30mLevel 1[0m checking '/home/jason/Desktop/ROS2_study/install/ros2_test_interfaces' for CMake module files
[1.281s] [34mcolcon.colcon_core.environment[0m [1;30mLevel 1[0m checking '/home/jason/Desktop/ROS2_study/install/ros2_test_interfaces' for CMake config files
[1.281s] [34mcolcon.colcon_core.shell[0m [1;30mLevel 1[0m create_environment_hook('ros2_test_interfaces', 'cmake_prefix_path')
[1.287s] [34mcolcon.colcon_core.shell[0m [1;30mINFO[0m Creating environment hook '/home/jason/Desktop/ROS2_study/install/ros2_test_interfaces/share/ros2_test_interfaces/hook/cmake_prefix_path.ps1'
[1.287s] [34mcolcon.colcon_core.shell[0m [1;30mINFO[0m Creating environment descriptor '/home/jason/Desktop/ROS2_study/install/ros2_test_interfaces/share/ros2_test_interfaces/hook/cmake_prefix_path.dsv'
[1.288s] [34mcolcon.colcon_core.shell[0m [1;30mINFO[0m Creating environment hook '/home/jason/Desktop/ROS2_study/install/ros2_test_interfaces/share/ros2_test_interfaces/hook/cmake_prefix_path.sh'
[1.288s] [34mcolcon.colcon_core.environment[0m [1;30mLevel 1[0m checking '/home/jason/Desktop/ROS2_study/install/ros2_test_interfaces/lib'
[1.288s] [34mcolcon.colcon_core.shell[0m [1;30mLevel 1[0m create_environment_hook('ros2_test_interfaces', 'ld_library_path_lib')
[1.294s] [34mcolcon.colcon_core.shell[0m [1;30mINFO[0m Creating environment hook '/home/jason/Desktop/ROS2_study/install/ros2_test_interfaces/share/ros2_test_interfaces/hook/ld_library_path_lib.ps1'
[1.295s] [34mcolcon.colcon_core.shell[0m [1;30mINFO[0m Creating environment descriptor '/home/jason/Desktop/ROS2_study/install/ros2_test_interfaces/share/ros2_test_interfaces/hook/ld_library_path_lib.dsv'
[1.295s] [34mcolcon.colcon_core.shell[0m [1;30mINFO[0m Creating environment hook '/home/jason/Desktop/ROS2_study/install/ros2_test_interfaces/share/ros2_test_interfaces/hook/ld_library_path_lib.sh'
[1.295s] [34mcolcon.colcon_core.environment[0m [1;30mLevel 1[0m checking '/home/jason/Desktop/ROS2_study/install/ros2_test_interfaces/bin'
[1.295s] [34mcolcon.colcon_core.environment[0m [1;30mLevel 1[0m checking '/home/jason/Desktop/ROS2_study/install/ros2_test_interfaces/lib/pkgconfig/ros2_test_interfaces.pc'
[1.295s] [34mcolcon.colcon_core.environment[0m [1;30mLevel 1[0m checking '/home/jason/Desktop/ROS2_study/install/ros2_test_interfaces/lib/python3.10/site-packages'
[1.295s] [34mcolcon.colcon_core.environment[0m [1;30mLevel 1[0m checking '/home/jason/Desktop/ROS2_study/install/ros2_test_interfaces/bin'
[1.302s] [34mcolcon.colcon_core.shell[0m [1;30mINFO[0m Creating package script '/home/jason/Desktop/ROS2_study/install/ros2_test_interfaces/share/ros2_test_interfaces/package.ps1'
[1.302s] [34mcolcon.colcon_core.shell[0m [1;30mINFO[0m Creating package descriptor '/home/jason/Desktop/ROS2_study/install/ros2_test_interfaces/share/ros2_test_interfaces/package.dsv'
[1.302s] [34mcolcon.colcon_core.shell[0m [1;30mINFO[0m Creating package script '/home/jason/Desktop/ROS2_study/install/ros2_test_interfaces/share/ros2_test_interfaces/package.sh'
[1.303s] [34mcolcon.colcon_core.shell[0m [1;30mINFO[0m Creating package script '/home/jason/Desktop/ROS2_study/install/ros2_test_interfaces/share/ros2_test_interfaces/package.bash'
[1.303s] [34mcolcon.colcon_core.shell[0m [1;30mINFO[0m Creating package script '/home/jason/Desktop/ROS2_study/install/ros2_test_interfaces/share/ros2_test_interfaces/package.zsh'
[1.303s] [34mcolcon.colcon_core.environment[0m [1;30mLevel 1[0m create_file_with_runtime_dependencies(/home/jason/Desktop/ROS2_study/install/ros2_test_interfaces/share/colcon-core/packages/ros2_test_interfaces)
[1.303s] [34mcolcon.colcon_ros.task.ament_cmake.build[0m [1;30mINFO[0m Building ROS package in '/home/jason/Desktop/ROS2_study/src/ros2_test_publisher' with build type 'ament_cmake'
[1.303s] [34mcolcon.colcon_cmake.task.cmake.build[0m [1;30mINFO[0m Building CMake package in '/home/jason/Desktop/ROS2_study/src/ros2_test_publisher'
[1.310s] [34mcolcon.colcon_core.shell[0m [1;30mINFO[0m Skip shell extension 'powershell' for command environment: Not usable outside of PowerShell
[1.310s] [34mcolcon.colcon_core.shell[0m [1;30mDEBUG[0m [32mSkip shell extension 'dsv' for command environment[0m
[1.337s] [34mcolcon.colcon_core.event_handler.log_command[0m [1;30mDEBUG[0m [32mInvoking command in '/home/jason/Desktop/ROS2_study/build/ros2_test_publisher': CMAKE_PREFIX_PATH=/home/jason/Desktop/ROS2_study/install/ros2_test_interfaces:/home/jason/Desktop/ROS2_study/install/ros2_test_subscriber:/home/jason/Desktop/ROS2_study/install/ros2_test_service:/home/jason/Desktop/ROS2_study/install/ros2_test_publisher:/home/jason/Desktop/ROS2_study/install/ros2_test_node:/home/jason/Desktop/ROS2_study/install/ros2_test_client:/opt/ros/humble LD_LIBRARY_PATH=/home/jason/Desktop/ROS2_study/install/ros2_test_interfaces/lib:/opt/ros/humble/opt/rviz_ogre_vendor/lib:/opt/ros/humble/lib/x86_64-linux-gnu:/opt/ros/humble/lib:/opt/tdt/openvino/tools/compile_tool:/opt/tdt/openvino/runtime/3rdparty/hddl/lib:/opt/tdt/openvino/runtime/lib/intel64:/opt/tdt/libhikcamera/lib64:/opt/tdt/lib:/usr/local/opencv4.7.0/lib /usr/bin/cmake --build /home/jason/Desktop/ROS2_study/build/ros2_test_publisher -- -j32 -l32[0m
[1.380s] [34mcolcon.colcon_core.event_handler.log_command[0m [1;30mDEBUG[0m [32mInvoked command in '/home/jason/Desktop/ROS2_study/build/ros2_test_publisher' returned '0': CMAKE_PREFIX_PATH=/home/jason/Desktop/ROS2_study/install/ros2_test_interfaces:/home/jason/Desktop/ROS2_study/install/ros2_test_subscriber:/home/jason/Desktop/ROS2_study/install/ros2_test_service:/home/jason/Desktop/ROS2_study/install/ros2_test_publisher:/home/jason/Desktop/ROS2_study/install/ros2_test_node:/home/jason/Desktop/ROS2_study/install/ros2_test_client:/opt/ros/humble LD_LIBRARY_PATH=/home/jason/Desktop/ROS2_study/install/ros2_test_interfaces/lib:/opt/ros/humble/opt/rviz_ogre_vendor/lib:/opt/ros/humble/lib/x86_64-linux-gnu:/opt/ros/humble/lib:/opt/tdt/openvino/tools/compile_tool:/opt/tdt/openvino/runtime/3rdparty/hddl/lib:/opt/tdt/openvino/runtime/lib/intel64:/opt/tdt/libhikcamera/lib64:/opt/tdt/lib:/usr/local/opencv4.7.0/lib /usr/bin/cmake --build /home/jason/Desktop/ROS2_study/build/ros2_test_publisher -- -j32 -l32[0m
[1.397s] [34mcolcon.colcon_core.event_handler.log_command[0m [1;30mDEBUG[0m [32mInvoking command in '/home/jason/Desktop/ROS2_study/build/ros2_test_publisher': CMAKE_PREFIX_PATH=/home/jason/Desktop/ROS2_study/install/ros2_test_interfaces:/home/jason/Desktop/ROS2_study/install/ros2_test_subscriber:/home/jason/Desktop/ROS2_study/install/ros2_test_service:/home/jason/Desktop/ROS2_study/install/ros2_test_publisher:/home/jason/Desktop/ROS2_study/install/ros2_test_node:/home/jason/Desktop/ROS2_study/install/ros2_test_client:/opt/ros/humble LD_LIBRARY_PATH=/home/jason/Desktop/ROS2_study/install/ros2_test_interfaces/lib:/opt/ros/humble/opt/rviz_ogre_vendor/lib:/opt/ros/humble/lib/x86_64-linux-gnu:/opt/ros/humble/lib:/opt/tdt/openvino/tools/compile_tool:/opt/tdt/openvino/runtime/3rdparty/hddl/lib:/opt/tdt/openvino/runtime/lib/intel64:/opt/tdt/libhikcamera/lib64:/opt/tdt/lib:/usr/local/opencv4.7.0/lib /usr/bin/cmake --install /home/jason/Desktop/ROS2_study/build/ros2_test_publisher[0m
[1.404s] [34mcolcon.colcon_core.environment[0m [1;30mLevel 1[0m create_environment_scripts_only(ros2_test_publisher)
[1.405s] [34mcolcon.colcon_core.event_handler.log_command[0m [1;30mDEBUG[0m [32mInvoked command in '/home/jason/Desktop/ROS2_study/build/ros2_test_publisher' returned '0': CMAKE_PREFIX_PATH=/home/jason/Desktop/ROS2_study/install/ros2_test_interfaces:/home/jason/Desktop/ROS2_study/install/ros2_test_subscriber:/home/jason/Desktop/ROS2_study/install/ros2_test_service:/home/jason/Desktop/ROS2_study/install/ros2_test_publisher:/home/jason/Desktop/ROS2_study/install/ros2_test_node:/home/jason/Desktop/ROS2_study/install/ros2_test_client:/opt/ros/humble LD_LIBRARY_PATH=/home/jason/Desktop/ROS2_study/install/ros2_test_interfaces/lib:/opt/ros/humble/opt/rviz_ogre_vendor/lib:/opt/ros/humble/lib/x86_64-linux-gnu:/opt/ros/humble/lib:/opt/tdt/openvino/tools/compile_tool:/opt/tdt/openvino/runtime/3rdparty/hddl/lib:/opt/tdt/openvino/runtime/lib/intel64:/opt/tdt/libhikcamera/lib64:/opt/tdt/lib:/usr/local/opencv4.7.0/lib /usr/bin/cmake --install /home/jason/Desktop/ROS2_study/build/ros2_test_publisher[0m
[1.412s] [34mcolcon.colcon_core.environment[0m [1;30mLevel 1[0m checking '/home/jason/Desktop/ROS2_study/install/ros2_test_publisher' for CMake module files
[1.412s] [34mcolcon.colcon_core.environment[0m [1;30mLevel 1[0m checking '/home/jason/Desktop/ROS2_study/install/ros2_test_publisher' for CMake config files
[1.412s] [34mcolcon.colcon_core.shell[0m [1;30mLevel 1[0m create_environment_hook('ros2_test_publisher', 'cmake_prefix_path')
[1.420s] [34mcolcon.colcon_core.shell[0m [1;30mINFO[0m Creating environment hook '/home/jason/Desktop/ROS2_study/install/ros2_test_publisher/share/ros2_test_publisher/hook/cmake_prefix_path.ps1'
[1.420s] [34mcolcon.colcon_core.shell[0m [1;30mINFO[0m Creating environment descriptor '/home/jason/Desktop/ROS2_study/install/ros2_test_publisher/share/ros2_test_publisher/hook/cmake_prefix_path.dsv'
[1.420s] [34mcolcon.colcon_core.shell[0m [1;30mINFO[0m Creating environment hook '/home/jason/Desktop/ROS2_study/install/ros2_test_publisher/share/ros2_test_publisher/hook/cmake_prefix_path.sh'
[1.421s] [34mcolcon.colcon_core.environment[0m [1;30mLevel 1[0m checking '/home/jason/Desktop/ROS2_study/install/ros2_test_publisher/lib'
[1.421s] [34mcolcon.colcon_core.environment[0m [1;30mLevel 1[0m checking '/home/jason/Desktop/ROS2_study/install/ros2_test_publisher/bin'
[1.421s] [34mcolcon.colcon_core.environment[0m [1;30mLevel 1[0m checking '/home/jason/Desktop/ROS2_study/install/ros2_test_publisher/lib/pkgconfig/ros2_test_publisher.pc'
[1.421s] [34mcolcon.colcon_core.environment[0m [1;30mLevel 1[0m checking '/home/jason/Desktop/ROS2_study/install/ros2_test_publisher/lib/python3.10/site-packages'
[1.421s] [34mcolcon.colcon_core.environment[0m [1;30mLevel 1[0m checking '/home/jason/Desktop/ROS2_study/install/ros2_test_publisher/bin'
[1.428s] [34mcolcon.colcon_core.shell[0m [1;30mINFO[0m Creating package script '/home/jason/Desktop/ROS2_study/install/ros2_test_publisher/share/ros2_test_publisher/package.ps1'
[1.429s] [34mcolcon.colcon_core.shell[0m [1;30mINFO[0m Creating package descriptor '/home/jason/Desktop/ROS2_study/install/ros2_test_publisher/share/ros2_test_publisher/package.dsv'
[1.429s] [34mcolcon.colcon_core.shell[0m [1;30mINFO[0m Creating package script '/home/jason/Desktop/ROS2_study/install/ros2_test_publisher/share/ros2_test_publisher/package.sh'
[1.429s] [34mcolcon.colcon_core.shell[0m [1;30mINFO[0m Creating package script '/home/jason/Desktop/ROS2_study/install/ros2_test_publisher/share/ros2_test_publisher/package.bash'
[1.429s] [34mcolcon.colcon_core.shell[0m [1;30mINFO[0m Creating package script '/home/jason/Desktop/ROS2_study/install/ros2_test_publisher/share/ros2_test_publisher/package.zsh'
[1.429s] [34mcolcon.colcon_core.environment[0m [1;30mLevel 1[0m create_file_with_runtime_dependencies(/home/jason/Desktop/ROS2_study/install/ros2_test_publisher/share/colcon-core/packages/ros2_test_publisher)
[1.455s] [34mcolcon.colcon_core.environment[0m [1;30mLevel 1[0m create_environment_scripts_only(ros2_test_publisher)
[1.462s] [34mcolcon.colcon_core.environment[0m [1;30mLevel 1[0m checking '/home/jason/Desktop/ROS2_study/install/ros2_test_publisher' for CMake module files
[1.462s] [34mcolcon.colcon_core.environment[0m [1;30mLevel 1[0m checking '/home/jason/Desktop/ROS2_study/install/ros2_test_publisher' for CMake config files
[1.462s] [34mcolcon.colcon_core.shell[0m [1;30mLevel 1[0m create_environment_hook('ros2_test_publisher', 'cmake_prefix_path')
[1.469s] [34mcolcon.colcon_core.shell[0m [1;30mINFO[0m Creating environment hook '/home/jason/Desktop/ROS2_study/install/ros2_test_publisher/share/ros2_test_publisher/hook/cmake_prefix_path.ps1'
[1.469s] [34mcolcon.colcon_core.shell[0m [1;30mINFO[0m Creating environment descriptor '/home/jason/Desktop/ROS2_study/install/ros2_test_publisher/share/ros2_test_publisher/hook/cmake_prefix_path.dsv'
[1.469s] [34mcolcon.colcon_core.shell[0m [1;30mINFO[0m Creating environment hook '/home/jason/Desktop/ROS2_study/install/ros2_test_publisher/share/ros2_test_publisher/hook/cmake_prefix_path.sh'
[1.470s] [34mcolcon.colcon_core.environment[0m [1;30mLevel 1[0m checking '/home/jason/Desktop/ROS2_study/install/ros2_test_publisher/lib'
[1.470s] [34mcolcon.colcon_core.environment[0m [1;30mLevel 1[0m checking '/home/jason/Desktop/ROS2_study/install/ros2_test_publisher/bin'
[1.470s] [34mcolcon.colcon_core.environment[0m [1;30mLevel 1[0m checking '/home/jason/Desktop/ROS2_study/install/ros2_test_publisher/lib/pkgconfig/ros2_test_publisher.pc'
[1.470s] [34mcolcon.colcon_core.environment[0m [1;30mLevel 1[0m checking '/home/jason/Desktop/ROS2_study/install/ros2_test_publisher/lib/python3.10/site-packages'
[1.470s] [34mcolcon.colcon_core.environment[0m [1;30mLevel 1[0m checking '/home/jason/Desktop/ROS2_study/install/ros2_test_publisher/bin'
[1.477s] [34mcolcon.colcon_core.shell[0m [1;30mINFO[0m Creating package script '/home/jason/Desktop/ROS2_study/install/ros2_test_publisher/share/ros2_test_publisher/package.ps1'
[1.477s] [34mcolcon.colcon_core.shell[0m [1;30mINFO[0m Creating package descriptor '/home/jason/Desktop/ROS2_study/install/ros2_test_publisher/share/ros2_test_publisher/package.dsv'
[1.477s] [34mcolcon.colcon_core.shell[0m [1;30mINFO[0m Creating package script '/home/jason/Desktop/ROS2_study/install/ros2_test_publisher/share/ros2_test_publisher/package.sh'
[1.477s] [34mcolcon.colcon_core.shell[0m [1;30mINFO[0m Creating package script '/home/jason/Desktop/ROS2_study/install/ros2_test_publisher/share/ros2_test_publisher/package.bash'
[1.478s] [34mcolcon.colcon_core.shell[0m [1;30mINFO[0m Creating package script '/home/jason/Desktop/ROS2_study/install/ros2_test_publisher/share/ros2_test_publisher/package.zsh'
[1.478s] [34mcolcon.colcon_core.environment[0m [1;30mLevel 1[0m create_file_with_runtime_dependencies(/home/jason/Desktop/ROS2_study/install/ros2_test_publisher/share/colcon-core/packages/ros2_test_publisher)
[2.473s] [34mcolcon.colcon_core.event_handler.log_command[0m [1;30mDEBUG[0m [32mInvoked command in '/home/jason/Desktop/ROS2_study/build/ros2_test_client' returned '2': CMAKE_PREFIX_PATH=${CMAKE_PREFIX_PATH}:/opt/ros/humble /usr/bin/cmake --build /home/jason/Desktop/ROS2_study/build/ros2_test_client -- -j32 -l32[0m
[2.499s] [34mcolcon.colcon_core.environment[0m [1;30mLevel 1[0m create_environment_scripts_only(ros2_test_client)
[2.506s] [34mcolcon.colcon_core.environment[0m [1;30mLevel 1[0m checking '/home/jason/Desktop/ROS2_study/install/ros2_test_client' for CMake module files
[2.506s] [34mcolcon.colcon_core.environment[0m [1;30mLevel 1[0m checking '/home/jason/Desktop/ROS2_study/install/ros2_test_client' for CMake config files
[2.506s] [34mcolcon.colcon_core.shell[0m [1;30mLevel 1[0m create_environment_hook('ros2_test_client', 'cmake_prefix_path')
[2.512s] [34mcolcon.colcon_core.shell[0m [1;30mINFO[0m Creating environment hook '/home/jason/Desktop/ROS2_study/install/ros2_test_client/share/ros2_test_client/hook/cmake_prefix_path.ps1'
[2.513s] [34mcolcon.colcon_core.shell[0m [1;30mINFO[0m Creating environment descriptor '/home/jason/Desktop/ROS2_study/install/ros2_test_client/share/ros2_test_client/hook/cmake_prefix_path.dsv'
[2.513s] [34mcolcon.colcon_core.shell[0m [1;30mINFO[0m Creating environment hook '/home/jason/Desktop/ROS2_study/install/ros2_test_client/share/ros2_test_client/hook/cmake_prefix_path.sh'
[2.513s] [34mcolcon.colcon_core.environment[0m [1;30mLevel 1[0m checking '/home/jason/Desktop/ROS2_study/install/ros2_test_client/lib'
[2.513s] [34mcolcon.colcon_core.environment[0m [1;30mLevel 1[0m checking '/home/jason/Desktop/ROS2_study/install/ros2_test_client/bin'
[2.513s] [34mcolcon.colcon_core.environment[0m [1;30mLevel 1[0m checking '/home/jason/Desktop/ROS2_study/install/ros2_test_client/lib/pkgconfig/ros2_test_client.pc'
[2.513s] [34mcolcon.colcon_core.environment[0m [1;30mLevel 1[0m checking '/home/jason/Desktop/ROS2_study/install/ros2_test_client/lib/python3.10/site-packages'
[2.513s] [34mcolcon.colcon_core.environment[0m [1;30mLevel 1[0m checking '/home/jason/Desktop/ROS2_study/install/ros2_test_client/bin'
[2.519s] [34mcolcon.colcon_core.shell[0m [1;30mINFO[0m Creating package script '/home/jason/Desktop/ROS2_study/install/ros2_test_client/share/ros2_test_client/package.ps1'
[2.520s] [34mcolcon.colcon_core.shell[0m [1;30mINFO[0m Creating package descriptor '/home/jason/Desktop/ROS2_study/install/ros2_test_client/share/ros2_test_client/package.dsv'
[2.520s] [34mcolcon.colcon_core.shell[0m [1;30mINFO[0m Creating package script '/home/jason/Desktop/ROS2_study/install/ros2_test_client/share/ros2_test_client/package.sh'
[2.520s] [34mcolcon.colcon_core.shell[0m [1;30mINFO[0m Creating package script '/home/jason/Desktop/ROS2_study/install/ros2_test_client/share/ros2_test_client/package.bash'
[2.520s] [34mcolcon.colcon_core.shell[0m [1;30mINFO[0m Creating package script '/home/jason/Desktop/ROS2_study/install/ros2_test_client/share/ros2_test_client/package.zsh'
[2.521s] [34mcolcon.colcon_core.environment[0m [1;30mLevel 1[0m create_file_with_runtime_dependencies(/home/jason/Desktop/ROS2_study/install/ros2_test_client/share/colcon-core/packages/ros2_test_client)
[2.531s] [34mcolcon.colcon_parallel_executor.executor.parallel[0m [1;30mDEBUG[0m [32mclosing loop[0m
[2.531s] [34mcolcon.colcon_parallel_executor.executor.parallel[0m [1;30mDEBUG[0m [32mloop closed[0m
[2.531s] [34mcolcon.colcon_parallel_executor.executor.parallel[0m [1;30mDEBUG[0m [32mrun_until_complete finished with '2'[0m
[2.531s] [34mcolcon.colcon_core.event_reactor[0m [1;30mDEBUG[0m [32mjoining thread[0m
[2.541s] [34mcolcon.colcon_core.plugin_system[0m [1;30mINFO[0m Skipping extension 'colcon_notification.desktop_notification.terminal_notifier': Not used on non-Darwin systems
[2.541s] [34mcolcon.colcon_core.plugin_system[0m [1;30mINFO[0m Skipping extension 'colcon_notification.desktop_notification.win32': Not used on non-Windows systems
[2.541s] [34mcolcon.colcon_notification.desktop_notification[0m [1;30mINFO[0m Sending desktop notification using 'notify2'
[2.551s] [34mcolcon.colcon_core.event_reactor[0m [1;30mDEBUG[0m [32mjoined thread[0m
[2.558s] [34mcolcon.colcon_core.shell[0m [1;30mINFO[0m Creating prefix script '/home/jason/Desktop/ROS2_study/install/local_setup.ps1'
[2.558s] [34mcolcon.colcon_core.shell[0m [1;30mINFO[0m Creating prefix util module '/home/jason/Desktop/ROS2_study/install/_local_setup_util_ps1.py'
[2.559s] [34mcolcon.colcon_core.shell[0m [1;30mINFO[0m Creating prefix chain script '/home/jason/Desktop/ROS2_study/install/setup.ps1'
[2.566s] [34mcolcon.colcon_core.shell[0m [1;30mINFO[0m Creating prefix script '/home/jason/Desktop/ROS2_study/install/local_setup.sh'
[2.566s] [34mcolcon.colcon_core.shell[0m [1;30mINFO[0m Creating prefix util module '/home/jason/Desktop/ROS2_study/install/_local_setup_util_sh.py'
[2.566s] [34mcolcon.colcon_core.shell[0m [1;30mINFO[0m Creating prefix chain script '/home/jason/Desktop/ROS2_study/install/setup.sh'
[2.573s] [34mcolcon.colcon_core.shell[0m [1;30mINFO[0m Creating prefix script '/home/jason/Desktop/ROS2_study/install/local_setup.bash'
[2.573s] [34mcolcon.colcon_core.shell[0m [1;30mINFO[0m Creating prefix chain script '/home/jason/Desktop/ROS2_study/install/setup.bash'
[2.580s] [34mcolcon.colcon_core.shell[0m [1;30mINFO[0m Creating prefix script '/home/jason/Desktop/ROS2_study/install/local_setup.zsh'
[2.580s] [34mcolcon.colcon_core.shell[0m [1;30mINFO[0m Creating prefix chain script '/home/jason/Desktop/ROS2_study/install/setup.zsh'
