[0.379s] [34mcolcon[0m [1;30mDEBUG[0m [32mCommand line arguments: ['/usr/bin/colcon', 'build'][0m
[0.379s] [34mcolcon[0m [1;30mDEBUG[0m [32mParsed command line arguments: Namespace(log_base=None, log_level=None, verb_name='build', build_base='build', install_base='install', merge_install=False, symlink_install=False, test_result_base=None, continue_on_error=False, executor='parallel', parallel_workers=32, event_handlers=None, ignore_user_meta=False, metas=['./colcon.meta'], base_paths=['.'], packages_ignore=None, packages_ignore_regex=None, paths=None, packages_up_to=None, packages_up_to_regex=None, packages_above=None, packages_above_and_dependencies=None, packages_above_depth=None, packages_select_by_dep=None, packages_skip_by_dep=None, packages_skip_up_to=None, packages_select_build_failed=False, packages_skip_build_finished=False, packages_select_test_failures=False, packages_skip_test_passed=False, packages_select=None, packages_skip=None, packages_select_regex=None, packages_skip_regex=None, packages_start=None, packages_end=None, allow_overriding=[], cmake_args=None, cmake_target=None, cmake_target_skip_unavailable=False, cmake_clean_cache=False, cmake_clean_first=False, cmake_force_configure=False, ament_cmake_args=None, catkin_cmake_args=None, catkin_skip_building_tests=False, verb_parser=<colcon_defaults.argument_parser.defaults.DefaultArgumentsDecorator object at 0x7fdcef3895d0>, verb_extension=<colcon_core.verb.build.BuildVerb object at 0x7fdcef38a800>, main=<bound method BuildVerb.main of <colcon_core.verb.build.BuildVerb object at 0x7fdcef38a800>>)[0m
[0.397s] [34mcolcon.colcon_core.package_discovery[0m [1;30mLevel 1[0m discover_packages(colcon_meta) check parameters
[0.398s] [34mcolcon.colcon_core.package_discovery[0m [1;30mLevel 1[0m discover_packages(recursive) check parameters
[0.398s] [34mcolcon.colcon_core.package_discovery[0m [1;30mLevel 1[0m discover_packages(ignore) check parameters
[0.398s] [34mcolcon.colcon_core.package_discovery[0m [1;30mLevel 1[0m discover_packages(path) check parameters
[0.398s] [34mcolcon.colcon_core.package_discovery[0m [1;30mLevel 1[0m discover_packages(colcon_meta) discover
[0.398s] [34mcolcon.colcon_core.package_discovery[0m [1;30mLevel 1[0m discover_packages(recursive) discover
[0.398s] [34mcolcon.colcon_core.package_discovery[0m [1;30mINFO[0m Crawling recursively for packages in '/home/jason/Desktop/ROS2_study'
[0.398s] [34mcolcon.colcon_core.package_identification[0m [1;30mLevel 1[0m _identify(.) by extensions ['ignore', 'ignore_ament_install']
[0.398s] [34mcolcon.colcon_core.package_identification[0m [1;30mLevel 1[0m _identify(.) by extension 'ignore'
[0.398s] [34mcolcon.colcon_core.package_identification[0m [1;30mLevel 1[0m _identify(.) by extension 'ignore_ament_install'
[0.398s] [34mcolcon.colcon_core.package_identification[0m [1;30mLevel 1[0m _identify(.) by extensions ['colcon_pkg']
[0.398s] [34mcolcon.colcon_core.package_identification[0m [1;30mLevel 1[0m _identify(.) by extension 'colcon_pkg'
[0.398s] [34mcolcon.colcon_core.package_identification[0m [1;30mLevel 1[0m _identify(.) by extensions ['colcon_meta']
[0.398s] [34mcolcon.colcon_core.package_identification[0m [1;30mLevel 1[0m _identify(.) by extension 'colcon_meta'
[0.398s] [34mcolcon.colcon_core.package_identification[0m [1;30mLevel 1[0m _identify(.) by extensions ['ros']
[0.398s] [34mcolcon.colcon_core.package_identification[0m [1;30mLevel 1[0m _identify(.) by extension 'ros'
[0.403s] [34mcolcon.colcon_core.package_identification[0m [1;30mLevel 1[0m _identify(.) by extensions ['cmake', 'python']
[0.403s] [34mcolcon.colcon_core.package_identification[0m [1;30mLevel 1[0m _identify(.) by extension 'cmake'
[0.403s] [34mcolcon.colcon_core.package_identification[0m [1;30mLevel 1[0m _identify(.) by extension 'python'
[0.403s] [34mcolcon.colcon_core.package_identification[0m [1;30mLevel 1[0m _identify(.) by extensions ['python_setup_py']
[0.403s] [34mcolcon.colcon_core.package_identification[0m [1;30mLevel 1[0m _identify(.) by extension 'python_setup_py'
[0.403s] [34mcolcon.colcon_core.package_identification[0m [1;30mLevel 1[0m _identify(build) by extensions ['ignore', 'ignore_ament_install']
[0.403s] [34mcolcon.colcon_core.package_identification[0m [1;30mLevel 1[0m _identify(build) by extension 'ignore'
[0.403s] [34mcolcon.colcon_core.package_identification[0m [1;30mLevel 1[0m _identify(build) ignored
[0.403s] [34mcolcon.colcon_core.package_identification[0m [1;30mLevel 1[0m _identify(install) by extensions ['ignore', 'ignore_ament_install']
[0.403s] [34mcolcon.colcon_core.package_identification[0m [1;30mLevel 1[0m _identify(install) by extension 'ignore'
[0.403s] [34mcolcon.colcon_core.package_identification[0m [1;30mLevel 1[0m _identify(install) ignored
[0.404s] [34mcolcon.colcon_core.package_identification[0m [1;30mLevel 1[0m _identify(log) by extensions ['ignore', 'ignore_ament_install']
[0.404s] [34mcolcon.colcon_core.package_identification[0m [1;30mLevel 1[0m _identify(log) by extension 'ignore'
[0.404s] [34mcolcon.colcon_core.package_identification[0m [1;30mLevel 1[0m _identify(log) ignored
[0.404s] [34mcolcon.colcon_core.package_identification[0m [1;30mLevel 1[0m _identify(rosbag2_2024_01_08-20_46_12) by extensions ['ignore', 'ignore_ament_install']
[0.404s] [34mcolcon.colcon_core.package_identification[0m [1;30mLevel 1[0m _identify(rosbag2_2024_01_08-20_46_12) by extension 'ignore'
[0.404s] [34mcolcon.colcon_core.package_identification[0m [1;30mLevel 1[0m _identify(rosbag2_2024_01_08-20_46_12) by extension 'ignore_ament_install'
[0.404s] [34mcolcon.colcon_core.package_identification[0m [1;30mLevel 1[0m _identify(rosbag2_2024_01_08-20_46_12) by extensions ['colcon_pkg']
[0.404s] [34mcolcon.colcon_core.package_identification[0m [1;30mLevel 1[0m _identify(rosbag2_2024_01_08-20_46_12) by extension 'colcon_pkg'
[0.404s] [34mcolcon.colcon_core.package_identification[0m [1;30mLevel 1[0m _identify(rosbag2_2024_01_08-20_46_12) by extensions ['colcon_meta']
[0.404s] [34mcolcon.colcon_core.package_identification[0m [1;30mLevel 1[0m _identify(rosbag2_2024_01_08-20_46_12) by extension 'colcon_meta'
[0.404s] [34mcolcon.colcon_core.package_identification[0m [1;30mLevel 1[0m _identify(rosbag2_2024_01_08-20_46_12) by extensions ['ros']
[0.404s] [34mcolcon.colcon_core.package_identification[0m [1;30mLevel 1[0m _identify(rosbag2_2024_01_08-20_46_12) by extension 'ros'
[0.404s] [34mcolcon.colcon_core.package_identification[0m [1;30mLevel 1[0m _identify(rosbag2_2024_01_08-20_46_12) by extensions ['cmake', 'python']
[0.404s] [34mcolcon.colcon_core.package_identification[0m [1;30mLevel 1[0m _identify(rosbag2_2024_01_08-20_46_12) by extension 'cmake'
[0.404s] [34mcolcon.colcon_core.package_identification[0m [1;30mLevel 1[0m _identify(rosbag2_2024_01_08-20_46_12) by extension 'python'
[0.404s] [34mcolcon.colcon_core.package_identification[0m [1;30mLevel 1[0m _identify(rosbag2_2024_01_08-20_46_12) by extensions ['python_setup_py']
[0.404s] [34mcolcon.colcon_core.package_identification[0m [1;30mLevel 1[0m _identify(rosbag2_2024_01_08-20_46_12) by extension 'python_setup_py'
[0.404s] [34mcolcon.colcon_core.package_identification[0m [1;30mLevel 1[0m _identify(src) by extensions ['ignore', 'ignore_ament_install']
[0.404s] [34mcolcon.colcon_core.package_identification[0m [1;30mLevel 1[0m _identify(src) by extension 'ignore'
[0.404s] [34mcolcon.colcon_core.package_identification[0m [1;30mLevel 1[0m _identify(src) by extension 'ignore_ament_install'
[0.404s] [34mcolcon.colcon_core.package_identification[0m [1;30mLevel 1[0m _identify(src) by extensions ['colcon_pkg']
[0.404s] [34mcolcon.colcon_core.package_identification[0m [1;30mLevel 1[0m _identify(src) by extension 'colcon_pkg'
[0.404s] [34mcolcon.colcon_core.package_identification[0m [1;30mLevel 1[0m _identify(src) by extensions ['colcon_meta']
[0.404s] [34mcolcon.colcon_core.package_identification[0m [1;30mLevel 1[0m _identify(src) by extension 'colcon_meta'
[0.404s] [34mcolcon.colcon_core.package_identification[0m [1;30mLevel 1[0m _identify(src) by extensions ['ros']
[0.404s] [34mcolcon.colcon_core.package_identification[0m [1;30mLevel 1[0m _identify(src) by extension 'ros'
[0.404s] [34mcolcon.colcon_core.package_identification[0m [1;30mLevel 1[0m _identify(src) by extensions ['cmake', 'python']
[0.404s] [34mcolcon.colcon_core.package_identification[0m [1;30mLevel 1[0m _identify(src) by extension 'cmake'
[0.404s] [34mcolcon.colcon_core.package_identification[0m [1;30mLevel 1[0m _identify(src) by extension 'python'
[0.404s] [34mcolcon.colcon_core.package_identification[0m [1;30mLevel 1[0m _identify(src) by extensions ['python_setup_py']
[0.404s] [34mcolcon.colcon_core.package_identification[0m [1;30mLevel 1[0m _identify(src) by extension 'python_setup_py'
[0.404s] [34mcolcon.colcon_core.package_identification[0m [1;30mLevel 1[0m _identify(src/ros2_test_client) by extensions ['ignore', 'ignore_ament_install']
[0.404s] [34mcolcon.colcon_core.package_identification[0m [1;30mLevel 1[0m _identify(src/ros2_test_client) by extension 'ignore'
[0.404s] [34mcolcon.colcon_core.package_identification[0m [1;30mLevel 1[0m _identify(src/ros2_test_client) by extension 'ignore_ament_install'
[0.404s] [34mcolcon.colcon_core.package_identification[0m [1;30mLevel 1[0m _identify(src/ros2_test_client) by extensions ['colcon_pkg']
[0.404s] [34mcolcon.colcon_core.package_identification[0m [1;30mLevel 1[0m _identify(src/ros2_test_client) by extension 'colcon_pkg'
[0.404s] [34mcolcon.colcon_core.package_identification[0m [1;30mLevel 1[0m _identify(src/ros2_test_client) by extensions ['colcon_meta']
[0.404s] [34mcolcon.colcon_core.package_identification[0m [1;30mLevel 1[0m _identify(src/ros2_test_client) by extension 'colcon_meta'
[0.404s] [34mcolcon.colcon_core.package_identification[0m [1;30mLevel 1[0m _identify(src/ros2_test_client) by extensions ['ros']
[0.404s] [34mcolcon.colcon_core.package_identification[0m [1;30mLevel 1[0m _identify(src/ros2_test_client) by extension 'ros'
[0.406s] [34mcolcon.colcon_core.package_identification[0m [1;30mDEBUG[0m [32mPackage 'src/ros2_test_client' with type 'ros.ament_cmake' and name 'ros2_test_client'[0m
[0.406s] [34mcolcon.colcon_core.package_identification[0m [1;30mLevel 1[0m _identify(src/ros2_test_interfaces) by extensions ['ignore', 'ignore_ament_install']
[0.406s] [34mcolcon.colcon_core.package_identification[0m [1;30mLevel 1[0m _identify(src/ros2_test_interfaces) by extension 'ignore'
[0.406s] [34mcolcon.colcon_core.package_identification[0m [1;30mLevel 1[0m _identify(src/ros2_test_interfaces) by extension 'ignore_ament_install'
[0.406s] [34mcolcon.colcon_core.package_identification[0m [1;30mLevel 1[0m _identify(src/ros2_test_interfaces) by extensions ['colcon_pkg']
[0.406s] [34mcolcon.colcon_core.package_identification[0m [1;30mLevel 1[0m _identify(src/ros2_test_interfaces) by extension 'colcon_pkg'
[0.406s] [34mcolcon.colcon_core.package_identification[0m [1;30mLevel 1[0m _identify(src/ros2_test_interfaces) by extensions ['colcon_meta']
[0.406s] [34mcolcon.colcon_core.package_identification[0m [1;30mLevel 1[0m _identify(src/ros2_test_interfaces) by extension 'colcon_meta'
[0.406s] [34mcolcon.colcon_core.package_identification[0m [1;30mLevel 1[0m _identify(src/ros2_test_interfaces) by extensions ['ros']
[0.406s] [34mcolcon.colcon_core.package_identification[0m [1;30mLevel 1[0m _identify(src/ros2_test_interfaces) by extension 'ros'
[0.406s] [34mcolcon.colcon_core.package_identification[0m [1;30mDEBUG[0m [32mPackage 'src/ros2_test_interfaces' with type 'ros.ament_cmake' and name 'ros2_test_interfaces'[0m
[0.406s] [34mcolcon.colcon_core.package_identification[0m [1;30mLevel 1[0m _identify(src/ros2_test_node) by extensions ['ignore', 'ignore_ament_install']
[0.406s] [34mcolcon.colcon_core.package_identification[0m [1;30mLevel 1[0m _identify(src/ros2_test_node) by extension 'ignore'
[0.406s] [34mcolcon.colcon_core.package_identification[0m [1;30mLevel 1[0m _identify(src/ros2_test_node) by extension 'ignore_ament_install'
[0.406s] [34mcolcon.colcon_core.package_identification[0m [1;30mLevel 1[0m _identify(src/ros2_test_node) by extensions ['colcon_pkg']
[0.406s] [34mcolcon.colcon_core.package_identification[0m [1;30mLevel 1[0m _identify(src/ros2_test_node) by extension 'colcon_pkg'
[0.406s] [34mcolcon.colcon_core.package_identification[0m [1;30mLevel 1[0m _identify(src/ros2_test_node) by extensions ['colcon_meta']
[0.406s] [34mcolcon.colcon_core.package_identification[0m [1;30mLevel 1[0m _identify(src/ros2_test_node) by extension 'colcon_meta'
[0.406s] [34mcolcon.colcon_core.package_identification[0m [1;30mLevel 1[0m _identify(src/ros2_test_node) by extensions ['ros']
[0.406s] [34mcolcon.colcon_core.package_identification[0m [1;30mLevel 1[0m _identify(src/ros2_test_node) by extension 'ros'
[0.407s] [34mcolcon.colcon_core.package_identification[0m [1;30mDEBUG[0m [32mPackage 'src/ros2_test_node' with type 'ros.ament_cmake' and name 'ros2_test_node'[0m
[0.407s] [34mcolcon.colcon_core.package_identification[0m [1;30mLevel 1[0m _identify(src/ros2_test_parameters) by extensions ['ignore', 'ignore_ament_install']
[0.407s] [34mcolcon.colcon_core.package_identification[0m [1;30mLevel 1[0m _identify(src/ros2_test_parameters) by extension 'ignore'
[0.407s] [34mcolcon.colcon_core.package_identification[0m [1;30mLevel 1[0m _identify(src/ros2_test_parameters) by extension 'ignore_ament_install'
[0.407s] [34mcolcon.colcon_core.package_identification[0m [1;30mLevel 1[0m _identify(src/ros2_test_parameters) by extensions ['colcon_pkg']
[0.407s] [34mcolcon.colcon_core.package_identification[0m [1;30mLevel 1[0m _identify(src/ros2_test_parameters) by extension 'colcon_pkg'
[0.407s] [34mcolcon.colcon_core.package_identification[0m [1;30mLevel 1[0m _identify(src/ros2_test_parameters) by extensions ['colcon_meta']
[0.407s] [34mcolcon.colcon_core.package_identification[0m [1;30mLevel 1[0m _identify(src/ros2_test_parameters) by extension 'colcon_meta'
[0.407s] [34mcolcon.colcon_core.package_identification[0m [1;30mLevel 1[0m _identify(src/ros2_test_parameters) by extensions ['ros']
[0.407s] [34mcolcon.colcon_core.package_identification[0m [1;30mLevel 1[0m _identify(src/ros2_test_parameters) by extension 'ros'
[0.408s] [34mcolcon.colcon_core.package_identification[0m [1;30mDEBUG[0m [32mPackage 'src/ros2_test_parameters' with type 'ros.ament_cmake' and name 'ros2_test_parameters'[0m
[0.408s] [34mcolcon.colcon_core.package_identification[0m [1;30mLevel 1[0m _identify(src/ros2_test_publisher) by extensions ['ignore', 'ignore_ament_install']
[0.408s] [34mcolcon.colcon_core.package_identification[0m [1;30mLevel 1[0m _identify(src/ros2_test_publisher) by extension 'ignore'
[0.408s] [34mcolcon.colcon_core.package_identification[0m [1;30mLevel 1[0m _identify(src/ros2_test_publisher) by extension 'ignore_ament_install'
[0.408s] [34mcolcon.colcon_core.package_identification[0m [1;30mLevel 1[0m _identify(src/ros2_test_publisher) by extensions ['colcon_pkg']
[0.408s] [34mcolcon.colcon_core.package_identification[0m [1;30mLevel 1[0m _identify(src/ros2_test_publisher) by extension 'colcon_pkg'
[0.408s] [34mcolcon.colcon_core.package_identification[0m [1;30mLevel 1[0m _identify(src/ros2_test_publisher) by extensions ['colcon_meta']
[0.408s] [34mcolcon.colcon_core.package_identification[0m [1;30mLevel 1[0m _identify(src/ros2_test_publisher) by extension 'colcon_meta'
[0.408s] [34mcolcon.colcon_core.package_identification[0m [1;30mLevel 1[0m _identify(src/ros2_test_publisher) by extensions ['ros']
[0.408s] [34mcolcon.colcon_core.package_identification[0m [1;30mLevel 1[0m _identify(src/ros2_test_publisher) by extension 'ros'
[0.409s] [34mcolcon.colcon_core.package_identification[0m [1;30mDEBUG[0m [32mPackage 'src/ros2_test_publisher' with type 'ros.ament_cmake' and name 'ros2_test_publisher'[0m
[0.409s] [34mcolcon.colcon_core.package_identification[0m [1;30mLevel 1[0m _identify(src/ros2_test_service) by extensions ['ignore', 'ignore_ament_install']
[0.409s] [34mcolcon.colcon_core.package_identification[0m [1;30mLevel 1[0m _identify(src/ros2_test_service) by extension 'ignore'
[0.409s] [34mcolcon.colcon_core.package_identification[0m [1;30mLevel 1[0m _identify(src/ros2_test_service) by extension 'ignore_ament_install'
[0.409s] [34mcolcon.colcon_core.package_identification[0m [1;30mLevel 1[0m _identify(src/ros2_test_service) by extensions ['colcon_pkg']
[0.409s] [34mcolcon.colcon_core.package_identification[0m [1;30mLevel 1[0m _identify(src/ros2_test_service) by extension 'colcon_pkg'
[0.409s] [34mcolcon.colcon_core.package_identification[0m [1;30mLevel 1[0m _identify(src/ros2_test_service) by extensions ['colcon_meta']
[0.409s] [34mcolcon.colcon_core.package_identification[0m [1;30mLevel 1[0m _identify(src/ros2_test_service) by extension 'colcon_meta'
[0.409s] [34mcolcon.colcon_core.package_identification[0m [1;30mLevel 1[0m _identify(src/ros2_test_service) by extensions ['ros']
[0.409s] [34mcolcon.colcon_core.package_identification[0m [1;30mLevel 1[0m _identify(src/ros2_test_service) by extension 'ros'
[0.409s] [34mcolcon.colcon_core.package_identification[0m [1;30mDEBUG[0m [32mPackage 'src/ros2_test_service' with type 'ros.ament_cmake' and name 'ros2_test_service'[0m
[0.409s] [34mcolcon.colcon_core.package_identification[0m [1;30mLevel 1[0m _identify(src/ros2_test_subscriber) by extensions ['ignore', 'ignore_ament_install']
[0.409s] [34mcolcon.colcon_core.package_identification[0m [1;30mLevel 1[0m _identify(src/ros2_test_subscriber) by extension 'ignore'
[0.409s] [34mcolcon.colcon_core.package_identification[0m [1;30mLevel 1[0m _identify(src/ros2_test_subscriber) by extension 'ignore_ament_install'
[0.409s] [34mcolcon.colcon_core.package_identification[0m [1;30mLevel 1[0m _identify(src/ros2_test_subscriber) by extensions ['colcon_pkg']
[0.409s] [34mcolcon.colcon_core.package_identification[0m [1;30mLevel 1[0m _identify(src/ros2_test_subscriber) by extension 'colcon_pkg'
[0.409s] [34mcolcon.colcon_core.package_identification[0m [1;30mLevel 1[0m _identify(src/ros2_test_subscriber) by extensions ['colcon_meta']
[0.409s] [34mcolcon.colcon_core.package_identification[0m [1;30mLevel 1[0m _identify(src/ros2_test_subscriber) by extension 'colcon_meta'
[0.409s] [34mcolcon.colcon_core.package_identification[0m [1;30mLevel 1[0m _identify(src/ros2_test_subscriber) by extensions ['ros']
[0.409s] [34mcolcon.colcon_core.package_identification[0m [1;30mLevel 1[0m _identify(src/ros2_test_subscriber) by extension 'ros'
[0.410s] [34mcolcon.colcon_core.package_identification[0m [1;30mDEBUG[0m [32mPackage 'src/ros2_test_subscriber' with type 'ros.ament_cmake' and name 'ros2_test_subscriber'[0m
[0.410s] [34mcolcon.colcon_core.package_discovery[0m [1;30mLevel 1[0m discover_packages(recursive) using defaults
[0.410s] [34mcolcon.colcon_core.package_discovery[0m [1;30mLevel 1[0m discover_packages(ignore) discover
[0.410s] [34mcolcon.colcon_core.package_discovery[0m [1;30mLevel 1[0m discover_packages(ignore) using defaults
[0.410s] [34mcolcon.colcon_core.package_discovery[0m [1;30mLevel 1[0m discover_packages(path) discover
[0.410s] [34mcolcon.colcon_core.package_discovery[0m [1;30mLevel 1[0m discover_packages(path) using defaults
[0.441s] [34mcolcon.colcon_core.package_discovery[0m [1;30mLevel 1[0m discover_packages(prefix_path) check parameters
[0.441s] [34mcolcon.colcon_core.package_discovery[0m [1;30mLevel 1[0m discover_packages(prefix_path) discover
[0.452s] [34mcolcon.colcon_installed_package_information.package_discovery[0m [1;30mDEBUG[0m [32mFound 8 installed packages in /home/jason/Desktop/ROS2_study/install[0m
[0.458s] [34mcolcon.colcon_installed_package_information.package_discovery[0m [1;30mDEBUG[0m [32mFound 322 installed packages in /opt/ros/humble[0m
[0.459s] [34mcolcon.colcon_core.package_discovery[0m [1;30mLevel 1[0m discover_packages(prefix_path) using defaults
[0.503s] [34mcolcon.colcon_core.verb[0m [1;30mLevel 5[0m set package 'ros2_test_client' build argument 'cmake_args' from command line to 'None'
[0.503s] [34mcolcon.colcon_core.verb[0m [1;30mLevel 5[0m set package 'ros2_test_client' build argument 'cmake_target' from command line to 'None'
[0.503s] [34mcolcon.colcon_core.verb[0m [1;30mLevel 5[0m set package 'ros2_test_client' build argument 'cmake_target_skip_unavailable' from command line to 'False'
[0.503s] [34mcolcon.colcon_core.verb[0m [1;30mLevel 5[0m set package 'ros2_test_client' build argument 'cmake_clean_cache' from command line to 'False'
[0.503s] [34mcolcon.colcon_core.verb[0m [1;30mLevel 5[0m set package 'ros2_test_client' build argument 'cmake_clean_first' from command line to 'False'
[0.503s] [34mcolcon.colcon_core.verb[0m [1;30mLevel 5[0m set package 'ros2_test_client' build argument 'cmake_force_configure' from command line to 'False'
[0.503s] [34mcolcon.colcon_core.verb[0m [1;30mLevel 5[0m set package 'ros2_test_client' build argument 'ament_cmake_args' from command line to 'None'
[0.503s] [34mcolcon.colcon_core.verb[0m [1;30mLevel 5[0m set package 'ros2_test_client' build argument 'catkin_cmake_args' from command line to 'None'
[0.503s] [34mcolcon.colcon_core.verb[0m [1;30mLevel 5[0m set package 'ros2_test_client' build argument 'catkin_skip_building_tests' from command line to 'False'
[0.503s] [34mcolcon.colcon_core.verb[0m [1;30mDEBUG[0m [32mBuilding package 'ros2_test_client' with the following arguments: {'ament_cmake_args': None, 'build_base': '/home/jason/Desktop/ROS2_study/build/ros2_test_client', 'catkin_cmake_args': None, 'catkin_skip_building_tests': False, 'cmake_args': None, 'cmake_clean_cache': False, 'cmake_clean_first': False, 'cmake_force_configure': False, 'cmake_target': None, 'cmake_target_skip_unavailable': False, 'install_base': '/home/jason/Desktop/ROS2_study/install/ros2_test_client', 'merge_install': False, 'path': '/home/jason/Desktop/ROS2_study/src/ros2_test_client', 'symlink_install': False, 'test_result_base': None}[0m
[0.508s] [34mcolcon.colcon_core.verb[0m [1;30mLevel 5[0m set package 'ros2_test_interfaces' build argument 'cmake_args' from command line to 'None'
[0.508s] [34mcolcon.colcon_core.verb[0m [1;30mLevel 5[0m set package 'ros2_test_interfaces' build argument 'cmake_target' from command line to 'None'
[0.508s] [34mcolcon.colcon_core.verb[0m [1;30mLevel 5[0m set package 'ros2_test_interfaces' build argument 'cmake_target_skip_unavailable' from command line to 'False'
[0.508s] [34mcolcon.colcon_core.verb[0m [1;30mLevel 5[0m set package 'ros2_test_interfaces' build argument 'cmake_clean_cache' from command line to 'False'
[0.508s] [34mcolcon.colcon_core.verb[0m [1;30mLevel 5[0m set package 'ros2_test_interfaces' build argument 'cmake_clean_first' from command line to 'False'
[0.508s] [34mcolcon.colcon_core.verb[0m [1;30mLevel 5[0m set package 'ros2_test_interfaces' build argument 'cmake_force_configure' from command line to 'False'
[0.509s] [34mcolcon.colcon_core.verb[0m [1;30mLevel 5[0m set package 'ros2_test_interfaces' build argument 'ament_cmake_args' from command line to 'None'
[0.509s] [34mcolcon.colcon_core.verb[0m [1;30mLevel 5[0m set package 'ros2_test_interfaces' build argument 'catkin_cmake_args' from command line to 'None'
[0.509s] [34mcolcon.colcon_core.verb[0m [1;30mLevel 5[0m set package 'ros2_test_interfaces' build argument 'catkin_skip_building_tests' from command line to 'False'
[0.509s] [34mcolcon.colcon_core.verb[0m [1;30mDEBUG[0m [32mBuilding package 'ros2_test_interfaces' with the following arguments: {'ament_cmake_args': None, 'build_base': '/home/jason/Desktop/ROS2_study/build/ros2_test_interfaces', 'catkin_cmake_args': None, 'catkin_skip_building_tests': False, 'cmake_args': None, 'cmake_clean_cache': False, 'cmake_clean_first': False, 'cmake_force_configure': False, 'cmake_target': None, 'cmake_target_skip_unavailable': False, 'install_base': '/home/jason/Desktop/ROS2_study/install/ros2_test_interfaces', 'merge_install': False, 'path': '/home/jason/Desktop/ROS2_study/src/ros2_test_interfaces', 'symlink_install': False, 'test_result_base': None}[0m
[0.514s] [34mcolcon.colcon_core.verb[0m [1;30mLevel 5[0m set package 'ros2_test_node' build argument 'cmake_args' from command line to 'None'
[0.514s] [34mcolcon.colcon_core.verb[0m [1;30mLevel 5[0m set package 'ros2_test_node' build argument 'cmake_target' from command line to 'None'
[0.514s] [34mcolcon.colcon_core.verb[0m [1;30mLevel 5[0m set package 'ros2_test_node' build argument 'cmake_target_skip_unavailable' from command line to 'False'
[0.514s] [34mcolcon.colcon_core.verb[0m [1;30mLevel 5[0m set package 'ros2_test_node' build argument 'cmake_clean_cache' from command line to 'False'
[0.514s] [34mcolcon.colcon_core.verb[0m [1;30mLevel 5[0m set package 'ros2_test_node' build argument 'cmake_clean_first' from command line to 'False'
[0.514s] [34mcolcon.colcon_core.verb[0m [1;30mLevel 5[0m set package 'ros2_test_node' build argument 'cmake_force_configure' from command line to 'False'
[0.514s] [34mcolcon.colcon_core.verb[0m [1;30mLevel 5[0m set package 'ros2_test_node' build argument 'ament_cmake_args' from command line to 'None'
[0.514s] [34mcolcon.colcon_core.verb[0m [1;30mLevel 5[0m set package 'ros2_test_node' build argument 'catkin_cmake_args' from command line to 'None'
[0.514s] [34mcolcon.colcon_core.verb[0m [1;30mLevel 5[0m set package 'ros2_test_node' build argument 'catkin_skip_building_tests' from command line to 'False'
[0.514s] [34mcolcon.colcon_core.verb[0m [1;30mDEBUG[0m [32mBuilding package 'ros2_test_node' with the following arguments: {'ament_cmake_args': None, 'build_base': '/home/jason/Desktop/ROS2_study/build/ros2_test_node', 'catkin_cmake_args': None, 'catkin_skip_building_tests': False, 'cmake_args': None, 'cmake_clean_cache': False, 'cmake_clean_first': False, 'cmake_force_configure': False, 'cmake_target': None, 'cmake_target_skip_unavailable': False, 'install_base': '/home/jason/Desktop/ROS2_study/install/ros2_test_node', 'merge_install': False, 'path': '/home/jason/Desktop/ROS2_study/src/ros2_test_node', 'symlink_install': False, 'test_result_base': None}[0m
[0.520s] [34mcolcon.colcon_core.verb[0m [1;30mLevel 5[0m set package 'ros2_test_parameters' build argument 'cmake_args' from command line to 'None'
[0.520s] [34mcolcon.colcon_core.verb[0m [1;30mLevel 5[0m set package 'ros2_test_parameters' build argument 'cmake_target' from command line to 'None'
[0.520s] [34mcolcon.colcon_core.verb[0m [1;30mLevel 5[0m set package 'ros2_test_parameters' build argument 'cmake_target_skip_unavailable' from command line to 'False'
[0.520s] [34mcolcon.colcon_core.verb[0m [1;30mLevel 5[0m set package 'ros2_test_parameters' build argument 'cmake_clean_cache' from command line to 'False'
[0.520s] [34mcolcon.colcon_core.verb[0m [1;30mLevel 5[0m set package 'ros2_test_parameters' build argument 'cmake_clean_first' from command line to 'False'
[0.520s] [34mcolcon.colcon_core.verb[0m [1;30mLevel 5[0m set package 'ros2_test_parameters' build argument 'cmake_force_configure' from command line to 'False'
[0.520s] [34mcolcon.colcon_core.verb[0m [1;30mLevel 5[0m set package 'ros2_test_parameters' build argument 'ament_cmake_args' from command line to 'None'
[0.520s] [34mcolcon.colcon_core.verb[0m [1;30mLevel 5[0m set package 'ros2_test_parameters' build argument 'catkin_cmake_args' from command line to 'None'
[0.520s] [34mcolcon.colcon_core.verb[0m [1;30mLevel 5[0m set package 'ros2_test_parameters' build argument 'catkin_skip_building_tests' from command line to 'False'
[0.520s] [34mcolcon.colcon_core.verb[0m [1;30mDEBUG[0m [32mBuilding package 'ros2_test_parameters' with the following arguments: {'ament_cmake_args': None, 'build_base': '/home/jason/Desktop/ROS2_study/build/ros2_test_parameters', 'catkin_cmake_args': None, 'catkin_skip_building_tests': False, 'cmake_args': None, 'cmake_clean_cache': False, 'cmake_clean_first': False, 'cmake_force_configure': False, 'cmake_target': None, 'cmake_target_skip_unavailable': False, 'install_base': '/home/jason/Desktop/ROS2_study/install/ros2_test_parameters', 'merge_install': False, 'path': '/home/jason/Desktop/ROS2_study/src/ros2_test_parameters', 'symlink_install': False, 'test_result_base': None}[0m
[0.525s] [34mcolcon.colcon_core.verb[0m [1;30mLevel 5[0m set package 'ros2_test_service' build argument 'cmake_args' from command line to 'None'
[0.525s] [34mcolcon.colcon_core.verb[0m [1;30mLevel 5[0m set package 'ros2_test_service' build argument 'cmake_target' from command line to 'None'
[0.525s] [34mcolcon.colcon_core.verb[0m [1;30mLevel 5[0m set package 'ros2_test_service' build argument 'cmake_target_skip_unavailable' from command line to 'False'
[0.525s] [34mcolcon.colcon_core.verb[0m [1;30mLevel 5[0m set package 'ros2_test_service' build argument 'cmake_clean_cache' from command line to 'False'
[0.525s] [34mcolcon.colcon_core.verb[0m [1;30mLevel 5[0m set package 'ros2_test_service' build argument 'cmake_clean_first' from command line to 'False'
[0.525s] [34mcolcon.colcon_core.verb[0m [1;30mLevel 5[0m set package 'ros2_test_service' build argument 'cmake_force_configure' from command line to 'False'
[0.525s] [34mcolcon.colcon_core.verb[0m [1;30mLevel 5[0m set package 'ros2_test_service' build argument 'ament_cmake_args' from command line to 'None'
[0.525s] [34mcolcon.colcon_core.verb[0m [1;30mLevel 5[0m set package 'ros2_test_service' build argument 'catkin_cmake_args' from command line to 'None'
[0.525s] [34mcolcon.colcon_core.verb[0m [1;30mLevel 5[0m set package 'ros2_test_service' build argument 'catkin_skip_building_tests' from command line to 'False'
[0.525s] [34mcolcon.colcon_core.verb[0m [1;30mDEBUG[0m [32mBuilding package 'ros2_test_service' with the following arguments: {'ament_cmake_args': None, 'build_base': '/home/jason/Desktop/ROS2_study/build/ros2_test_service', 'catkin_cmake_args': None, 'catkin_skip_building_tests': False, 'cmake_args': None, 'cmake_clean_cache': False, 'cmake_clean_first': False, 'cmake_force_configure': False, 'cmake_target': None, 'cmake_target_skip_unavailable': False, 'install_base': '/home/jason/Desktop/ROS2_study/install/ros2_test_service', 'merge_install': False, 'path': '/home/jason/Desktop/ROS2_study/src/ros2_test_service', 'symlink_install': False, 'test_result_base': None}[0m
[0.530s] [34mcolcon.colcon_core.verb[0m [1;30mLevel 5[0m set package 'ros2_test_subscriber' build argument 'cmake_args' from command line to 'None'
[0.530s] [34mcolcon.colcon_core.verb[0m [1;30mLevel 5[0m set package 'ros2_test_subscriber' build argument 'cmake_target' from command line to 'None'
[0.530s] [34mcolcon.colcon_core.verb[0m [1;30mLevel 5[0m set package 'ros2_test_subscriber' build argument 'cmake_target_skip_unavailable' from command line to 'False'
[0.530s] [34mcolcon.colcon_core.verb[0m [1;30mLevel 5[0m set package 'ros2_test_subscriber' build argument 'cmake_clean_cache' from command line to 'False'
[0.530s] [34mcolcon.colcon_core.verb[0m [1;30mLevel 5[0m set package 'ros2_test_subscriber' build argument 'cmake_clean_first' from command line to 'False'
[0.530s] [34mcolcon.colcon_core.verb[0m [1;30mLevel 5[0m set package 'ros2_test_subscriber' build argument 'cmake_force_configure' from command line to 'False'
[0.531s] [34mcolcon.colcon_core.verb[0m [1;30mLevel 5[0m set package 'ros2_test_subscriber' build argument 'ament_cmake_args' from command line to 'None'
[0.531s] [34mcolcon.colcon_core.verb[0m [1;30mLevel 5[0m set package 'ros2_test_subscriber' build argument 'catkin_cmake_args' from command line to 'None'
[0.531s] [34mcolcon.colcon_core.verb[0m [1;30mLevel 5[0m set package 'ros2_test_subscriber' build argument 'catkin_skip_building_tests' from command line to 'False'
[0.531s] [34mcolcon.colcon_core.verb[0m [1;30mDEBUG[0m [32mBuilding package 'ros2_test_subscriber' with the following arguments: {'ament_cmake_args': None, 'build_base': '/home/jason/Desktop/ROS2_study/build/ros2_test_subscriber', 'catkin_cmake_args': None, 'catkin_skip_building_tests': False, 'cmake_args': None, 'cmake_clean_cache': False, 'cmake_clean_first': False, 'cmake_force_configure': False, 'cmake_target': None, 'cmake_target_skip_unavailable': False, 'install_base': '/home/jason/Desktop/ROS2_study/install/ros2_test_subscriber', 'merge_install': False, 'path': '/home/jason/Desktop/ROS2_study/src/ros2_test_subscriber', 'symlink_install': False, 'test_result_base': None}[0m
[0.536s] [34mcolcon.colcon_core.verb[0m [1;30mLevel 5[0m set package 'ros2_test_publisher' build argument 'cmake_args' from command line to 'None'
[0.536s] [34mcolcon.colcon_core.verb[0m [1;30mLevel 5[0m set package 'ros2_test_publisher' build argument 'cmake_target' from command line to 'None'
[0.536s] [34mcolcon.colcon_core.verb[0m [1;30mLevel 5[0m set package 'ros2_test_publisher' build argument 'cmake_target_skip_unavailable' from command line to 'False'
[0.536s] [34mcolcon.colcon_core.verb[0m [1;30mLevel 5[0m set package 'ros2_test_publisher' build argument 'cmake_clean_cache' from command line to 'False'
[0.536s] [34mcolcon.colcon_core.verb[0m [1;30mLevel 5[0m set package 'ros2_test_publisher' build argument 'cmake_clean_first' from command line to 'False'
[0.536s] [34mcolcon.colcon_core.verb[0m [1;30mLevel 5[0m set package 'ros2_test_publisher' build argument 'cmake_force_configure' from command line to 'False'
[0.536s] [34mcolcon.colcon_core.verb[0m [1;30mLevel 5[0m set package 'ros2_test_publisher' build argument 'ament_cmake_args' from command line to 'None'
[0.536s] [34mcolcon.colcon_core.verb[0m [1;30mLevel 5[0m set package 'ros2_test_publisher' build argument 'catkin_cmake_args' from command line to 'None'
[0.536s] [34mcolcon.colcon_core.verb[0m [1;30mLevel 5[0m set package 'ros2_test_publisher' build argument 'catkin_skip_building_tests' from command line to 'False'
[0.536s] [34mcolcon.colcon_core.verb[0m [1;30mDEBUG[0m [32mBuilding package 'ros2_test_publisher' with the following arguments: {'ament_cmake_args': None, 'build_base': '/home/jason/Desktop/ROS2_study/build/ros2_test_publisher', 'catkin_cmake_args': None, 'catkin_skip_building_tests': False, 'cmake_args': None, 'cmake_clean_cache': False, 'cmake_clean_first': False, 'cmake_force_configure': False, 'cmake_target': None, 'cmake_target_skip_unavailable': False, 'install_base': '/home/jason/Desktop/ROS2_study/install/ros2_test_publisher', 'merge_install': False, 'path': '/home/jason/Desktop/ROS2_study/src/ros2_test_publisher', 'symlink_install': False, 'test_result_base': None}[0m
[0.541s] [34mcolcon.colcon_core.executor[0m [1;30mINFO[0m Executing jobs using 'parallel' executor
[0.547s] [34mcolcon.colcon_parallel_executor.executor.parallel[0m [1;30mDEBUG[0m [32mrun_until_complete[0m
[0.547s] [34mcolcon.colcon_ros.task.ament_cmake.build[0m [1;30mINFO[0m Building ROS package in '/home/jason/Desktop/ROS2_study/src/ros2_test_interfaces' with build type 'ament_cmake'
[0.547s] [34mcolcon.colcon_cmake.task.cmake.build[0m [1;30mINFO[0m Building CMake package in '/home/jason/Desktop/ROS2_study/src/ros2_test_interfaces'
[0.553s] [34mcolcon.colcon_core.plugin_system[0m [1;30mINFO[0m Skipping extension 'colcon_core.shell.bat': Not used on non-Windows systems
[0.553s] [34mcolcon.colcon_core.shell[0m [1;30mINFO[0m Skip shell extension 'powershell' for command environment: Not usable outside of PowerShell
[0.553s] [34mcolcon.colcon_core.shell[0m [1;30mDEBUG[0m [32mSkip shell extension 'dsv' for command environment[0m
[0.572s] [34mcolcon.colcon_ros.task.ament_cmake.build[0m [1;30mINFO[0m Building ROS package in '/home/jason/Desktop/ROS2_study/src/ros2_test_client' with build type 'ament_cmake'
[0.572s] [34mcolcon.colcon_cmake.task.cmake.build[0m [1;30mINFO[0m Building CMake package in '/home/jason/Desktop/ROS2_study/src/ros2_test_client'
[0.579s] [34mcolcon.colcon_core.shell[0m [1;30mINFO[0m Skip shell extension 'powershell' for command environment: Not usable outside of PowerShell
[0.579s] [34mcolcon.colcon_core.shell[0m [1;30mDEBUG[0m [32mSkip shell extension 'dsv' for command environment[0m
[0.599s] [34mcolcon.colcon_ros.task.ament_cmake.build[0m [1;30mINFO[0m Building ROS package in '/home/jason/Desktop/ROS2_study/src/ros2_test_node' with build type 'ament_cmake'
[0.599s] [34mcolcon.colcon_cmake.task.cmake.build[0m [1;30mINFO[0m Building CMake package in '/home/jason/Desktop/ROS2_study/src/ros2_test_node'
[0.605s] [34mcolcon.colcon_core.shell[0m [1;30mINFO[0m Skip shell extension 'powershell' for command environment: Not usable outside of PowerShell
[0.605s] [34mcolcon.colcon_core.shell[0m [1;30mDEBUG[0m [32mSkip shell extension 'dsv' for command environment[0m
[0.625s] [34mcolcon.colcon_ros.task.ament_cmake.build[0m [1;30mINFO[0m Building ROS package in '/home/jason/Desktop/ROS2_study/src/ros2_test_parameters' with build type 'ament_cmake'
[0.625s] [34mcolcon.colcon_cmake.task.cmake.build[0m [1;30mINFO[0m Building CMake package in '/home/jason/Desktop/ROS2_study/src/ros2_test_parameters'
[0.631s] [34mcolcon.colcon_core.shell[0m [1;30mINFO[0m Skip shell extension 'powershell' for command environment: Not usable outside of PowerShell
[0.631s] [34mcolcon.colcon_core.shell[0m [1;30mDEBUG[0m [32mSkip shell extension 'dsv' for command environment[0m
[0.649s] [34mcolcon.colcon_ros.task.ament_cmake.build[0m [1;30mINFO[0m Building ROS package in '/home/jason/Desktop/ROS2_study/src/ros2_test_service' with build type 'ament_cmake'
[0.650s] [34mcolcon.colcon_cmake.task.cmake.build[0m [1;30mINFO[0m Building CMake package in '/home/jason/Desktop/ROS2_study/src/ros2_test_service'
[0.656s] [34mcolcon.colcon_core.shell[0m [1;30mINFO[0m Skip shell extension 'powershell' for command environment: Not usable outside of PowerShell
[0.656s] [34mcolcon.colcon_core.shell[0m [1;30mDEBUG[0m [32mSkip shell extension 'dsv' for command environment[0m
[0.674s] [34mcolcon.colcon_ros.task.ament_cmake.build[0m [1;30mINFO[0m Building ROS package in '/home/jason/Desktop/ROS2_study/src/ros2_test_subscriber' with build type 'ament_cmake'
[0.674s] [34mcolcon.colcon_cmake.task.cmake.build[0m [1;30mINFO[0m Building CMake package in '/home/jason/Desktop/ROS2_study/src/ros2_test_subscriber'
[0.680s] [34mcolcon.colcon_core.shell[0m [1;30mINFO[0m Skip shell extension 'powershell' for command environment: Not usable outside of PowerShell
[0.680s] [34mcolcon.colcon_core.shell[0m [1;30mDEBUG[0m [32mSkip shell extension 'dsv' for command environment[0m
[0.702s] [34mcolcon.colcon_core.event_handler.log_command[0m [1;30mDEBUG[0m [32mInvoking command in '/home/jason/Desktop/ROS2_study/build/ros2_test_interfaces': CMAKE_PREFIX_PATH=${CMAKE_PREFIX_PATH}:/opt/ros/humble /usr/bin/cmake --build /home/jason/Desktop/ROS2_study/build/ros2_test_interfaces -- -j32 -l32[0m
[0.704s] [34mcolcon.colcon_core.event_handler.log_command[0m [1;30mDEBUG[0m [32mInvoking command in '/home/jason/Desktop/ROS2_study/build/ros2_test_client': CMAKE_PREFIX_PATH=${CMAKE_PREFIX_PATH}:/opt/ros/humble /usr/bin/cmake --build /home/jason/Desktop/ROS2_study/build/ros2_test_client -- -j32 -l32[0m
[0.705s] [34mcolcon.colcon_core.event_handler.log_command[0m [1;30mDEBUG[0m [32mInvoking command in '/home/jason/Desktop/ROS2_study/build/ros2_test_node': CMAKE_PREFIX_PATH=${CMAKE_PREFIX_PATH}:/opt/ros/humble /usr/bin/cmake --build /home/jason/Desktop/ROS2_study/build/ros2_test_node -- -j32 -l32[0m
[0.707s] [34mcolcon.colcon_core.event_handler.log_command[0m [1;30mDEBUG[0m [32mInvoking command in '/home/jason/Desktop/ROS2_study/build/ros2_test_parameters': CMAKE_PREFIX_PATH=${CMAKE_PREFIX_PATH}:/opt/ros/humble /usr/bin/cmake --build /home/jason/Desktop/ROS2_study/build/ros2_test_parameters -- -j32 -l32[0m
[0.708s] [34mcolcon.colcon_core.event_handler.log_command[0m [1;30mDEBUG[0m [32mInvoking command in '/home/jason/Desktop/ROS2_study/build/ros2_test_service': CMAKE_PREFIX_PATH=${CMAKE_PREFIX_PATH}:/opt/ros/humble /usr/bin/cmake --build /home/jason/Desktop/ROS2_study/build/ros2_test_service -- -j32 -l32[0m
[0.713s] [34mcolcon.colcon_core.event_handler.log_command[0m [1;30mDEBUG[0m [32mInvoking command in '/home/jason/Desktop/ROS2_study/build/ros2_test_subscriber': CMAKE_PREFIX_PATH=${CMAKE_PREFIX_PATH}:/opt/ros/humble /usr/bin/cmake --build /home/jason/Desktop/ROS2_study/build/ros2_test_subscriber -- -j32 -l32[0m
[0.742s] [34mcolcon.colcon_core.event_handler.log_command[0m [1;30mDEBUG[0m [32mInvoked command in '/home/jason/Desktop/ROS2_study/build/ros2_test_node' returned '0': CMAKE_PREFIX_PATH=${CMAKE_PREFIX_PATH}:/opt/ros/humble /usr/bin/cmake --build /home/jason/Desktop/ROS2_study/build/ros2_test_node -- -j32 -l32[0m
[0.745s] [34mcolcon.colcon_core.event_handler.log_command[0m [1;30mDEBUG[0m [32mInvoked command in '/home/jason/Desktop/ROS2_study/build/ros2_test_parameters' returned '0': CMAKE_PREFIX_PATH=${CMAKE_PREFIX_PATH}:/opt/ros/humble /usr/bin/cmake --build /home/jason/Desktop/ROS2_study/build/ros2_test_parameters -- -j32 -l32[0m
[0.746s] [34mcolcon.colcon_core.event_handler.log_command[0m [1;30mDEBUG[0m [32mInvoked command in '/home/jason/Desktop/ROS2_study/build/ros2_test_client' returned '0': CMAKE_PREFIX_PATH=${CMAKE_PREFIX_PATH}:/opt/ros/humble /usr/bin/cmake --build /home/jason/Desktop/ROS2_study/build/ros2_test_client -- -j32 -l32[0m
[0.770s] [34mcolcon.colcon_core.event_handler.log_command[0m [1;30mDEBUG[0m [32mInvoking command in '/home/jason/Desktop/ROS2_study/build/ros2_test_node': CMAKE_PREFIX_PATH=${CMAKE_PREFIX_PATH}:/opt/ros/humble /usr/bin/cmake --install /home/jason/Desktop/ROS2_study/build/ros2_test_node[0m
[0.772s] [34mcolcon.colcon_core.event_handler.log_command[0m [1;30mDEBUG[0m [32mInvoking command in '/home/jason/Desktop/ROS2_study/build/ros2_test_parameters': CMAKE_PREFIX_PATH=${CMAKE_PREFIX_PATH}:/opt/ros/humble /usr/bin/cmake --install /home/jason/Desktop/ROS2_study/build/ros2_test_parameters[0m
[0.774s] [34mcolcon.colcon_core.event_handler.log_command[0m [1;30mDEBUG[0m [32mInvoking command in '/home/jason/Desktop/ROS2_study/build/ros2_test_client': CMAKE_PREFIX_PATH=${CMAKE_PREFIX_PATH}:/opt/ros/humble /usr/bin/cmake --install /home/jason/Desktop/ROS2_study/build/ros2_test_client[0m
[0.777s] [34mcolcon.colcon_core.environment[0m [1;30mLevel 1[0m create_environment_scripts_only(ros2_test_node)
[0.783s] [34mcolcon.colcon_core.event_handler.log_command[0m [1;30mDEBUG[0m [32mInvoked command in '/home/jason/Desktop/ROS2_study/build/ros2_test_node' returned '0': CMAKE_PREFIX_PATH=${CMAKE_PREFIX_PATH}:/opt/ros/humble /usr/bin/cmake --install /home/jason/Desktop/ROS2_study/build/ros2_test_node[0m
[0.794s] [34mcolcon.colcon_core.environment[0m [1;30mLevel 1[0m checking '/home/jason/Desktop/ROS2_study/install/ros2_test_node' for CMake module files
[0.794s] [34mcolcon.colcon_core.environment[0m [1;30mLevel 1[0m checking '/home/jason/Desktop/ROS2_study/install/ros2_test_node' for CMake config files
[0.795s] [34mcolcon.colcon_core.shell[0m [1;30mLevel 1[0m create_environment_hook('ros2_test_node', 'cmake_prefix_path')
[0.803s] [34mcolcon.colcon_core.shell[0m [1;30mINFO[0m Creating environment hook '/home/jason/Desktop/ROS2_study/install/ros2_test_node/share/ros2_test_node/hook/cmake_prefix_path.ps1'
[0.803s] [34mcolcon.colcon_core.shell[0m [1;30mINFO[0m Creating environment descriptor '/home/jason/Desktop/ROS2_study/install/ros2_test_node/share/ros2_test_node/hook/cmake_prefix_path.dsv'
[0.804s] [34mcolcon.colcon_core.shell[0m [1;30mINFO[0m Creating environment hook '/home/jason/Desktop/ROS2_study/install/ros2_test_node/share/ros2_test_node/hook/cmake_prefix_path.sh'
[0.804s] [34mcolcon.colcon_core.environment[0m [1;30mLevel 1[0m checking '/home/jason/Desktop/ROS2_study/install/ros2_test_node/lib'
[0.804s] [34mcolcon.colcon_core.environment[0m [1;30mLevel 1[0m checking '/home/jason/Desktop/ROS2_study/install/ros2_test_node/bin'
[0.804s] [34mcolcon.colcon_core.environment[0m [1;30mLevel 1[0m checking '/home/jason/Desktop/ROS2_study/install/ros2_test_node/lib/pkgconfig/ros2_test_node.pc'
[0.805s] [34mcolcon.colcon_core.environment[0m [1;30mLevel 1[0m checking '/home/jason/Desktop/ROS2_study/install/ros2_test_node/lib/python3.10/site-packages'
[0.805s] [34mcolcon.colcon_core.environment[0m [1;30mLevel 1[0m checking '/home/jason/Desktop/ROS2_study/install/ros2_test_node/bin'
[0.813s] [34mcolcon.colcon_core.shell[0m [1;30mINFO[0m Creating package script '/home/jason/Desktop/ROS2_study/install/ros2_test_node/share/ros2_test_node/package.ps1'
[0.813s] [34mcolcon.colcon_core.shell[0m [1;30mINFO[0m Creating package descriptor '/home/jason/Desktop/ROS2_study/install/ros2_test_node/share/ros2_test_node/package.dsv'
[0.813s] [34mcolcon.colcon_core.shell[0m [1;30mINFO[0m Creating package script '/home/jason/Desktop/ROS2_study/install/ros2_test_node/share/ros2_test_node/package.sh'
[0.814s] [34mcolcon.colcon_core.shell[0m [1;30mINFO[0m Creating package script '/home/jason/Desktop/ROS2_study/install/ros2_test_node/share/ros2_test_node/package.bash'
[0.814s] [34mcolcon.colcon_core.shell[0m [1;30mINFO[0m Creating package script '/home/jason/Desktop/ROS2_study/install/ros2_test_node/share/ros2_test_node/package.zsh'
[0.815s] [34mcolcon.colcon_core.environment[0m [1;30mLevel 1[0m create_file_with_runtime_dependencies(/home/jason/Desktop/ROS2_study/install/ros2_test_node/share/colcon-core/packages/ros2_test_node)
[0.816s] [34mcolcon.colcon_core.environment[0m [1;30mLevel 1[0m create_environment_scripts_only(ros2_test_client)
[0.817s] [34mcolcon.colcon_core.event_handler.log_command[0m [1;30mDEBUG[0m [32mInvoked command in '/home/jason/Desktop/ROS2_study/build/ros2_test_client' returned '0': CMAKE_PREFIX_PATH=${CMAKE_PREFIX_PATH}:/opt/ros/humble /usr/bin/cmake --install /home/jason/Desktop/ROS2_study/build/ros2_test_client[0m
[0.830s] [34mcolcon.colcon_core.environment[0m [1;30mLevel 1[0m checking '/home/jason/Desktop/ROS2_study/install/ros2_test_client' for CMake module files
[0.830s] [34mcolcon.colcon_core.environment[0m [1;30mLevel 1[0m checking '/home/jason/Desktop/ROS2_study/install/ros2_test_client' for CMake config files
[0.830s] [34mcolcon.colcon_core.shell[0m [1;30mLevel 1[0m create_environment_hook('ros2_test_client', 'cmake_prefix_path')
[0.838s] [34mcolcon.colcon_core.shell[0m [1;30mINFO[0m Creating environment hook '/home/jason/Desktop/ROS2_study/install/ros2_test_client/share/ros2_test_client/hook/cmake_prefix_path.ps1'
[0.838s] [34mcolcon.colcon_core.shell[0m [1;30mINFO[0m Creating environment descriptor '/home/jason/Desktop/ROS2_study/install/ros2_test_client/share/ros2_test_client/hook/cmake_prefix_path.dsv'
[0.838s] [34mcolcon.colcon_core.shell[0m [1;30mINFO[0m Creating environment hook '/home/jason/Desktop/ROS2_study/install/ros2_test_client/share/ros2_test_client/hook/cmake_prefix_path.sh'
[0.839s] [34mcolcon.colcon_core.environment[0m [1;30mLevel 1[0m checking '/home/jason/Desktop/ROS2_study/install/ros2_test_client/lib'
[0.839s] [34mcolcon.colcon_core.environment[0m [1;30mLevel 1[0m checking '/home/jason/Desktop/ROS2_study/install/ros2_test_client/bin'
[0.839s] [34mcolcon.colcon_core.environment[0m [1;30mLevel 1[0m checking '/home/jason/Desktop/ROS2_study/install/ros2_test_client/lib/pkgconfig/ros2_test_client.pc'
[0.839s] [34mcolcon.colcon_core.environment[0m [1;30mLevel 1[0m checking '/home/jason/Desktop/ROS2_study/install/ros2_test_client/lib/python3.10/site-packages'
[0.839s] [34mcolcon.colcon_core.environment[0m [1;30mLevel 1[0m checking '/home/jason/Desktop/ROS2_study/install/ros2_test_client/bin'
[0.846s] [34mcolcon.colcon_core.shell[0m [1;30mINFO[0m Creating package script '/home/jason/Desktop/ROS2_study/install/ros2_test_client/share/ros2_test_client/package.ps1'
[0.847s] [34mcolcon.colcon_core.shell[0m [1;30mINFO[0m Creating package descriptor '/home/jason/Desktop/ROS2_study/install/ros2_test_client/share/ros2_test_client/package.dsv'
[0.847s] [34mcolcon.colcon_core.shell[0m [1;30mINFO[0m Creating package script '/home/jason/Desktop/ROS2_study/install/ros2_test_client/share/ros2_test_client/package.sh'
[0.847s] [34mcolcon.colcon_core.shell[0m [1;30mINFO[0m Creating package script '/home/jason/Desktop/ROS2_study/install/ros2_test_client/share/ros2_test_client/package.bash'
[0.847s] [34mcolcon.colcon_core.shell[0m [1;30mINFO[0m Creating package script '/home/jason/Desktop/ROS2_study/install/ros2_test_client/share/ros2_test_client/package.zsh'
[0.848s] [34mcolcon.colcon_core.environment[0m [1;30mLevel 1[0m create_file_with_runtime_dependencies(/home/jason/Desktop/ROS2_study/install/ros2_test_client/share/colcon-core/packages/ros2_test_client)
[0.848s] [34mcolcon.colcon_core.environment[0m [1;30mLevel 1[0m create_environment_scripts_only(ros2_test_parameters)
[0.849s] [34mcolcon.colcon_core.event_handler.log_command[0m [1;30mDEBUG[0m [32mInvoked command in '/home/jason/Desktop/ROS2_study/build/ros2_test_parameters' returned '0': CMAKE_PREFIX_PATH=${CMAKE_PREFIX_PATH}:/opt/ros/humble /usr/bin/cmake --install /home/jason/Desktop/ROS2_study/build/ros2_test_parameters[0m
[0.857s] [34mcolcon.colcon_core.environment[0m [1;30mLevel 1[0m checking '/home/jason/Desktop/ROS2_study/install/ros2_test_parameters' for CMake module files
[0.857s] [34mcolcon.colcon_core.environment[0m [1;30mLevel 1[0m checking '/home/jason/Desktop/ROS2_study/install/ros2_test_parameters' for CMake config files
[0.857s] [34mcolcon.colcon_core.shell[0m [1;30mLevel 1[0m create_environment_hook('ros2_test_parameters', 'cmake_prefix_path')
[0.865s] [34mcolcon.colcon_core.shell[0m [1;30mINFO[0m Creating environment hook '/home/jason/Desktop/ROS2_study/install/ros2_test_parameters/share/ros2_test_parameters/hook/cmake_prefix_path.ps1'
[0.865s] [34mcolcon.colcon_core.shell[0m [1;30mINFO[0m Creating environment descriptor '/home/jason/Desktop/ROS2_study/install/ros2_test_parameters/share/ros2_test_parameters/hook/cmake_prefix_path.dsv'
[0.865s] [34mcolcon.colcon_core.shell[0m [1;30mINFO[0m Creating environment hook '/home/jason/Desktop/ROS2_study/install/ros2_test_parameters/share/ros2_test_parameters/hook/cmake_prefix_path.sh'
[0.865s] [34mcolcon.colcon_core.environment[0m [1;30mLevel 1[0m checking '/home/jason/Desktop/ROS2_study/install/ros2_test_parameters/lib'
[0.866s] [34mcolcon.colcon_core.environment[0m [1;30mLevel 1[0m checking '/home/jason/Desktop/ROS2_study/install/ros2_test_parameters/bin'
[0.866s] [34mcolcon.colcon_core.environment[0m [1;30mLevel 1[0m checking '/home/jason/Desktop/ROS2_study/install/ros2_test_parameters/lib/pkgconfig/ros2_test_parameters.pc'
[0.866s] [34mcolcon.colcon_core.environment[0m [1;30mLevel 1[0m checking '/home/jason/Desktop/ROS2_study/install/ros2_test_parameters/lib/python3.10/site-packages'
[0.866s] [34mcolcon.colcon_core.environment[0m [1;30mLevel 1[0m checking '/home/jason/Desktop/ROS2_study/install/ros2_test_parameters/bin'
[0.874s] [34mcolcon.colcon_core.shell[0m [1;30mINFO[0m Creating package script '/home/jason/Desktop/ROS2_study/install/ros2_test_parameters/share/ros2_test_parameters/package.ps1'
[0.874s] [34mcolcon.colcon_core.shell[0m [1;30mINFO[0m Creating package descriptor '/home/jason/Desktop/ROS2_study/install/ros2_test_parameters/share/ros2_test_parameters/package.dsv'
[0.874s] [34mcolcon.colcon_core.shell[0m [1;30mINFO[0m Creating package script '/home/jason/Desktop/ROS2_study/install/ros2_test_parameters/share/ros2_test_parameters/package.sh'
[0.875s] [34mcolcon.colcon_core.shell[0m [1;30mINFO[0m Creating package script '/home/jason/Desktop/ROS2_study/install/ros2_test_parameters/share/ros2_test_parameters/package.bash'
[0.875s] [34mcolcon.colcon_core.shell[0m [1;30mINFO[0m Creating package script '/home/jason/Desktop/ROS2_study/install/ros2_test_parameters/share/ros2_test_parameters/package.zsh'
[0.875s] [34mcolcon.colcon_core.environment[0m [1;30mLevel 1[0m create_file_with_runtime_dependencies(/home/jason/Desktop/ROS2_study/install/ros2_test_parameters/share/colcon-core/packages/ros2_test_parameters)
[0.883s] [34mcolcon.colcon_core.environment[0m [1;30mLevel 1[0m create_environment_scripts_only(ros2_test_node)
[0.891s] [34mcolcon.colcon_core.environment[0m [1;30mLevel 1[0m checking '/home/jason/Desktop/ROS2_study/install/ros2_test_node' for CMake module files
[0.891s] [34mcolcon.colcon_core.environment[0m [1;30mLevel 1[0m checking '/home/jason/Desktop/ROS2_study/install/ros2_test_node' for CMake config files
[0.891s] [34mcolcon.colcon_core.shell[0m [1;30mLevel 1[0m create_environment_hook('ros2_test_node', 'cmake_prefix_path')
[0.898s] [34mcolcon.colcon_core.shell[0m [1;30mINFO[0m Creating environment hook '/home/jason/Desktop/ROS2_study/install/ros2_test_node/share/ros2_test_node/hook/cmake_prefix_path.ps1'
[0.899s] [34mcolcon.colcon_core.shell[0m [1;30mINFO[0m Creating environment descriptor '/home/jason/Desktop/ROS2_study/install/ros2_test_node/share/ros2_test_node/hook/cmake_prefix_path.dsv'
[0.899s] [34mcolcon.colcon_core.shell[0m [1;30mINFO[0m Creating environment hook '/home/jason/Desktop/ROS2_study/install/ros2_test_node/share/ros2_test_node/hook/cmake_prefix_path.sh'
[0.899s] [34mcolcon.colcon_core.environment[0m [1;30mLevel 1[0m checking '/home/jason/Desktop/ROS2_study/install/ros2_test_node/lib'
[0.899s] [34mcolcon.colcon_core.environment[0m [1;30mLevel 1[0m checking '/home/jason/Desktop/ROS2_study/install/ros2_test_node/bin'
[0.899s] [34mcolcon.colcon_core.environment[0m [1;30mLevel 1[0m checking '/home/jason/Desktop/ROS2_study/install/ros2_test_node/lib/pkgconfig/ros2_test_node.pc'
[0.899s] [34mcolcon.colcon_core.environment[0m [1;30mLevel 1[0m checking '/home/jason/Desktop/ROS2_study/install/ros2_test_node/lib/python3.10/site-packages'
[0.900s] [34mcolcon.colcon_core.environment[0m [1;30mLevel 1[0m checking '/home/jason/Desktop/ROS2_study/install/ros2_test_node/bin'
[0.908s] [34mcolcon.colcon_core.shell[0m [1;30mINFO[0m Creating package script '/home/jason/Desktop/ROS2_study/install/ros2_test_node/share/ros2_test_node/package.ps1'
[0.909s] [34mcolcon.colcon_core.shell[0m [1;30mINFO[0m Creating package descriptor '/home/jason/Desktop/ROS2_study/install/ros2_test_node/share/ros2_test_node/package.dsv'
[0.909s] [34mcolcon.colcon_core.shell[0m [1;30mINFO[0m Creating package script '/home/jason/Desktop/ROS2_study/install/ros2_test_node/share/ros2_test_node/package.sh'
[0.909s] [34mcolcon.colcon_core.shell[0m [1;30mINFO[0m Creating package script '/home/jason/Desktop/ROS2_study/install/ros2_test_node/share/ros2_test_node/package.bash'
[0.910s] [34mcolcon.colcon_core.shell[0m [1;30mINFO[0m Creating package script '/home/jason/Desktop/ROS2_study/install/ros2_test_node/share/ros2_test_node/package.zsh'
[0.910s] [34mcolcon.colcon_core.environment[0m [1;30mLevel 1[0m create_file_with_runtime_dependencies(/home/jason/Desktop/ROS2_study/install/ros2_test_node/share/colcon-core/packages/ros2_test_node)
[0.918s] [34mcolcon.colcon_core.environment[0m [1;30mLevel 1[0m create_environment_scripts_only(ros2_test_client)
[0.925s] [34mcolcon.colcon_core.environment[0m [1;30mLevel 1[0m checking '/home/jason/Desktop/ROS2_study/install/ros2_test_client' for CMake module files
[0.925s] [34mcolcon.colcon_core.environment[0m [1;30mLevel 1[0m checking '/home/jason/Desktop/ROS2_study/install/ros2_test_client' for CMake config files
[0.926s] [34mcolcon.colcon_core.shell[0m [1;30mLevel 1[0m create_environment_hook('ros2_test_client', 'cmake_prefix_path')
[0.933s] [34mcolcon.colcon_core.shell[0m [1;30mINFO[0m Creating environment hook '/home/jason/Desktop/ROS2_study/install/ros2_test_client/share/ros2_test_client/hook/cmake_prefix_path.ps1'
[0.933s] [34mcolcon.colcon_core.shell[0m [1;30mINFO[0m Creating environment descriptor '/home/jason/Desktop/ROS2_study/install/ros2_test_client/share/ros2_test_client/hook/cmake_prefix_path.dsv'
[0.933s] [34mcolcon.colcon_core.shell[0m [1;30mINFO[0m Creating environment hook '/home/jason/Desktop/ROS2_study/install/ros2_test_client/share/ros2_test_client/hook/cmake_prefix_path.sh'
[0.934s] [34mcolcon.colcon_core.environment[0m [1;30mLevel 1[0m checking '/home/jason/Desktop/ROS2_study/install/ros2_test_client/lib'
[0.934s] [34mcolcon.colcon_core.environment[0m [1;30mLevel 1[0m checking '/home/jason/Desktop/ROS2_study/install/ros2_test_client/bin'
[0.934s] [34mcolcon.colcon_core.environment[0m [1;30mLevel 1[0m checking '/home/jason/Desktop/ROS2_study/install/ros2_test_client/lib/pkgconfig/ros2_test_client.pc'
[0.934s] [34mcolcon.colcon_core.environment[0m [1;30mLevel 1[0m checking '/home/jason/Desktop/ROS2_study/install/ros2_test_client/lib/python3.10/site-packages'
[0.934s] [34mcolcon.colcon_core.environment[0m [1;30mLevel 1[0m checking '/home/jason/Desktop/ROS2_study/install/ros2_test_client/bin'
[0.941s] [34mcolcon.colcon_core.shell[0m [1;30mINFO[0m Creating package script '/home/jason/Desktop/ROS2_study/install/ros2_test_client/share/ros2_test_client/package.ps1'
[0.941s] [34mcolcon.colcon_core.shell[0m [1;30mINFO[0m Creating package descriptor '/home/jason/Desktop/ROS2_study/install/ros2_test_client/share/ros2_test_client/package.dsv'
[0.942s] [34mcolcon.colcon_core.shell[0m [1;30mINFO[0m Creating package script '/home/jason/Desktop/ROS2_study/install/ros2_test_client/share/ros2_test_client/package.sh'
[0.942s] [34mcolcon.colcon_core.shell[0m [1;30mINFO[0m Creating package script '/home/jason/Desktop/ROS2_study/install/ros2_test_client/share/ros2_test_client/package.bash'
[0.942s] [34mcolcon.colcon_core.shell[0m [1;30mINFO[0m Creating package script '/home/jason/Desktop/ROS2_study/install/ros2_test_client/share/ros2_test_client/package.zsh'
[0.942s] [34mcolcon.colcon_core.environment[0m [1;30mLevel 1[0m create_file_with_runtime_dependencies(/home/jason/Desktop/ROS2_study/install/ros2_test_client/share/colcon-core/packages/ros2_test_client)
[0.950s] [34mcolcon.colcon_core.environment[0m [1;30mLevel 1[0m create_environment_scripts_only(ros2_test_parameters)
[0.957s] [34mcolcon.colcon_core.environment[0m [1;30mLevel 1[0m checking '/home/jason/Desktop/ROS2_study/install/ros2_test_parameters' for CMake module files
[0.958s] [34mcolcon.colcon_core.environment[0m [1;30mLevel 1[0m checking '/home/jason/Desktop/ROS2_study/install/ros2_test_parameters' for CMake config files
[0.958s] [34mcolcon.colcon_core.shell[0m [1;30mLevel 1[0m create_environment_hook('ros2_test_parameters', 'cmake_prefix_path')
[0.965s] [34mcolcon.colcon_core.shell[0m [1;30mINFO[0m Creating environment hook '/home/jason/Desktop/ROS2_study/install/ros2_test_parameters/share/ros2_test_parameters/hook/cmake_prefix_path.ps1'
[0.966s] [34mcolcon.colcon_core.shell[0m [1;30mINFO[0m Creating environment descriptor '/home/jason/Desktop/ROS2_study/install/ros2_test_parameters/share/ros2_test_parameters/hook/cmake_prefix_path.dsv'
[0.966s] [34mcolcon.colcon_core.shell[0m [1;30mINFO[0m Creating environment hook '/home/jason/Desktop/ROS2_study/install/ros2_test_parameters/share/ros2_test_parameters/hook/cmake_prefix_path.sh'
[0.966s] [34mcolcon.colcon_core.environment[0m [1;30mLevel 1[0m checking '/home/jason/Desktop/ROS2_study/install/ros2_test_parameters/lib'
[0.966s] [34mcolcon.colcon_core.environment[0m [1;30mLevel 1[0m checking '/home/jason/Desktop/ROS2_study/install/ros2_test_parameters/bin'
[0.966s] [34mcolcon.colcon_core.environment[0m [1;30mLevel 1[0m checking '/home/jason/Desktop/ROS2_study/install/ros2_test_parameters/lib/pkgconfig/ros2_test_parameters.pc'
[0.966s] [34mcolcon.colcon_core.environment[0m [1;30mLevel 1[0m checking '/home/jason/Desktop/ROS2_study/install/ros2_test_parameters/lib/python3.10/site-packages'
[0.967s] [34mcolcon.colcon_core.environment[0m [1;30mLevel 1[0m checking '/home/jason/Desktop/ROS2_study/install/ros2_test_parameters/bin'
[0.974s] [34mcolcon.colcon_core.shell[0m [1;30mINFO[0m Creating package script '/home/jason/Desktop/ROS2_study/install/ros2_test_parameters/share/ros2_test_parameters/package.ps1'
[0.974s] [34mcolcon.colcon_core.shell[0m [1;30mINFO[0m Creating package descriptor '/home/jason/Desktop/ROS2_study/install/ros2_test_parameters/share/ros2_test_parameters/package.dsv'
[0.975s] [34mcolcon.colcon_core.shell[0m [1;30mINFO[0m Creating package script '/home/jason/Desktop/ROS2_study/install/ros2_test_parameters/share/ros2_test_parameters/package.sh'
[0.975s] [34mcolcon.colcon_core.shell[0m [1;30mINFO[0m Creating package script '/home/jason/Desktop/ROS2_study/install/ros2_test_parameters/share/ros2_test_parameters/package.bash'
[0.975s] [34mcolcon.colcon_core.shell[0m [1;30mINFO[0m Creating package script '/home/jason/Desktop/ROS2_study/install/ros2_test_parameters/share/ros2_test_parameters/package.zsh'
[0.975s] [34mcolcon.colcon_core.environment[0m [1;30mLevel 1[0m create_file_with_runtime_dependencies(/home/jason/Desktop/ROS2_study/install/ros2_test_parameters/share/colcon-core/packages/ros2_test_parameters)
[0.977s] [34mcolcon.colcon_core.event_handler.log_command[0m [1;30mDEBUG[0m [32mInvoked command in '/home/jason/Desktop/ROS2_study/build/ros2_test_interfaces' returned '0': CMAKE_PREFIX_PATH=${CMAKE_PREFIX_PATH}:/opt/ros/humble /usr/bin/cmake --build /home/jason/Desktop/ROS2_study/build/ros2_test_interfaces -- -j32 -l32[0m
[1.040s] [34mcolcon.colcon_core.event_handler.log_command[0m [1;30mDEBUG[0m [32mInvoking command in '/home/jason/Desktop/ROS2_study/build/ros2_test_interfaces': CMAKE_PREFIX_PATH=${CMAKE_PREFIX_PATH}:/opt/ros/humble /usr/bin/cmake --install /home/jason/Desktop/ROS2_study/build/ros2_test_interfaces[0m
[1.083s] [34mcolcon.colcon_core.environment[0m [1;30mLevel 1[0m create_environment_scripts_only(ros2_test_interfaces)
[1.083s] [34mcolcon.colcon_core.event_handler.log_command[0m [1;30mDEBUG[0m [32mInvoked command in '/home/jason/Desktop/ROS2_study/build/ros2_test_interfaces' returned '0': CMAKE_PREFIX_PATH=${CMAKE_PREFIX_PATH}:/opt/ros/humble /usr/bin/cmake --install /home/jason/Desktop/ROS2_study/build/ros2_test_interfaces[0m
[1.091s] [34mcolcon.colcon_core.environment[0m [1;30mLevel 1[0m checking '/home/jason/Desktop/ROS2_study/install/ros2_test_interfaces' for CMake module files
[1.091s] [34mcolcon.colcon_core.environment[0m [1;30mLevel 1[0m checking '/home/jason/Desktop/ROS2_study/install/ros2_test_interfaces' for CMake config files
[1.091s] [34mcolcon.colcon_core.shell[0m [1;30mLevel 1[0m create_environment_hook('ros2_test_interfaces', 'cmake_prefix_path')
[1.099s] [34mcolcon.colcon_core.shell[0m [1;30mINFO[0m Creating environment hook '/home/jason/Desktop/ROS2_study/install/ros2_test_interfaces/share/ros2_test_interfaces/hook/cmake_prefix_path.ps1'
[1.099s] [34mcolcon.colcon_core.shell[0m [1;30mINFO[0m Creating environment descriptor '/home/jason/Desktop/ROS2_study/install/ros2_test_interfaces/share/ros2_test_interfaces/hook/cmake_prefix_path.dsv'
[1.099s] [34mcolcon.colcon_core.shell[0m [1;30mINFO[0m Creating environment hook '/home/jason/Desktop/ROS2_study/install/ros2_test_interfaces/share/ros2_test_interfaces/hook/cmake_prefix_path.sh'
[1.100s] [34mcolcon.colcon_core.environment[0m [1;30mLevel 1[0m checking '/home/jason/Desktop/ROS2_study/install/ros2_test_interfaces/lib'
[1.100s] [34mcolcon.colcon_core.shell[0m [1;30mLevel 1[0m create_environment_hook('ros2_test_interfaces', 'ld_library_path_lib')
[1.107s] [34mcolcon.colcon_core.shell[0m [1;30mINFO[0m Creating environment hook '/home/jason/Desktop/ROS2_study/install/ros2_test_interfaces/share/ros2_test_interfaces/hook/ld_library_path_lib.ps1'
[1.107s] [34mcolcon.colcon_core.shell[0m [1;30mINFO[0m Creating environment descriptor '/home/jason/Desktop/ROS2_study/install/ros2_test_interfaces/share/ros2_test_interfaces/hook/ld_library_path_lib.dsv'
[1.107s] [34mcolcon.colcon_core.shell[0m [1;30mINFO[0m Creating environment hook '/home/jason/Desktop/ROS2_study/install/ros2_test_interfaces/share/ros2_test_interfaces/hook/ld_library_path_lib.sh'
[1.107s] [34mcolcon.colcon_core.environment[0m [1;30mLevel 1[0m checking '/home/jason/Desktop/ROS2_study/install/ros2_test_interfaces/bin'
[1.107s] [34mcolcon.colcon_core.environment[0m [1;30mLevel 1[0m checking '/home/jason/Desktop/ROS2_study/install/ros2_test_interfaces/lib/pkgconfig/ros2_test_interfaces.pc'
[1.108s] [34mcolcon.colcon_core.environment[0m [1;30mLevel 1[0m checking '/home/jason/Desktop/ROS2_study/install/ros2_test_interfaces/lib/python3.10/site-packages'
[1.108s] [34mcolcon.colcon_core.environment[0m [1;30mLevel 1[0m checking '/home/jason/Desktop/ROS2_study/install/ros2_test_interfaces/bin'
[1.115s] [34mcolcon.colcon_core.shell[0m [1;30mINFO[0m Creating package script '/home/jason/Desktop/ROS2_study/install/ros2_test_interfaces/share/ros2_test_interfaces/package.ps1'
[1.115s] [34mcolcon.colcon_core.shell[0m [1;30mINFO[0m Creating package descriptor '/home/jason/Desktop/ROS2_study/install/ros2_test_interfaces/share/ros2_test_interfaces/package.dsv'
[1.115s] [34mcolcon.colcon_core.shell[0m [1;30mINFO[0m Creating package script '/home/jason/Desktop/ROS2_study/install/ros2_test_interfaces/share/ros2_test_interfaces/package.sh'
[1.115s] [34mcolcon.colcon_core.shell[0m [1;30mINFO[0m Creating package script '/home/jason/Desktop/ROS2_study/install/ros2_test_interfaces/share/ros2_test_interfaces/package.bash'
[1.115s] [34mcolcon.colcon_core.shell[0m [1;30mINFO[0m Creating package script '/home/jason/Desktop/ROS2_study/install/ros2_test_interfaces/share/ros2_test_interfaces/package.zsh'
[1.115s] [34mcolcon.colcon_core.environment[0m [1;30mLevel 1[0m create_file_with_runtime_dependencies(/home/jason/Desktop/ROS2_study/install/ros2_test_interfaces/share/colcon-core/packages/ros2_test_interfaces)
[1.183s] [34mcolcon.colcon_core.environment[0m [1;30mLevel 1[0m create_environment_scripts_only(ros2_test_interfaces)
[1.191s] [34mcolcon.colcon_core.environment[0m [1;30mLevel 1[0m checking '/home/jason/Desktop/ROS2_study/install/ros2_test_interfaces' for CMake module files
[1.191s] [34mcolcon.colcon_core.environment[0m [1;30mLevel 1[0m checking '/home/jason/Desktop/ROS2_study/install/ros2_test_interfaces' for CMake config files
[1.192s] [34mcolcon.colcon_core.shell[0m [1;30mLevel 1[0m create_environment_hook('ros2_test_interfaces', 'cmake_prefix_path')
[1.199s] [34mcolcon.colcon_core.shell[0m [1;30mINFO[0m Creating environment hook '/home/jason/Desktop/ROS2_study/install/ros2_test_interfaces/share/ros2_test_interfaces/hook/cmake_prefix_path.ps1'
[1.199s] [34mcolcon.colcon_core.shell[0m [1;30mINFO[0m Creating environment descriptor '/home/jason/Desktop/ROS2_study/install/ros2_test_interfaces/share/ros2_test_interfaces/hook/cmake_prefix_path.dsv'
[1.199s] [34mcolcon.colcon_core.shell[0m [1;30mINFO[0m Creating environment hook '/home/jason/Desktop/ROS2_study/install/ros2_test_interfaces/share/ros2_test_interfaces/hook/cmake_prefix_path.sh'
[1.199s] [34mcolcon.colcon_core.environment[0m [1;30mLevel 1[0m checking '/home/jason/Desktop/ROS2_study/install/ros2_test_interfaces/lib'
[1.199s] [34mcolcon.colcon_core.shell[0m [1;30mLevel 1[0m create_environment_hook('ros2_test_interfaces', 'ld_library_path_lib')
[1.206s] [34mcolcon.colcon_core.shell[0m [1;30mINFO[0m Creating environment hook '/home/jason/Desktop/ROS2_study/install/ros2_test_interfaces/share/ros2_test_interfaces/hook/ld_library_path_lib.ps1'
[1.206s] [34mcolcon.colcon_core.shell[0m [1;30mINFO[0m Creating environment descriptor '/home/jason/Desktop/ROS2_study/install/ros2_test_interfaces/share/ros2_test_interfaces/hook/ld_library_path_lib.dsv'
[1.207s] [34mcolcon.colcon_core.shell[0m [1;30mINFO[0m Creating environment hook '/home/jason/Desktop/ROS2_study/install/ros2_test_interfaces/share/ros2_test_interfaces/hook/ld_library_path_lib.sh'
[1.207s] [34mcolcon.colcon_core.environment[0m [1;30mLevel 1[0m checking '/home/jason/Desktop/ROS2_study/install/ros2_test_interfaces/bin'
[1.207s] [34mcolcon.colcon_core.environment[0m [1;30mLevel 1[0m checking '/home/jason/Desktop/ROS2_study/install/ros2_test_interfaces/lib/pkgconfig/ros2_test_interfaces.pc'
[1.207s] [34mcolcon.colcon_core.environment[0m [1;30mLevel 1[0m checking '/home/jason/Desktop/ROS2_study/install/ros2_test_interfaces/lib/python3.10/site-packages'
[1.207s] [34mcolcon.colcon_core.environment[0m [1;30mLevel 1[0m checking '/home/jason/Desktop/ROS2_study/install/ros2_test_interfaces/bin'
[1.213s] [34mcolcon.colcon_core.shell[0m [1;30mINFO[0m Creating package script '/home/jason/Desktop/ROS2_study/install/ros2_test_interfaces/share/ros2_test_interfaces/package.ps1'
[1.214s] [34mcolcon.colcon_core.shell[0m [1;30mINFO[0m Creating package descriptor '/home/jason/Desktop/ROS2_study/install/ros2_test_interfaces/share/ros2_test_interfaces/package.dsv'
[1.214s] [34mcolcon.colcon_core.shell[0m [1;30mINFO[0m Creating package script '/home/jason/Desktop/ROS2_study/install/ros2_test_interfaces/share/ros2_test_interfaces/package.sh'
[1.214s] [34mcolcon.colcon_core.shell[0m [1;30mINFO[0m Creating package script '/home/jason/Desktop/ROS2_study/install/ros2_test_interfaces/share/ros2_test_interfaces/package.bash'
[1.214s] [34mcolcon.colcon_core.shell[0m [1;30mINFO[0m Creating package script '/home/jason/Desktop/ROS2_study/install/ros2_test_interfaces/share/ros2_test_interfaces/package.zsh'
[1.214s] [34mcolcon.colcon_core.environment[0m [1;30mLevel 1[0m create_file_with_runtime_dependencies(/home/jason/Desktop/ROS2_study/install/ros2_test_interfaces/share/colcon-core/packages/ros2_test_interfaces)
[1.215s] [34mcolcon.colcon_ros.task.ament_cmake.build[0m [1;30mINFO[0m Building ROS package in '/home/jason/Desktop/ROS2_study/src/ros2_test_publisher' with build type 'ament_cmake'
[1.215s] [34mcolcon.colcon_cmake.task.cmake.build[0m [1;30mINFO[0m Building CMake package in '/home/jason/Desktop/ROS2_study/src/ros2_test_publisher'
[1.222s] [34mcolcon.colcon_core.shell[0m [1;30mINFO[0m Skip shell extension 'powershell' for command environment: Not usable outside of PowerShell
[1.222s] [34mcolcon.colcon_core.shell[0m [1;30mDEBUG[0m [32mSkip shell extension 'dsv' for command environment[0m
[1.246s] [34mcolcon.colcon_core.event_handler.log_command[0m [1;30mDEBUG[0m [32mInvoked command in '/home/jason/Desktop/ROS2_study/build/ros2_test_subscriber' returned '0': CMAKE_PREFIX_PATH=${CMAKE_PREFIX_PATH}:/opt/ros/humble /usr/bin/cmake --build /home/jason/Desktop/ROS2_study/build/ros2_test_subscriber -- -j32 -l32[0m
[1.249s] [34mcolcon.colcon_core.event_handler.log_command[0m [1;30mDEBUG[0m [32mInvoking command in '/home/jason/Desktop/ROS2_study/build/ros2_test_publisher': CMAKE_PREFIX_PATH=/home/jason/Desktop/ROS2_study/install/ros2_test_interfaces:/home/jason/Desktop/ROS2_study/install/ros2_test_subscriber:/home/jason/Desktop/ROS2_study/install/ros2_test_service:/home/jason/Desktop/ROS2_study/install/ros2_test_publisher:/home/jason/Desktop/ROS2_study/install/ros2_test_parameters:/home/jason/Desktop/ROS2_study/install/ros2_test_node:/home/jason/Desktop/ROS2_study/install/ros2_test_client:/opt/ros/humble LD_LIBRARY_PATH=/home/jason/Desktop/ROS2_study/install/ros2_test_interfaces/lib:/usr/lib/x86_64-linux-gnu/gazebo-11/plugins:/opt/ros/humble/opt/rviz_ogre_vendor/lib:/opt/ros/humble/lib/x86_64-linux-gnu:/opt/ros/humble/lib:/opt/tdt/openvino/tools/compile_tool:/opt/tdt/openvino/runtime/3rdparty/hddl/lib:/opt/tdt/openvino/runtime/lib/intel64:/opt/tdt/libhikcamera/lib64:/opt/tdt/lib:/usr/local/opencv4.7.0/lib /usr/bin/cmake --build /home/jason/Desktop/ROS2_study/build/ros2_test_publisher -- -j32 -l32[0m
[1.263s] [34mcolcon.colcon_core.event_handler.log_command[0m [1;30mDEBUG[0m [32mInvoking command in '/home/jason/Desktop/ROS2_study/build/ros2_test_subscriber': CMAKE_PREFIX_PATH=${CMAKE_PREFIX_PATH}:/opt/ros/humble /usr/bin/cmake --install /home/jason/Desktop/ROS2_study/build/ros2_test_subscriber[0m
[1.269s] [34mcolcon.colcon_core.environment[0m [1;30mLevel 1[0m create_environment_scripts_only(ros2_test_subscriber)
[1.269s] [34mcolcon.colcon_core.event_handler.log_command[0m [1;30mDEBUG[0m [32mInvoked command in '/home/jason/Desktop/ROS2_study/build/ros2_test_subscriber' returned '0': CMAKE_PREFIX_PATH=${CMAKE_PREFIX_PATH}:/opt/ros/humble /usr/bin/cmake --install /home/jason/Desktop/ROS2_study/build/ros2_test_subscriber[0m
[1.277s] [34mcolcon.colcon_core.environment[0m [1;30mLevel 1[0m checking '/home/jason/Desktop/ROS2_study/install/ros2_test_subscriber' for CMake module files
[1.278s] [34mcolcon.colcon_core.environment[0m [1;30mLevel 1[0m checking '/home/jason/Desktop/ROS2_study/install/ros2_test_subscriber' for CMake config files
[1.278s] [34mcolcon.colcon_core.shell[0m [1;30mLevel 1[0m create_environment_hook('ros2_test_subscriber', 'cmake_prefix_path')
[1.286s] [34mcolcon.colcon_core.shell[0m [1;30mINFO[0m Creating environment hook '/home/jason/Desktop/ROS2_study/install/ros2_test_subscriber/share/ros2_test_subscriber/hook/cmake_prefix_path.ps1'
[1.286s] [34mcolcon.colcon_core.shell[0m [1;30mINFO[0m Creating environment descriptor '/home/jason/Desktop/ROS2_study/install/ros2_test_subscriber/share/ros2_test_subscriber/hook/cmake_prefix_path.dsv'
[1.286s] [34mcolcon.colcon_core.shell[0m [1;30mINFO[0m Creating environment hook '/home/jason/Desktop/ROS2_study/install/ros2_test_subscriber/share/ros2_test_subscriber/hook/cmake_prefix_path.sh'
[1.287s] [34mcolcon.colcon_core.environment[0m [1;30mLevel 1[0m checking '/home/jason/Desktop/ROS2_study/install/ros2_test_subscriber/lib'
[1.287s] [34mcolcon.colcon_core.environment[0m [1;30mLevel 1[0m checking '/home/jason/Desktop/ROS2_study/install/ros2_test_subscriber/bin'
[1.287s] [34mcolcon.colcon_core.environment[0m [1;30mLevel 1[0m checking '/home/jason/Desktop/ROS2_study/install/ros2_test_subscriber/lib/pkgconfig/ros2_test_subscriber.pc'
[1.287s] [34mcolcon.colcon_core.environment[0m [1;30mLevel 1[0m checking '/home/jason/Desktop/ROS2_study/install/ros2_test_subscriber/lib/python3.10/site-packages'
[1.287s] [34mcolcon.colcon_core.environment[0m [1;30mLevel 1[0m checking '/home/jason/Desktop/ROS2_study/install/ros2_test_subscriber/bin'
[1.295s] [34mcolcon.colcon_core.shell[0m [1;30mINFO[0m Creating package script '/home/jason/Desktop/ROS2_study/install/ros2_test_subscriber/share/ros2_test_subscriber/package.ps1'
[1.295s] [34mcolcon.colcon_core.shell[0m [1;30mINFO[0m Creating package descriptor '/home/jason/Desktop/ROS2_study/install/ros2_test_subscriber/share/ros2_test_subscriber/package.dsv'
[1.295s] [34mcolcon.colcon_core.shell[0m [1;30mINFO[0m Creating package script '/home/jason/Desktop/ROS2_study/install/ros2_test_subscriber/share/ros2_test_subscriber/package.sh'
[1.295s] [34mcolcon.colcon_core.shell[0m [1;30mINFO[0m Creating package script '/home/jason/Desktop/ROS2_study/install/ros2_test_subscriber/share/ros2_test_subscriber/package.bash'
[1.296s] [34mcolcon.colcon_core.shell[0m [1;30mINFO[0m Creating package script '/home/jason/Desktop/ROS2_study/install/ros2_test_subscriber/share/ros2_test_subscriber/package.zsh'
[1.296s] [34mcolcon.colcon_core.environment[0m [1;30mLevel 1[0m create_file_with_runtime_dependencies(/home/jason/Desktop/ROS2_study/install/ros2_test_subscriber/share/colcon-core/packages/ros2_test_subscriber)
[1.298s] [34mcolcon.colcon_core.event_handler.log_command[0m [1;30mDEBUG[0m [32mInvoked command in '/home/jason/Desktop/ROS2_study/build/ros2_test_publisher' returned '0': CMAKE_PREFIX_PATH=/home/jason/Desktop/ROS2_study/install/ros2_test_interfaces:/home/jason/Desktop/ROS2_study/install/ros2_test_subscriber:/home/jason/Desktop/ROS2_study/install/ros2_test_service:/home/jason/Desktop/ROS2_study/install/ros2_test_publisher:/home/jason/Desktop/ROS2_study/install/ros2_test_parameters:/home/jason/Desktop/ROS2_study/install/ros2_test_node:/home/jason/Desktop/ROS2_study/install/ros2_test_client:/opt/ros/humble LD_LIBRARY_PATH=/home/jason/Desktop/ROS2_study/install/ros2_test_interfaces/lib:/usr/lib/x86_64-linux-gnu/gazebo-11/plugins:/opt/ros/humble/opt/rviz_ogre_vendor/lib:/opt/ros/humble/lib/x86_64-linux-gnu:/opt/ros/humble/lib:/opt/tdt/openvino/tools/compile_tool:/opt/tdt/openvino/runtime/3rdparty/hddl/lib:/opt/tdt/openvino/runtime/lib/intel64:/opt/tdt/libhikcamera/lib64:/opt/tdt/lib:/usr/local/opencv4.7.0/lib /usr/bin/cmake --build /home/jason/Desktop/ROS2_study/build/ros2_test_publisher -- -j32 -l32[0m
[1.298s] [34mcolcon.colcon_core.event_handler.log_command[0m [1;30mDEBUG[0m [32mInvoked command in '/home/jason/Desktop/ROS2_study/build/ros2_test_service' returned '0': CMAKE_PREFIX_PATH=${CMAKE_PREFIX_PATH}:/opt/ros/humble /usr/bin/cmake --build /home/jason/Desktop/ROS2_study/build/ros2_test_service -- -j32 -l32[0m
[1.319s] [34mcolcon.colcon_core.environment[0m [1;30mLevel 1[0m create_environment_scripts_only(ros2_test_subscriber)
[1.332s] [34mcolcon.colcon_core.environment[0m [1;30mLevel 1[0m checking '/home/jason/Desktop/ROS2_study/install/ros2_test_subscriber' for CMake module files
[1.333s] [34mcolcon.colcon_core.environment[0m [1;30mLevel 1[0m checking '/home/jason/Desktop/ROS2_study/install/ros2_test_subscriber' for CMake config files
[1.333s] [34mcolcon.colcon_core.shell[0m [1;30mLevel 1[0m create_environment_hook('ros2_test_subscriber', 'cmake_prefix_path')
[1.339s] [34mcolcon.colcon_core.shell[0m [1;30mINFO[0m Creating environment hook '/home/jason/Desktop/ROS2_study/install/ros2_test_subscriber/share/ros2_test_subscriber/hook/cmake_prefix_path.ps1'
[1.339s] [34mcolcon.colcon_core.shell[0m [1;30mINFO[0m Creating environment descriptor '/home/jason/Desktop/ROS2_study/install/ros2_test_subscriber/share/ros2_test_subscriber/hook/cmake_prefix_path.dsv'
[1.339s] [34mcolcon.colcon_core.shell[0m [1;30mINFO[0m Creating environment hook '/home/jason/Desktop/ROS2_study/install/ros2_test_subscriber/share/ros2_test_subscriber/hook/cmake_prefix_path.sh'
[1.339s] [34mcolcon.colcon_core.environment[0m [1;30mLevel 1[0m checking '/home/jason/Desktop/ROS2_study/install/ros2_test_subscriber/lib'
[1.339s] [34mcolcon.colcon_core.environment[0m [1;30mLevel 1[0m checking '/home/jason/Desktop/ROS2_study/install/ros2_test_subscriber/bin'
[1.340s] [34mcolcon.colcon_core.environment[0m [1;30mLevel 1[0m checking '/home/jason/Desktop/ROS2_study/install/ros2_test_subscriber/lib/pkgconfig/ros2_test_subscriber.pc'
[1.340s] [34mcolcon.colcon_core.environment[0m [1;30mLevel 1[0m checking '/home/jason/Desktop/ROS2_study/install/ros2_test_subscriber/lib/python3.10/site-packages'
[1.340s] [34mcolcon.colcon_core.environment[0m [1;30mLevel 1[0m checking '/home/jason/Desktop/ROS2_study/install/ros2_test_subscriber/bin'
[1.346s] [34mcolcon.colcon_core.shell[0m [1;30mINFO[0m Creating package script '/home/jason/Desktop/ROS2_study/install/ros2_test_subscriber/share/ros2_test_subscriber/package.ps1'
[1.346s] [34mcolcon.colcon_core.shell[0m [1;30mINFO[0m Creating package descriptor '/home/jason/Desktop/ROS2_study/install/ros2_test_subscriber/share/ros2_test_subscriber/package.dsv'
[1.347s] [34mcolcon.colcon_core.shell[0m [1;30mINFO[0m Creating package script '/home/jason/Desktop/ROS2_study/install/ros2_test_subscriber/share/ros2_test_subscriber/package.sh'
[1.347s] [34mcolcon.colcon_core.shell[0m [1;30mINFO[0m Creating package script '/home/jason/Desktop/ROS2_study/install/ros2_test_subscriber/share/ros2_test_subscriber/package.bash'
[1.347s] [34mcolcon.colcon_core.shell[0m [1;30mINFO[0m Creating package script '/home/jason/Desktop/ROS2_study/install/ros2_test_subscriber/share/ros2_test_subscriber/package.zsh'
[1.347s] [34mcolcon.colcon_core.environment[0m [1;30mLevel 1[0m create_file_with_runtime_dependencies(/home/jason/Desktop/ROS2_study/install/ros2_test_subscriber/share/colcon-core/packages/ros2_test_subscriber)
[1.350s] [34mcolcon.colcon_core.event_handler.log_command[0m [1;30mDEBUG[0m [32mInvoking command in '/home/jason/Desktop/ROS2_study/build/ros2_test_service': CMAKE_PREFIX_PATH=${CMAKE_PREFIX_PATH}:/opt/ros/humble /usr/bin/cmake --install /home/jason/Desktop/ROS2_study/build/ros2_test_service[0m
[1.350s] [34mcolcon.colcon_core.event_handler.log_command[0m [1;30mDEBUG[0m [32mInvoking command in '/home/jason/Desktop/ROS2_study/build/ros2_test_publisher': CMAKE_PREFIX_PATH=/home/jason/Desktop/ROS2_study/install/ros2_test_interfaces:/home/jason/Desktop/ROS2_study/install/ros2_test_subscriber:/home/jason/Desktop/ROS2_study/install/ros2_test_service:/home/jason/Desktop/ROS2_study/install/ros2_test_publisher:/home/jason/Desktop/ROS2_study/install/ros2_test_parameters:/home/jason/Desktop/ROS2_study/install/ros2_test_node:/home/jason/Desktop/ROS2_study/install/ros2_test_client:/opt/ros/humble LD_LIBRARY_PATH=/home/jason/Desktop/ROS2_study/install/ros2_test_interfaces/lib:/usr/lib/x86_64-linux-gnu/gazebo-11/plugins:/opt/ros/humble/opt/rviz_ogre_vendor/lib:/opt/ros/humble/lib/x86_64-linux-gnu:/opt/ros/humble/lib:/opt/tdt/openvino/tools/compile_tool:/opt/tdt/openvino/runtime/3rdparty/hddl/lib:/opt/tdt/openvino/runtime/lib/intel64:/opt/tdt/libhikcamera/lib64:/opt/tdt/lib:/usr/local/opencv4.7.0/lib /usr/bin/cmake --install /home/jason/Desktop/ROS2_study/build/ros2_test_publisher[0m
[1.355s] [34mcolcon.colcon_core.environment[0m [1;30mLevel 1[0m create_environment_scripts_only(ros2_test_service)
[1.355s] [34mcolcon.colcon_core.event_handler.log_command[0m [1;30mDEBUG[0m [32mInvoked command in '/home/jason/Desktop/ROS2_study/build/ros2_test_service' returned '0': CMAKE_PREFIX_PATH=${CMAKE_PREFIX_PATH}:/opt/ros/humble /usr/bin/cmake --install /home/jason/Desktop/ROS2_study/build/ros2_test_service[0m
[1.362s] [34mcolcon.colcon_core.environment[0m [1;30mLevel 1[0m checking '/home/jason/Desktop/ROS2_study/install/ros2_test_service' for CMake module files
[1.362s] [34mcolcon.colcon_core.environment[0m [1;30mLevel 1[0m checking '/home/jason/Desktop/ROS2_study/install/ros2_test_service' for CMake config files
[1.362s] [34mcolcon.colcon_core.shell[0m [1;30mLevel 1[0m create_environment_hook('ros2_test_service', 'cmake_prefix_path')
[1.369s] [34mcolcon.colcon_core.shell[0m [1;30mINFO[0m Creating environment hook '/home/jason/Desktop/ROS2_study/install/ros2_test_service/share/ros2_test_service/hook/cmake_prefix_path.ps1'
[1.369s] [34mcolcon.colcon_core.shell[0m [1;30mINFO[0m Creating environment descriptor '/home/jason/Desktop/ROS2_study/install/ros2_test_service/share/ros2_test_service/hook/cmake_prefix_path.dsv'
[1.369s] [34mcolcon.colcon_core.shell[0m [1;30mINFO[0m Creating environment hook '/home/jason/Desktop/ROS2_study/install/ros2_test_service/share/ros2_test_service/hook/cmake_prefix_path.sh'
[1.369s] [34mcolcon.colcon_core.environment[0m [1;30mLevel 1[0m checking '/home/jason/Desktop/ROS2_study/install/ros2_test_service/lib'
[1.369s] [34mcolcon.colcon_core.environment[0m [1;30mLevel 1[0m checking '/home/jason/Desktop/ROS2_study/install/ros2_test_service/bin'
[1.369s] [34mcolcon.colcon_core.environment[0m [1;30mLevel 1[0m checking '/home/jason/Desktop/ROS2_study/install/ros2_test_service/lib/pkgconfig/ros2_test_service.pc'
[1.369s] [34mcolcon.colcon_core.environment[0m [1;30mLevel 1[0m checking '/home/jason/Desktop/ROS2_study/install/ros2_test_service/lib/python3.10/site-packages'
[1.369s] [34mcolcon.colcon_core.environment[0m [1;30mLevel 1[0m checking '/home/jason/Desktop/ROS2_study/install/ros2_test_service/bin'
[1.376s] [34mcolcon.colcon_core.shell[0m [1;30mINFO[0m Creating package script '/home/jason/Desktop/ROS2_study/install/ros2_test_service/share/ros2_test_service/package.ps1'
[1.376s] [34mcolcon.colcon_core.shell[0m [1;30mINFO[0m Creating package descriptor '/home/jason/Desktop/ROS2_study/install/ros2_test_service/share/ros2_test_service/package.dsv'
[1.377s] [34mcolcon.colcon_core.shell[0m [1;30mINFO[0m Creating package script '/home/jason/Desktop/ROS2_study/install/ros2_test_service/share/ros2_test_service/package.sh'
[1.377s] [34mcolcon.colcon_core.shell[0m [1;30mINFO[0m Creating package script '/home/jason/Desktop/ROS2_study/install/ros2_test_service/share/ros2_test_service/package.bash'
[1.377s] [34mcolcon.colcon_core.shell[0m [1;30mINFO[0m Creating package script '/home/jason/Desktop/ROS2_study/install/ros2_test_service/share/ros2_test_service/package.zsh'
[1.377s] [34mcolcon.colcon_core.environment[0m [1;30mLevel 1[0m create_file_with_runtime_dependencies(/home/jason/Desktop/ROS2_study/install/ros2_test_service/share/colcon-core/packages/ros2_test_service)
[1.378s] [34mcolcon.colcon_core.environment[0m [1;30mLevel 1[0m create_environment_scripts_only(ros2_test_publisher)
[1.378s] [34mcolcon.colcon_core.event_handler.log_command[0m [1;30mDEBUG[0m [32mInvoked command in '/home/jason/Desktop/ROS2_study/build/ros2_test_publisher' returned '0': CMAKE_PREFIX_PATH=/home/jason/Desktop/ROS2_study/install/ros2_test_interfaces:/home/jason/Desktop/ROS2_study/install/ros2_test_subscriber:/home/jason/Desktop/ROS2_study/install/ros2_test_service:/home/jason/Desktop/ROS2_study/install/ros2_test_publisher:/home/jason/Desktop/ROS2_study/install/ros2_test_parameters:/home/jason/Desktop/ROS2_study/install/ros2_test_node:/home/jason/Desktop/ROS2_study/install/ros2_test_client:/opt/ros/humble LD_LIBRARY_PATH=/home/jason/Desktop/ROS2_study/install/ros2_test_interfaces/lib:/usr/lib/x86_64-linux-gnu/gazebo-11/plugins:/opt/ros/humble/opt/rviz_ogre_vendor/lib:/opt/ros/humble/lib/x86_64-linux-gnu:/opt/ros/humble/lib:/opt/tdt/openvino/tools/compile_tool:/opt/tdt/openvino/runtime/3rdparty/hddl/lib:/opt/tdt/openvino/runtime/lib/intel64:/opt/tdt/libhikcamera/lib64:/opt/tdt/lib:/usr/local/opencv4.7.0/lib /usr/bin/cmake --install /home/jason/Desktop/ROS2_study/build/ros2_test_publisher[0m
[1.384s] [34mcolcon.colcon_core.environment[0m [1;30mLevel 1[0m checking '/home/jason/Desktop/ROS2_study/install/ros2_test_publisher' for CMake module files
[1.385s] [34mcolcon.colcon_core.environment[0m [1;30mLevel 1[0m checking '/home/jason/Desktop/ROS2_study/install/ros2_test_publisher' for CMake config files
[1.385s] [34mcolcon.colcon_core.shell[0m [1;30mLevel 1[0m create_environment_hook('ros2_test_publisher', 'cmake_prefix_path')
[1.391s] [34mcolcon.colcon_core.shell[0m [1;30mINFO[0m Creating environment hook '/home/jason/Desktop/ROS2_study/install/ros2_test_publisher/share/ros2_test_publisher/hook/cmake_prefix_path.ps1'
[1.392s] [34mcolcon.colcon_core.shell[0m [1;30mINFO[0m Creating environment descriptor '/home/jason/Desktop/ROS2_study/install/ros2_test_publisher/share/ros2_test_publisher/hook/cmake_prefix_path.dsv'
[1.392s] [34mcolcon.colcon_core.shell[0m [1;30mINFO[0m Creating environment hook '/home/jason/Desktop/ROS2_study/install/ros2_test_publisher/share/ros2_test_publisher/hook/cmake_prefix_path.sh'
[1.392s] [34mcolcon.colcon_core.environment[0m [1;30mLevel 1[0m checking '/home/jason/Desktop/ROS2_study/install/ros2_test_publisher/lib'
[1.392s] [34mcolcon.colcon_core.environment[0m [1;30mLevel 1[0m checking '/home/jason/Desktop/ROS2_study/install/ros2_test_publisher/bin'
[1.392s] [34mcolcon.colcon_core.environment[0m [1;30mLevel 1[0m checking '/home/jason/Desktop/ROS2_study/install/ros2_test_publisher/lib/pkgconfig/ros2_test_publisher.pc'
[1.392s] [34mcolcon.colcon_core.environment[0m [1;30mLevel 1[0m checking '/home/jason/Desktop/ROS2_study/install/ros2_test_publisher/lib/python3.10/site-packages'
[1.393s] [34mcolcon.colcon_core.environment[0m [1;30mLevel 1[0m checking '/home/jason/Desktop/ROS2_study/install/ros2_test_publisher/bin'
[1.400s] [34mcolcon.colcon_core.shell[0m [1;30mINFO[0m Creating package script '/home/jason/Desktop/ROS2_study/install/ros2_test_publisher/share/ros2_test_publisher/package.ps1'
[1.400s] [34mcolcon.colcon_core.shell[0m [1;30mINFO[0m Creating package descriptor '/home/jason/Desktop/ROS2_study/install/ros2_test_publisher/share/ros2_test_publisher/package.dsv'
[1.400s] [34mcolcon.colcon_core.shell[0m [1;30mINFO[0m Creating package script '/home/jason/Desktop/ROS2_study/install/ros2_test_publisher/share/ros2_test_publisher/package.sh'
[1.400s] [34mcolcon.colcon_core.shell[0m [1;30mINFO[0m Creating package script '/home/jason/Desktop/ROS2_study/install/ros2_test_publisher/share/ros2_test_publisher/package.bash'
[1.401s] [34mcolcon.colcon_core.shell[0m [1;30mINFO[0m Creating package script '/home/jason/Desktop/ROS2_study/install/ros2_test_publisher/share/ros2_test_publisher/package.zsh'
[1.401s] [34mcolcon.colcon_core.environment[0m [1;30mLevel 1[0m create_file_with_runtime_dependencies(/home/jason/Desktop/ROS2_study/install/ros2_test_publisher/share/colcon-core/packages/ros2_test_publisher)
[1.408s] [34mcolcon.colcon_core.environment[0m [1;30mLevel 1[0m create_environment_scripts_only(ros2_test_service)
[1.415s] [34mcolcon.colcon_core.environment[0m [1;30mLevel 1[0m checking '/home/jason/Desktop/ROS2_study/install/ros2_test_service' for CMake module files
[1.416s] [34mcolcon.colcon_core.environment[0m [1;30mLevel 1[0m checking '/home/jason/Desktop/ROS2_study/install/ros2_test_service' for CMake config files
[1.416s] [34mcolcon.colcon_core.shell[0m [1;30mLevel 1[0m create_environment_hook('ros2_test_service', 'cmake_prefix_path')
[1.422s] [34mcolcon.colcon_core.shell[0m [1;30mINFO[0m Creating environment hook '/home/jason/Desktop/ROS2_study/install/ros2_test_service/share/ros2_test_service/hook/cmake_prefix_path.ps1'
[1.423s] [34mcolcon.colcon_core.shell[0m [1;30mINFO[0m Creating environment descriptor '/home/jason/Desktop/ROS2_study/install/ros2_test_service/share/ros2_test_service/hook/cmake_prefix_path.dsv'
[1.423s] [34mcolcon.colcon_core.shell[0m [1;30mINFO[0m Creating environment hook '/home/jason/Desktop/ROS2_study/install/ros2_test_service/share/ros2_test_service/hook/cmake_prefix_path.sh'
[1.423s] [34mcolcon.colcon_core.environment[0m [1;30mLevel 1[0m checking '/home/jason/Desktop/ROS2_study/install/ros2_test_service/lib'
[1.423s] [34mcolcon.colcon_core.environment[0m [1;30mLevel 1[0m checking '/home/jason/Desktop/ROS2_study/install/ros2_test_service/bin'
[1.423s] [34mcolcon.colcon_core.environment[0m [1;30mLevel 1[0m checking '/home/jason/Desktop/ROS2_study/install/ros2_test_service/lib/pkgconfig/ros2_test_service.pc'
[1.423s] [34mcolcon.colcon_core.environment[0m [1;30mLevel 1[0m checking '/home/jason/Desktop/ROS2_study/install/ros2_test_service/lib/python3.10/site-packages'
[1.423s] [34mcolcon.colcon_core.environment[0m [1;30mLevel 1[0m checking '/home/jason/Desktop/ROS2_study/install/ros2_test_service/bin'
[1.430s] [34mcolcon.colcon_core.shell[0m [1;30mINFO[0m Creating package script '/home/jason/Desktop/ROS2_study/install/ros2_test_service/share/ros2_test_service/package.ps1'
[1.430s] [34mcolcon.colcon_core.shell[0m [1;30mINFO[0m Creating package descriptor '/home/jason/Desktop/ROS2_study/install/ros2_test_service/share/ros2_test_service/package.dsv'
[1.430s] [34mcolcon.colcon_core.shell[0m [1;30mINFO[0m Creating package script '/home/jason/Desktop/ROS2_study/install/ros2_test_service/share/ros2_test_service/package.sh'
[1.430s] [34mcolcon.colcon_core.shell[0m [1;30mINFO[0m Creating package script '/home/jason/Desktop/ROS2_study/install/ros2_test_service/share/ros2_test_service/package.bash'
[1.431s] [34mcolcon.colcon_core.shell[0m [1;30mINFO[0m Creating package script '/home/jason/Desktop/ROS2_study/install/ros2_test_service/share/ros2_test_service/package.zsh'
[1.431s] [34mcolcon.colcon_core.environment[0m [1;30mLevel 1[0m create_file_with_runtime_dependencies(/home/jason/Desktop/ROS2_study/install/ros2_test_service/share/colcon-core/packages/ros2_test_service)
[1.437s] [34mcolcon.colcon_core.environment[0m [1;30mLevel 1[0m create_environment_scripts_only(ros2_test_publisher)
[1.444s] [34mcolcon.colcon_core.environment[0m [1;30mLevel 1[0m checking '/home/jason/Desktop/ROS2_study/install/ros2_test_publisher' for CMake module files
[1.444s] [34mcolcon.colcon_core.environment[0m [1;30mLevel 1[0m checking '/home/jason/Desktop/ROS2_study/install/ros2_test_publisher' for CMake config files
[1.444s] [34mcolcon.colcon_core.shell[0m [1;30mLevel 1[0m create_environment_hook('ros2_test_publisher', 'cmake_prefix_path')
[1.451s] [34mcolcon.colcon_core.shell[0m [1;30mINFO[0m Creating environment hook '/home/jason/Desktop/ROS2_study/install/ros2_test_publisher/share/ros2_test_publisher/hook/cmake_prefix_path.ps1'
[1.451s] [34mcolcon.colcon_core.shell[0m [1;30mINFO[0m Creating environment descriptor '/home/jason/Desktop/ROS2_study/install/ros2_test_publisher/share/ros2_test_publisher/hook/cmake_prefix_path.dsv'
[1.451s] [34mcolcon.colcon_core.shell[0m [1;30mINFO[0m Creating environment hook '/home/jason/Desktop/ROS2_study/install/ros2_test_publisher/share/ros2_test_publisher/hook/cmake_prefix_path.sh'
[1.452s] [34mcolcon.colcon_core.environment[0m [1;30mLevel 1[0m checking '/home/jason/Desktop/ROS2_study/install/ros2_test_publisher/lib'
[1.452s] [34mcolcon.colcon_core.environment[0m [1;30mLevel 1[0m checking '/home/jason/Desktop/ROS2_study/install/ros2_test_publisher/bin'
[1.452s] [34mcolcon.colcon_core.environment[0m [1;30mLevel 1[0m checking '/home/jason/Desktop/ROS2_study/install/ros2_test_publisher/lib/pkgconfig/ros2_test_publisher.pc'
[1.452s] [34mcolcon.colcon_core.environment[0m [1;30mLevel 1[0m checking '/home/jason/Desktop/ROS2_study/install/ros2_test_publisher/lib/python3.10/site-packages'
[1.452s] [34mcolcon.colcon_core.environment[0m [1;30mLevel 1[0m checking '/home/jason/Desktop/ROS2_study/install/ros2_test_publisher/bin'
[1.459s] [34mcolcon.colcon_core.shell[0m [1;30mINFO[0m Creating package script '/home/jason/Desktop/ROS2_study/install/ros2_test_publisher/share/ros2_test_publisher/package.ps1'
[1.459s] [34mcolcon.colcon_core.shell[0m [1;30mINFO[0m Creating package descriptor '/home/jason/Desktop/ROS2_study/install/ros2_test_publisher/share/ros2_test_publisher/package.dsv'
[1.459s] [34mcolcon.colcon_core.shell[0m [1;30mINFO[0m Creating package script '/home/jason/Desktop/ROS2_study/install/ros2_test_publisher/share/ros2_test_publisher/package.sh'
[1.459s] [34mcolcon.colcon_core.shell[0m [1;30mINFO[0m Creating package script '/home/jason/Desktop/ROS2_study/install/ros2_test_publisher/share/ros2_test_publisher/package.bash'
[1.459s] [34mcolcon.colcon_core.shell[0m [1;30mINFO[0m Creating package script '/home/jason/Desktop/ROS2_study/install/ros2_test_publisher/share/ros2_test_publisher/package.zsh'
[1.460s] [34mcolcon.colcon_core.environment[0m [1;30mLevel 1[0m create_file_with_runtime_dependencies(/home/jason/Desktop/ROS2_study/install/ros2_test_publisher/share/colcon-core/packages/ros2_test_publisher)
[1.460s] [34mcolcon.colcon_parallel_executor.executor.parallel[0m [1;30mDEBUG[0m [32mclosing loop[0m
[1.460s] [34mcolcon.colcon_parallel_executor.executor.parallel[0m [1;30mDEBUG[0m [32mloop closed[0m
[1.460s] [34mcolcon.colcon_parallel_executor.executor.parallel[0m [1;30mDEBUG[0m [32mrun_until_complete finished with '0'[0m
[1.460s] [34mcolcon.colcon_core.event_reactor[0m [1;30mDEBUG[0m [32mjoining thread[0m
[1.470s] [34mcolcon.colcon_core.plugin_system[0m [1;30mINFO[0m Skipping extension 'colcon_notification.desktop_notification.terminal_notifier': Not used on non-Darwin systems
[1.470s] [34mcolcon.colcon_core.plugin_system[0m [1;30mINFO[0m Skipping extension 'colcon_notification.desktop_notification.win32': Not used on non-Windows systems
[1.470s] [34mcolcon.colcon_notification.desktop_notification[0m [1;30mINFO[0m Sending desktop notification using 'notify2'
[1.479s] [34mcolcon.colcon_core.event_reactor[0m [1;30mDEBUG[0m [32mjoined thread[0m
[1.486s] [34mcolcon.colcon_core.shell[0m [1;30mINFO[0m Creating prefix script '/home/jason/Desktop/ROS2_study/install/local_setup.ps1'
[1.486s] [34mcolcon.colcon_core.shell[0m [1;30mINFO[0m Creating prefix util module '/home/jason/Desktop/ROS2_study/install/_local_setup_util_ps1.py'
[1.487s] [34mcolcon.colcon_core.shell[0m [1;30mINFO[0m Creating prefix chain script '/home/jason/Desktop/ROS2_study/install/setup.ps1'
[1.494s] [34mcolcon.colcon_core.shell[0m [1;30mINFO[0m Creating prefix script '/home/jason/Desktop/ROS2_study/install/local_setup.sh'
[1.494s] [34mcolcon.colcon_core.shell[0m [1;30mINFO[0m Creating prefix util module '/home/jason/Desktop/ROS2_study/install/_local_setup_util_sh.py'
[1.494s] [34mcolcon.colcon_core.shell[0m [1;30mINFO[0m Creating prefix chain script '/home/jason/Desktop/ROS2_study/install/setup.sh'
[1.502s] [34mcolcon.colcon_core.shell[0m [1;30mINFO[0m Creating prefix script '/home/jason/Desktop/ROS2_study/install/local_setup.bash'
[1.502s] [34mcolcon.colcon_core.shell[0m [1;30mINFO[0m Creating prefix chain script '/home/jason/Desktop/ROS2_study/install/setup.bash'
[1.509s] [34mcolcon.colcon_core.shell[0m [1;30mINFO[0m Creating prefix script '/home/jason/Desktop/ROS2_study/install/local_setup.zsh'
[1.509s] [34mcolcon.colcon_core.shell[0m [1;30mINFO[0m Creating prefix chain script '/home/jason/Desktop/ROS2_study/install/setup.zsh'
