[0.459s] [34mcolcon[0m [1;30mDEBUG[0m [32mCommand line arguments: ['/usr/bin/colcon', 'build', '--packages-select', 'ros2_test_interfaces'][0m
[0.459s] [34mcolcon[0m [1;30mDEBUG[0m [32mParsed command line arguments: Namespace(log_base=None, log_level=None, verb_name='build', build_base='build', install_base='install', merge_install=False, symlink_install=False, test_result_base=None, continue_on_error=False, executor='parallel', parallel_workers=32, event_handlers=None, ignore_user_meta=False, metas=['./colcon.meta'], base_paths=['.'], packages_ignore=None, packages_ignore_regex=None, paths=None, packages_up_to=None, packages_up_to_regex=None, packages_above=None, packages_above_and_dependencies=None, packages_above_depth=None, packages_select_by_dep=None, packages_skip_by_dep=None, packages_skip_up_to=None, packages_select_build_failed=False, packages_skip_build_finished=False, packages_select_test_failures=False, packages_skip_test_passed=False, packages_select=['ros2_test_interfaces'], packages_skip=None, packages_select_regex=None, packages_skip_regex=None, packages_start=None, packages_end=None, allow_overriding=[], cmake_args=None, cmake_target=None, cmake_target_skip_unavailable=False, cmake_clean_cache=False, cmake_clean_first=False, cmake_force_configure=False, ament_cmake_args=None, catkin_cmake_args=None, catkin_skip_building_tests=False, verb_parser=<colcon_defaults.argument_parser.defaults.DefaultArgumentsDecorator object at 0x7fe9f8381840>, verb_extension=<colcon_core.verb.build.BuildVerb object at 0x7fe9f83837f0>, main=<bound method BuildVerb.main of <colcon_core.verb.build.BuildVerb object at 0x7fe9f83837f0>>)[0m
[0.477s] [34mcolcon.colcon_core.package_discovery[0m [1;30mLevel 1[0m discover_packages(colcon_meta) check parameters
[0.477s] [34mcolcon.colcon_core.package_discovery[0m [1;30mLevel 1[0m discover_packages(recursive) check parameters
[0.477s] [34mcolcon.colcon_core.package_discovery[0m [1;30mLevel 1[0m discover_packages(ignore) check parameters
[0.477s] [34mcolcon.colcon_core.package_discovery[0m [1;30mLevel 1[0m discover_packages(path) check parameters
[0.477s] [34mcolcon.colcon_core.package_discovery[0m [1;30mLevel 1[0m discover_packages(colcon_meta) discover
[0.477s] [34mcolcon.colcon_core.package_discovery[0m [1;30mLevel 1[0m discover_packages(recursive) discover
[0.477s] [34mcolcon.colcon_core.package_discovery[0m [1;30mINFO[0m Crawling recursively for packages in '/home/jason/Desktop/ROS2_study'
[0.477s] [34mcolcon.colcon_core.package_identification[0m [1;30mLevel 1[0m _identify(.) by extensions ['ignore', 'ignore_ament_install']
[0.477s] [34mcolcon.colcon_core.package_identification[0m [1;30mLevel 1[0m _identify(.) by extension 'ignore'
[0.477s] [34mcolcon.colcon_core.package_identification[0m [1;30mLevel 1[0m _identify(.) by extension 'ignore_ament_install'
[0.477s] [34mcolcon.colcon_core.package_identification[0m [1;30mLevel 1[0m _identify(.) by extensions ['colcon_pkg']
[0.477s] [34mcolcon.colcon_core.package_identification[0m [1;30mLevel 1[0m _identify(.) by extension 'colcon_pkg'
[0.477s] [34mcolcon.colcon_core.package_identification[0m [1;30mLevel 1[0m _identify(.) by extensions ['colcon_meta']
[0.477s] [34mcolcon.colcon_core.package_identification[0m [1;30mLevel 1[0m _identify(.) by extension 'colcon_meta'
[0.477s] [34mcolcon.colcon_core.package_identification[0m [1;30mLevel 1[0m _identify(.) by extensions ['ros']
[0.477s] [34mcolcon.colcon_core.package_identification[0m [1;30mLevel 1[0m _identify(.) by extension 'ros'
[0.482s] [34mcolcon.colcon_core.package_identification[0m [1;30mLevel 1[0m _identify(.) by extensions ['cmake', 'python']
[0.482s] [34mcolcon.colcon_core.package_identification[0m [1;30mLevel 1[0m _identify(.) by extension 'cmake'
[0.482s] [34mcolcon.colcon_core.package_identification[0m [1;30mLevel 1[0m _identify(.) by extension 'python'
[0.482s] [34mcolcon.colcon_core.package_identification[0m [1;30mLevel 1[0m _identify(.) by extensions ['python_setup_py']
[0.482s] [34mcolcon.colcon_core.package_identification[0m [1;30mLevel 1[0m _identify(.) by extension 'python_setup_py'
[0.482s] [34mcolcon.colcon_core.package_identification[0m [1;30mLevel 1[0m _identify(build) by extensions ['ignore', 'ignore_ament_install']
[0.482s] [34mcolcon.colcon_core.package_identification[0m [1;30mLevel 1[0m _identify(build) by extension 'ignore'
[0.482s] [34mcolcon.colcon_core.package_identification[0m [1;30mLevel 1[0m _identify(build) ignored
[0.483s] [34mcolcon.colcon_core.package_identification[0m [1;30mLevel 1[0m _identify(install) by extensions ['ignore', 'ignore_ament_install']
[0.483s] [34mcolcon.colcon_core.package_identification[0m [1;30mLevel 1[0m _identify(install) by extension 'ignore'
[0.483s] [34mcolcon.colcon_core.package_identification[0m [1;30mLevel 1[0m _identify(install) ignored
[0.483s] [34mcolcon.colcon_core.package_identification[0m [1;30mLevel 1[0m _identify(interfaces) by extensions ['ignore', 'ignore_ament_install']
[0.483s] [34mcolcon.colcon_core.package_identification[0m [1;30mLevel 1[0m _identify(interfaces) by extension 'ignore'
[0.483s] [34mcolcon.colcon_core.package_identification[0m [1;30mLevel 1[0m _identify(interfaces) by extension 'ignore_ament_install'
[0.483s] [34mcolcon.colcon_core.package_identification[0m [1;30mLevel 1[0m _identify(interfaces) by extensions ['colcon_pkg']
[0.483s] [34mcolcon.colcon_core.package_identification[0m [1;30mLevel 1[0m _identify(interfaces) by extension 'colcon_pkg'
[0.483s] [34mcolcon.colcon_core.package_identification[0m [1;30mLevel 1[0m _identify(interfaces) by extensions ['colcon_meta']
[0.483s] [34mcolcon.colcon_core.package_identification[0m [1;30mLevel 1[0m _identify(interfaces) by extension 'colcon_meta'
[0.483s] [34mcolcon.colcon_core.package_identification[0m [1;30mLevel 1[0m _identify(interfaces) by extensions ['ros']
[0.483s] [34mcolcon.colcon_core.package_identification[0m [1;30mLevel 1[0m _identify(interfaces) by extension 'ros'
[0.483s] [34mcolcon.colcon_core.package_identification[0m [1;30mLevel 1[0m _identify(interfaces) by extensions ['cmake', 'python']
[0.483s] [34mcolcon.colcon_core.package_identification[0m [1;30mLevel 1[0m _identify(interfaces) by extension 'cmake'
[0.483s] [34mcolcon.colcon_core.package_identification[0m [1;30mLevel 1[0m _identify(interfaces) by extension 'python'
[0.483s] [34mcolcon.colcon_core.package_identification[0m [1;30mLevel 1[0m _identify(interfaces) by extensions ['python_setup_py']
[0.483s] [34mcolcon.colcon_core.package_identification[0m [1;30mLevel 1[0m _identify(interfaces) by extension 'python_setup_py'
[0.483s] [34mcolcon.colcon_core.package_identification[0m [1;30mLevel 1[0m _identify(interfaces/ros2_test_interfaces) by extensions ['ignore', 'ignore_ament_install']
[0.483s] [34mcolcon.colcon_core.package_identification[0m [1;30mLevel 1[0m _identify(interfaces/ros2_test_interfaces) by extension 'ignore'
[0.483s] [34mcolcon.colcon_core.package_identification[0m [1;30mLevel 1[0m _identify(interfaces/ros2_test_interfaces) by extension 'ignore_ament_install'
[0.483s] [34mcolcon.colcon_core.package_identification[0m [1;30mLevel 1[0m _identify(interfaces/ros2_test_interfaces) by extensions ['colcon_pkg']
[0.483s] [34mcolcon.colcon_core.package_identification[0m [1;30mLevel 1[0m _identify(interfaces/ros2_test_interfaces) by extension 'colcon_pkg'
[0.483s] [34mcolcon.colcon_core.package_identification[0m [1;30mLevel 1[0m _identify(interfaces/ros2_test_interfaces) by extensions ['colcon_meta']
[0.483s] [34mcolcon.colcon_core.package_identification[0m [1;30mLevel 1[0m _identify(interfaces/ros2_test_interfaces) by extension 'colcon_meta'
[0.483s] [34mcolcon.colcon_core.package_identification[0m [1;30mLevel 1[0m _identify(interfaces/ros2_test_interfaces) by extensions ['ros']
[0.483s] [34mcolcon.colcon_core.package_identification[0m [1;30mLevel 1[0m _identify(interfaces/ros2_test_interfaces) by extension 'ros'
[0.484s] [34mcolcon.colcon_core.package_identification[0m [1;30mDEBUG[0m [32mPackage 'interfaces/ros2_test_interfaces' with type 'ros.ament_cmake' and name 'ros2_test_interfaces'[0m
[0.484s] [34mcolcon.colcon_core.package_identification[0m [1;30mLevel 1[0m _identify(log) by extensions ['ignore', 'ignore_ament_install']
[0.484s] [34mcolcon.colcon_core.package_identification[0m [1;30mLevel 1[0m _identify(log) by extension 'ignore'
[0.484s] [34mcolcon.colcon_core.package_identification[0m [1;30mLevel 1[0m _identify(log) ignored
[0.484s] [34mcolcon.colcon_core.package_identification[0m [1;30mLevel 1[0m _identify(src) by extensions ['ignore', 'ignore_ament_install']
[0.484s] [34mcolcon.colcon_core.package_identification[0m [1;30mLevel 1[0m _identify(src) by extension 'ignore'
[0.484s] [34mcolcon.colcon_core.package_identification[0m [1;30mLevel 1[0m _identify(src) by extension 'ignore_ament_install'
[0.484s] [34mcolcon.colcon_core.package_identification[0m [1;30mLevel 1[0m _identify(src) by extensions ['colcon_pkg']
[0.484s] [34mcolcon.colcon_core.package_identification[0m [1;30mLevel 1[0m _identify(src) by extension 'colcon_pkg'
[0.485s] [34mcolcon.colcon_core.package_identification[0m [1;30mLevel 1[0m _identify(src) by extensions ['colcon_meta']
[0.485s] [34mcolcon.colcon_core.package_identification[0m [1;30mLevel 1[0m _identify(src) by extension 'colcon_meta'
[0.485s] [34mcolcon.colcon_core.package_identification[0m [1;30mLevel 1[0m _identify(src) by extensions ['ros']
[0.485s] [34mcolcon.colcon_core.package_identification[0m [1;30mLevel 1[0m _identify(src) by extension 'ros'
[0.485s] [34mcolcon.colcon_core.package_identification[0m [1;30mLevel 1[0m _identify(src) by extensions ['cmake', 'python']
[0.485s] [34mcolcon.colcon_core.package_identification[0m [1;30mLevel 1[0m _identify(src) by extension 'cmake'
[0.485s] [34mcolcon.colcon_core.package_identification[0m [1;30mLevel 1[0m _identify(src) by extension 'python'
[0.485s] [34mcolcon.colcon_core.package_identification[0m [1;30mLevel 1[0m _identify(src) by extensions ['python_setup_py']
[0.485s] [34mcolcon.colcon_core.package_identification[0m [1;30mLevel 1[0m _identify(src) by extension 'python_setup_py'
[0.485s] [34mcolcon.colcon_core.package_identification[0m [1;30mLevel 1[0m _identify(src/ros2_test_node) by extensions ['ignore', 'ignore_ament_install']
[0.485s] [34mcolcon.colcon_core.package_identification[0m [1;30mLevel 1[0m _identify(src/ros2_test_node) by extension 'ignore'
[0.485s] [34mcolcon.colcon_core.package_identification[0m [1;30mLevel 1[0m _identify(src/ros2_test_node) by extension 'ignore_ament_install'
[0.485s] [34mcolcon.colcon_core.package_identification[0m [1;30mLevel 1[0m _identify(src/ros2_test_node) by extensions ['colcon_pkg']
[0.485s] [34mcolcon.colcon_core.package_identification[0m [1;30mLevel 1[0m _identify(src/ros2_test_node) by extension 'colcon_pkg'
[0.485s] [34mcolcon.colcon_core.package_identification[0m [1;30mLevel 1[0m _identify(src/ros2_test_node) by extensions ['colcon_meta']
[0.485s] [34mcolcon.colcon_core.package_identification[0m [1;30mLevel 1[0m _identify(src/ros2_test_node) by extension 'colcon_meta'
[0.485s] [34mcolcon.colcon_core.package_identification[0m [1;30mLevel 1[0m _identify(src/ros2_test_node) by extensions ['ros']
[0.485s] [34mcolcon.colcon_core.package_identification[0m [1;30mLevel 1[0m _identify(src/ros2_test_node) by extension 'ros'
[0.485s] [34mcolcon.colcon_core.package_identification[0m [1;30mDEBUG[0m [32mPackage 'src/ros2_test_node' with type 'ros.ament_cmake' and name 'ros2_test_node'[0m
[0.485s] [34mcolcon.colcon_core.package_identification[0m [1;30mLevel 1[0m _identify(src/ros2_test_publisher) by extensions ['ignore', 'ignore_ament_install']
[0.485s] [34mcolcon.colcon_core.package_identification[0m [1;30mLevel 1[0m _identify(src/ros2_test_publisher) by extension 'ignore'
[0.485s] [34mcolcon.colcon_core.package_identification[0m [1;30mLevel 1[0m _identify(src/ros2_test_publisher) by extension 'ignore_ament_install'
[0.485s] [34mcolcon.colcon_core.package_identification[0m [1;30mLevel 1[0m _identify(src/ros2_test_publisher) by extensions ['colcon_pkg']
[0.485s] [34mcolcon.colcon_core.package_identification[0m [1;30mLevel 1[0m _identify(src/ros2_test_publisher) by extension 'colcon_pkg'
[0.485s] [34mcolcon.colcon_core.package_identification[0m [1;30mLevel 1[0m _identify(src/ros2_test_publisher) by extensions ['colcon_meta']
[0.485s] [34mcolcon.colcon_core.package_identification[0m [1;30mLevel 1[0m _identify(src/ros2_test_publisher) by extension 'colcon_meta'
[0.485s] [34mcolcon.colcon_core.package_identification[0m [1;30mLevel 1[0m _identify(src/ros2_test_publisher) by extensions ['ros']
[0.485s] [34mcolcon.colcon_core.package_identification[0m [1;30mLevel 1[0m _identify(src/ros2_test_publisher) by extension 'ros'
[0.486s] [34mcolcon.colcon_core.package_identification[0m [1;30mDEBUG[0m [32mPackage 'src/ros2_test_publisher' with type 'ros.ament_cmake' and name 'ros2_test_publisher'[0m
[0.486s] [34mcolcon.colcon_core.package_identification[0m [1;30mLevel 1[0m _identify(src/ros2_test_subscriber) by extensions ['ignore', 'ignore_ament_install']
[0.486s] [34mcolcon.colcon_core.package_identification[0m [1;30mLevel 1[0m _identify(src/ros2_test_subscriber) by extension 'ignore'
[0.486s] [34mcolcon.colcon_core.package_identification[0m [1;30mLevel 1[0m _identify(src/ros2_test_subscriber) by extension 'ignore_ament_install'
[0.486s] [34mcolcon.colcon_core.package_identification[0m [1;30mLevel 1[0m _identify(src/ros2_test_subscriber) by extensions ['colcon_pkg']
[0.486s] [34mcolcon.colcon_core.package_identification[0m [1;30mLevel 1[0m _identify(src/ros2_test_subscriber) by extension 'colcon_pkg'
[0.486s] [34mcolcon.colcon_core.package_identification[0m [1;30mLevel 1[0m _identify(src/ros2_test_subscriber) by extensions ['colcon_meta']
[0.486s] [34mcolcon.colcon_core.package_identification[0m [1;30mLevel 1[0m _identify(src/ros2_test_subscriber) by extension 'colcon_meta'
[0.486s] [34mcolcon.colcon_core.package_identification[0m [1;30mLevel 1[0m _identify(src/ros2_test_subscriber) by extensions ['ros']
[0.486s] [34mcolcon.colcon_core.package_identification[0m [1;30mLevel 1[0m _identify(src/ros2_test_subscriber) by extension 'ros'
[0.486s] [34mcolcon.colcon_core.package_identification[0m [1;30mDEBUG[0m [32mPackage 'src/ros2_test_subscriber' with type 'ros.ament_cmake' and name 'ros2_test_subscriber'[0m
[0.486s] [34mcolcon.colcon_core.package_discovery[0m [1;30mLevel 1[0m discover_packages(recursive) using defaults
[0.486s] [34mcolcon.colcon_core.package_discovery[0m [1;30mLevel 1[0m discover_packages(ignore) discover
[0.486s] [34mcolcon.colcon_core.package_discovery[0m [1;30mLevel 1[0m discover_packages(ignore) using defaults
[0.486s] [34mcolcon.colcon_core.package_discovery[0m [1;30mLevel 1[0m discover_packages(path) discover
[0.486s] [34mcolcon.colcon_core.package_discovery[0m [1;30mLevel 1[0m discover_packages(path) using defaults
[0.507s] [34mcolcon.colcon_core.package_selection[0m [1;30mINFO[0m Skipping not selected package 'ros2_test_node' in 'src/ros2_test_node'
[0.507s] [34mcolcon.colcon_core.package_selection[0m [1;30mINFO[0m Skipping not selected package 'ros2_test_publisher' in 'src/ros2_test_publisher'
[0.507s] [34mcolcon.colcon_core.package_selection[0m [1;30mINFO[0m Skipping not selected package 'ros2_test_subscriber' in 'src/ros2_test_subscriber'
[0.516s] [34mcolcon.colcon_core.package_discovery[0m [1;30mLevel 1[0m discover_packages(prefix_path) check parameters
[0.516s] [34mcolcon.colcon_core.package_discovery[0m [1;30mLevel 1[0m discover_packages(prefix_path) discover
[0.527s] [34mcolcon.colcon_installed_package_information.package_discovery[0m [1;30mDEBUG[0m [32mFound 270 installed packages in /opt/ros/humble[0m
[0.527s] [34mcolcon.colcon_core.package_discovery[0m [1;30mLevel 1[0m discover_packages(prefix_path) using defaults
[0.561s] [34mcolcon.colcon_core.verb[0m [1;30mLevel 5[0m set package 'ros2_test_interfaces' build argument 'cmake_args' from command line to 'None'
[0.561s] [34mcolcon.colcon_core.verb[0m [1;30mLevel 5[0m set package 'ros2_test_interfaces' build argument 'cmake_target' from command line to 'None'
[0.561s] [34mcolcon.colcon_core.verb[0m [1;30mLevel 5[0m set package 'ros2_test_interfaces' build argument 'cmake_target_skip_unavailable' from command line to 'False'
[0.561s] [34mcolcon.colcon_core.verb[0m [1;30mLevel 5[0m set package 'ros2_test_interfaces' build argument 'cmake_clean_cache' from command line to 'False'
[0.561s] [34mcolcon.colcon_core.verb[0m [1;30mLevel 5[0m set package 'ros2_test_interfaces' build argument 'cmake_clean_first' from command line to 'False'
[0.561s] [34mcolcon.colcon_core.verb[0m [1;30mLevel 5[0m set package 'ros2_test_interfaces' build argument 'cmake_force_configure' from command line to 'False'
[0.561s] [34mcolcon.colcon_core.verb[0m [1;30mLevel 5[0m set package 'ros2_test_interfaces' build argument 'ament_cmake_args' from command line to 'None'
[0.561s] [34mcolcon.colcon_core.verb[0m [1;30mLevel 5[0m set package 'ros2_test_interfaces' build argument 'catkin_cmake_args' from command line to 'None'
[0.562s] [34mcolcon.colcon_core.verb[0m [1;30mLevel 5[0m set package 'ros2_test_interfaces' build argument 'catkin_skip_building_tests' from command line to 'False'
[0.562s] [34mcolcon.colcon_core.verb[0m [1;30mDEBUG[0m [32mBuilding package 'ros2_test_interfaces' with the following arguments: {'ament_cmake_args': None, 'build_base': '/home/jason/Desktop/ROS2_study/build/ros2_test_interfaces', 'catkin_cmake_args': None, 'catkin_skip_building_tests': False, 'cmake_args': None, 'cmake_clean_cache': False, 'cmake_clean_first': False, 'cmake_force_configure': False, 'cmake_target': None, 'cmake_target_skip_unavailable': False, 'install_base': '/home/jason/Desktop/ROS2_study/install/ros2_test_interfaces', 'merge_install': False, 'path': '/home/jason/Desktop/ROS2_study/interfaces/ros2_test_interfaces', 'symlink_install': False, 'test_result_base': None}[0m
[0.566s] [34mcolcon.colcon_core.executor[0m [1;30mINFO[0m Executing jobs using 'parallel' executor
[0.571s] [34mcolcon.colcon_parallel_executor.executor.parallel[0m [1;30mDEBUG[0m [32mrun_until_complete[0m
[0.572s] [34mcolcon.colcon_ros.task.ament_cmake.build[0m [1;30mINFO[0m Building ROS package in '/home/jason/Desktop/ROS2_study/interfaces/ros2_test_interfaces' with build type 'ament_cmake'
[0.572s] [34mcolcon.colcon_cmake.task.cmake.build[0m [1;30mINFO[0m Building CMake package in '/home/jason/Desktop/ROS2_study/interfaces/ros2_test_interfaces'
[0.578s] [34mcolcon.colcon_core.plugin_system[0m [1;30mINFO[0m Skipping extension 'colcon_core.shell.bat': Not used on non-Windows systems
[0.578s] [34mcolcon.colcon_core.shell[0m [1;30mINFO[0m Skip shell extension 'powershell' for command environment: Not usable outside of PowerShell
[0.578s] [34mcolcon.colcon_core.shell[0m [1;30mDEBUG[0m [32mSkip shell extension 'dsv' for command environment[0m
[0.593s] [34mcolcon.colcon_core.event_handler.log_command[0m [1;30mDEBUG[0m [32mInvoking command in '/home/jason/Desktop/ROS2_study/build/ros2_test_interfaces': CMAKE_PREFIX_PATH=/opt/ros/humble /usr/bin/cmake --build /home/jason/Desktop/ROS2_study/build/ros2_test_interfaces -- -j32 -l32[0m
[0.628s] [34mcolcon.colcon_core.event_handler.log_command[0m [1;30mDEBUG[0m [32mInvoked command in '/home/jason/Desktop/ROS2_study/build/ros2_test_interfaces' returned '0': CMAKE_PREFIX_PATH=/opt/ros/humble /usr/bin/cmake --build /home/jason/Desktop/ROS2_study/build/ros2_test_interfaces -- -j32 -l32[0m
[0.669s] [34mcolcon.colcon_core.event_handler.log_command[0m [1;30mDEBUG[0m [32mInvoking command in '/home/jason/Desktop/ROS2_study/build/ros2_test_interfaces': CMAKE_PREFIX_PATH=/opt/ros/humble /usr/bin/cmake --install /home/jason/Desktop/ROS2_study/build/ros2_test_interfaces[0m
[0.678s] [34mcolcon.colcon_core.environment[0m [1;30mLevel 1[0m create_environment_scripts_only(ros2_test_interfaces)
[0.679s] [34mcolcon.colcon_core.event_handler.log_command[0m [1;30mDEBUG[0m [32mInvoked command in '/home/jason/Desktop/ROS2_study/build/ros2_test_interfaces' returned '0': CMAKE_PREFIX_PATH=/opt/ros/humble /usr/bin/cmake --install /home/jason/Desktop/ROS2_study/build/ros2_test_interfaces[0m
[0.697s] [34mcolcon.colcon_core.environment[0m [1;30mLevel 1[0m checking '/home/jason/Desktop/ROS2_study/install/ros2_test_interfaces' for CMake module files
[0.698s] [34mcolcon.colcon_core.environment[0m [1;30mLevel 1[0m checking '/home/jason/Desktop/ROS2_study/install/ros2_test_interfaces' for CMake config files
[0.698s] [34mcolcon.colcon_core.shell[0m [1;30mLevel 1[0m create_environment_hook('ros2_test_interfaces', 'cmake_prefix_path')
[0.719s] [34mcolcon.colcon_core.shell[0m [1;30mINFO[0m Creating environment hook '/home/jason/Desktop/ROS2_study/install/ros2_test_interfaces/share/ros2_test_interfaces/hook/cmake_prefix_path.ps1'
[0.720s] [34mcolcon.colcon_core.shell[0m [1;30mINFO[0m Creating environment descriptor '/home/jason/Desktop/ROS2_study/install/ros2_test_interfaces/share/ros2_test_interfaces/hook/cmake_prefix_path.dsv'
[0.721s] [34mcolcon.colcon_core.shell[0m [1;30mINFO[0m Creating environment hook '/home/jason/Desktop/ROS2_study/install/ros2_test_interfaces/share/ros2_test_interfaces/hook/cmake_prefix_path.sh'
[0.722s] [34mcolcon.colcon_core.environment[0m [1;30mLevel 1[0m checking '/home/jason/Desktop/ROS2_study/install/ros2_test_interfaces/bin'
[0.722s] [34mcolcon.colcon_core.environment[0m [1;30mLevel 1[0m checking '/home/jason/Desktop/ROS2_study/install/ros2_test_interfaces/lib/pkgconfig/ros2_test_interfaces.pc'
[0.722s] [34mcolcon.colcon_core.environment[0m [1;30mLevel 1[0m checking '/home/jason/Desktop/ROS2_study/install/ros2_test_interfaces/lib/python3.10/site-packages'
[0.723s] [34mcolcon.colcon_core.environment[0m [1;30mLevel 1[0m checking '/home/jason/Desktop/ROS2_study/install/ros2_test_interfaces/bin'
[0.738s] [34mcolcon.colcon_core.shell[0m [1;30mINFO[0m Creating package script '/home/jason/Desktop/ROS2_study/install/ros2_test_interfaces/share/ros2_test_interfaces/package.ps1'
[0.740s] [34mcolcon.colcon_core.shell[0m [1;30mINFO[0m Creating package descriptor '/home/jason/Desktop/ROS2_study/install/ros2_test_interfaces/share/ros2_test_interfaces/package.dsv'
[0.740s] [34mcolcon.colcon_core.shell[0m [1;30mINFO[0m Creating package script '/home/jason/Desktop/ROS2_study/install/ros2_test_interfaces/share/ros2_test_interfaces/package.sh'
[0.741s] [34mcolcon.colcon_core.shell[0m [1;30mINFO[0m Creating package script '/home/jason/Desktop/ROS2_study/install/ros2_test_interfaces/share/ros2_test_interfaces/package.bash'
[0.742s] [34mcolcon.colcon_core.shell[0m [1;30mINFO[0m Creating package script '/home/jason/Desktop/ROS2_study/install/ros2_test_interfaces/share/ros2_test_interfaces/package.zsh'
[0.742s] [34mcolcon.colcon_core.environment[0m [1;30mLevel 1[0m create_file_with_runtime_dependencies(/home/jason/Desktop/ROS2_study/install/ros2_test_interfaces/share/colcon-core/packages/ros2_test_interfaces)
[0.785s] [34mcolcon.colcon_core.environment[0m [1;30mLevel 1[0m create_environment_scripts_only(ros2_test_interfaces)
[0.806s] [34mcolcon.colcon_core.environment[0m [1;30mLevel 1[0m checking '/home/jason/Desktop/ROS2_study/install/ros2_test_interfaces' for CMake module files
[0.806s] [34mcolcon.colcon_core.environment[0m [1;30mLevel 1[0m checking '/home/jason/Desktop/ROS2_study/install/ros2_test_interfaces' for CMake config files
[0.807s] [34mcolcon.colcon_core.shell[0m [1;30mLevel 1[0m create_environment_hook('ros2_test_interfaces', 'cmake_prefix_path')
[0.823s] [34mcolcon.colcon_core.shell[0m [1;30mINFO[0m Creating environment hook '/home/jason/Desktop/ROS2_study/install/ros2_test_interfaces/share/ros2_test_interfaces/hook/cmake_prefix_path.ps1'
[0.824s] [34mcolcon.colcon_core.shell[0m [1;30mINFO[0m Creating environment descriptor '/home/jason/Desktop/ROS2_study/install/ros2_test_interfaces/share/ros2_test_interfaces/hook/cmake_prefix_path.dsv'
[0.824s] [34mcolcon.colcon_core.shell[0m [1;30mINFO[0m Creating environment hook '/home/jason/Desktop/ROS2_study/install/ros2_test_interfaces/share/ros2_test_interfaces/hook/cmake_prefix_path.sh'
[0.825s] [34mcolcon.colcon_core.environment[0m [1;30mLevel 1[0m checking '/home/jason/Desktop/ROS2_study/install/ros2_test_interfaces/bin'
[0.825s] [34mcolcon.colcon_core.environment[0m [1;30mLevel 1[0m checking '/home/jason/Desktop/ROS2_study/install/ros2_test_interfaces/lib/pkgconfig/ros2_test_interfaces.pc'
[0.825s] [34mcolcon.colcon_core.environment[0m [1;30mLevel 1[0m checking '/home/jason/Desktop/ROS2_study/install/ros2_test_interfaces/lib/python3.10/site-packages'
[0.825s] [34mcolcon.colcon_core.environment[0m [1;30mLevel 1[0m checking '/home/jason/Desktop/ROS2_study/install/ros2_test_interfaces/bin'
[0.841s] [34mcolcon.colcon_core.shell[0m [1;30mINFO[0m Creating package script '/home/jason/Desktop/ROS2_study/install/ros2_test_interfaces/share/ros2_test_interfaces/package.ps1'
[0.841s] [34mcolcon.colcon_core.shell[0m [1;30mINFO[0m Creating package descriptor '/home/jason/Desktop/ROS2_study/install/ros2_test_interfaces/share/ros2_test_interfaces/package.dsv'
[0.842s] [34mcolcon.colcon_core.shell[0m [1;30mINFO[0m Creating package script '/home/jason/Desktop/ROS2_study/install/ros2_test_interfaces/share/ros2_test_interfaces/package.sh'
[0.842s] [34mcolcon.colcon_core.shell[0m [1;30mINFO[0m Creating package script '/home/jason/Desktop/ROS2_study/install/ros2_test_interfaces/share/ros2_test_interfaces/package.bash'
[0.843s] [34mcolcon.colcon_core.shell[0m [1;30mINFO[0m Creating package script '/home/jason/Desktop/ROS2_study/install/ros2_test_interfaces/share/ros2_test_interfaces/package.zsh'
[0.843s] [34mcolcon.colcon_core.environment[0m [1;30mLevel 1[0m create_file_with_runtime_dependencies(/home/jason/Desktop/ROS2_study/install/ros2_test_interfaces/share/colcon-core/packages/ros2_test_interfaces)
[0.843s] [34mcolcon.colcon_parallel_executor.executor.parallel[0m [1;30mDEBUG[0m [32mclosing loop[0m
[0.844s] [34mcolcon.colcon_parallel_executor.executor.parallel[0m [1;30mDEBUG[0m [32mloop closed[0m
[0.844s] [34mcolcon.colcon_parallel_executor.executor.parallel[0m [1;30mDEBUG[0m [32mrun_until_complete finished with '0'[0m
[0.845s] [34mcolcon.colcon_core.event_reactor[0m [1;30mDEBUG[0m [32mjoining thread[0m
[0.865s] [34mcolcon.colcon_core.plugin_system[0m [1;30mINFO[0m Skipping extension 'colcon_notification.desktop_notification.terminal_notifier': Not used on non-Darwin systems
[0.865s] [34mcolcon.colcon_core.plugin_system[0m [1;30mINFO[0m Skipping extension 'colcon_notification.desktop_notification.win32': Not used on non-Windows systems
[0.865s] [34mcolcon.colcon_notification.desktop_notification[0m [1;30mINFO[0m Sending desktop notification using 'notify2'
[0.882s] [34mcolcon.colcon_core.event_reactor[0m [1;30mDEBUG[0m [32mjoined thread[0m
[0.904s] [34mcolcon.colcon_core.shell[0m [1;30mINFO[0m Creating prefix script '/home/jason/Desktop/ROS2_study/install/local_setup.ps1'
[0.905s] [34mcolcon.colcon_core.shell[0m [1;30mINFO[0m Creating prefix util module '/home/jason/Desktop/ROS2_study/install/_local_setup_util_ps1.py'
[0.907s] [34mcolcon.colcon_core.shell[0m [1;30mINFO[0m Creating prefix chain script '/home/jason/Desktop/ROS2_study/install/setup.ps1'
[0.944s] [34mcolcon.colcon_core.shell[0m [1;30mINFO[0m Creating prefix script '/home/jason/Desktop/ROS2_study/install/local_setup.sh'
[0.944s] [34mcolcon.colcon_core.shell[0m [1;30mINFO[0m Creating prefix util module '/home/jason/Desktop/ROS2_study/install/_local_setup_util_sh.py'
[0.945s] [34mcolcon.colcon_core.shell[0m [1;30mINFO[0m Creating prefix chain script '/home/jason/Desktop/ROS2_study/install/setup.sh'
[0.963s] [34mcolcon.colcon_core.shell[0m [1;30mINFO[0m Creating prefix script '/home/jason/Desktop/ROS2_study/install/local_setup.bash'
[0.964s] [34mcolcon.colcon_core.shell[0m [1;30mINFO[0m Creating prefix chain script '/home/jason/Desktop/ROS2_study/install/setup.bash'
[0.983s] [34mcolcon.colcon_core.shell[0m [1;30mINFO[0m Creating prefix script '/home/jason/Desktop/ROS2_study/install/local_setup.zsh'
[0.983s] [34mcolcon.colcon_core.shell[0m [1;30mINFO[0m Creating prefix chain script '/home/jason/Desktop/ROS2_study/install/setup.zsh'
